

================================================================
== Vitis HLS Report for 'eucDistHW'
================================================================
* Date:           Sun Mar 13 22:26:15 2022

* Version:        2021.1 (Build 3247384 on Thu Jun 10 19:36:33 MDT 2021)
* Project:        EucHLS
* Solution:       solution1 (Vivado IP Flow Target)
* Product family: artix7
* Target device:  xc7a12ti-csg325-1L


================================================================
== Performance Estimates
================================================================
+ Timing: 
    * Summary: 
    +--------+----------+----------+------------+
    |  Clock |  Target  | Estimated| Uncertainty|
    +--------+----------+----------+------------+
    |ap_clk  |  10.00 ns|  7.207 ns|     2.70 ns|
    +--------+----------+----------+------------+

+ Latency: 
    * Summary: 
    +---------+---------+----------+----------+-----+-----+---------+
    |  Latency (cycles) |  Latency (absolute) |  Interval | Pipeline|
    |   min   |   max   |    min   |    max   | min | max |   Type  |
    +---------+---------+----------+----------+-----+-----+---------+
    |       16|       16|  0.160 us|  0.160 us|   17|   17|       no|
    +---------+---------+----------+----------+-----+-----+---------+

    + Detail: 
        * Instance: 
        +-------------------------------+--------------------+---------+---------+-----------+-----------+-----+-----+---------+
        |                               |                    |  Latency (cycles) |   Latency (absolute)  |  Interval | Pipeline|
        |            Instance           |       Module       |   min   |   max   |    min    |    max    | min | max |   Type  |
        +-------------------------------+--------------------+---------+---------+-----------+-----------+-----+-----+---------+
        |grp_sqrt_fixed_32_32_s_fu_293  |sqrt_fixed_32_32_s  |        8|        8|  80.000 ns|  80.000 ns|    1|    1|      yes|
        +-------------------------------+--------------------+---------+---------+-----------+-----------+-----+-----+---------+

        * Loop: 
        N/A



================================================================
== Utilization Estimates
================================================================
* Summary: 
+-----------------+---------+-----+-------+------+-----+
|       Name      | BRAM_18K| DSP |   FF  |  LUT | URAM|
+-----------------+---------+-----+-------+------+-----+
|DSP              |        -|    -|      -|     -|    -|
|Expression       |        -|    -|      0|  1164|    -|
|FIFO             |        -|    -|      -|     -|    -|
|Instance         |        -|   48|   3293|  2185|    -|
|Memory           |        -|    -|      -|     -|    -|
|Multiplexer      |        -|    -|      -|    87|    -|
|Register         |        -|    -|   1233|     -|    -|
+-----------------+---------+-----+-------+------+-----+
|Total            |        0|   48|   4526|  3436|    0|
+-----------------+---------+-----+-------+------+-----+
|Available        |       40|   40|  16000|  8000|    0|
+-----------------+---------+-----+-------+------+-----+
|Utilization (%)  |        0|  120|     28|    42|    0|
+-----------------+---------+-----+-------+------+-----+

+ Detail: 
    * Instance: 
    +-------------------------------+--------------------+---------+----+-----+------+-----+
    |            Instance           |       Module       | BRAM_18K| DSP|  FF |  LUT | URAM|
    +-------------------------------+--------------------+---------+----+-----+------+-----+
    |mul_32s_32s_32_2_1_U2          |mul_32s_32s_32_2_1  |        0|   3|  165|    50|    0|
    |mul_32s_32s_32_2_1_U3          |mul_32s_32s_32_2_1  |        0|   3|  165|    50|    0|
    |mul_32s_32s_32_2_1_U4          |mul_32s_32s_32_2_1  |        0|   3|  165|    50|    0|
    |mul_32s_32s_32_2_1_U5          |mul_32s_32s_32_2_1  |        0|   3|  165|    50|    0|
    |mul_32s_32s_32_2_1_U6          |mul_32s_32s_32_2_1  |        0|   3|  165|    50|    0|
    |mul_32s_32s_32_2_1_U7          |mul_32s_32s_32_2_1  |        0|   3|  165|    50|    0|
    |mul_32s_32s_32_2_1_U8          |mul_32s_32s_32_2_1  |        0|   3|  165|    50|    0|
    |mul_32s_32s_32_2_1_U9          |mul_32s_32s_32_2_1  |        0|   3|  165|    50|    0|
    |mul_32s_32s_32_2_1_U10         |mul_32s_32s_32_2_1  |        0|   3|  165|    50|    0|
    |mul_32s_32s_32_2_1_U11         |mul_32s_32s_32_2_1  |        0|   3|  165|    50|    0|
    |mul_32s_32s_32_2_1_U12         |mul_32s_32s_32_2_1  |        0|   3|  165|    50|    0|
    |mul_32s_32s_32_2_1_U13         |mul_32s_32s_32_2_1  |        0|   3|  165|    50|    0|
    |mul_32s_32s_32_2_1_U14         |mul_32s_32s_32_2_1  |        0|   3|  165|    50|    0|
    |mul_32s_32s_32_2_1_U15         |mul_32s_32s_32_2_1  |        0|   3|  165|    50|    0|
    |mul_32s_32s_32_2_1_U16         |mul_32s_32s_32_2_1  |        0|   3|  165|    50|    0|
    |mul_32s_32s_32_2_1_U17         |mul_32s_32s_32_2_1  |        0|   3|  165|    50|    0|
    |grp_sqrt_fixed_32_32_s_fu_293  |sqrt_fixed_32_32_s  |        0|   0|  653|  1385|    0|
    +-------------------------------+--------------------+---------+----+-----+------+-----+
    |Total                          |                    |        0|  48| 3293|  2185|    0|
    +-------------------------------+--------------------+---------+----+-----+------+-----+

    * DSP: 
    N/A

    * Memory: 
    N/A

    * FIFO: 
    N/A

    * Expression: 
    +-----------------------+----------+----+---+----+------------+------------+
    |     Variable Name     | Operation| DSP| FF| LUT| Bitwidth P0| Bitwidth P1|
    +-----------------------+----------+----+---+----+------------+------------+
    |add_ln14_10_fu_467_p2  |         +|   0|  0|  32|          32|          32|
    |add_ln14_11_fu_458_p2  |         +|   0|  0|  32|          32|          32|
    |add_ln14_12_fu_462_p2  |         +|   0|  0|  32|          32|          32|
    |add_ln14_13_fu_471_p2  |         +|   0|  0|  32|          32|          32|
    |add_ln14_14_fu_519_p2  |         +|   0|  0|  32|          32|          32|
    |add_ln14_1_fu_481_p2   |         +|   0|  0|  39|          32|          32|
    |add_ln14_2_fu_485_p2   |         +|   0|  0|  32|          32|          32|
    |add_ln14_3_fu_491_p2   |         +|   0|  0|  32|          32|          32|
    |add_ln14_4_fu_495_p2   |         +|   0|  0|  39|          32|          32|
    |add_ln14_5_fu_499_p2   |         +|   0|  0|  32|          32|          32|
    |add_ln14_6_fu_524_p2   |         +|   0|  0|  32|          32|          32|
    |add_ln14_7_fu_505_p2   |         +|   0|  0|  39|          32|          32|
    |add_ln14_8_fu_509_p2   |         +|   0|  0|  39|          32|          32|
    |add_ln14_9_fu_513_p2   |         +|   0|  0|  32|          32|          32|
    |add_ln14_fu_476_p2     |         +|   0|  0|  32|          32|          32|
    |xf_V_fu_528_p2         |         +|   0|  0|  32|          32|          32|
    |sub_ln14_10_fu_400_p2  |         -|   0|  0|  39|          32|          32|
    |sub_ln14_11_fu_316_p2  |         -|   0|  0|  39|          32|          32|
    |sub_ln14_12_fu_322_p2  |         -|   0|  0|  39|          32|          32|
    |sub_ln14_13_fu_298_p2  |         -|   0|  0|  39|          32|          32|
    |sub_ln14_14_fu_304_p2  |         -|   0|  0|  39|          32|          32|
    |sub_ln14_15_fu_310_p2  |         -|   0|  0|  39|          32|          32|
    |sub_ln14_1_fu_346_p2   |         -|   0|  0|  39|          32|          32|
    |sub_ln14_2_fu_352_p2   |         -|   0|  0|  39|          32|          32|
    |sub_ln14_3_fu_358_p2   |         -|   0|  0|  39|          32|          32|
    |sub_ln14_4_fu_364_p2   |         -|   0|  0|  39|          32|          32|
    |sub_ln14_5_fu_370_p2   |         -|   0|  0|  39|          32|          32|
    |sub_ln14_6_fu_376_p2   |         -|   0|  0|  39|          32|          32|
    |sub_ln14_7_fu_382_p2   |         -|   0|  0|  39|          32|          32|
    |sub_ln14_8_fu_388_p2   |         -|   0|  0|  39|          32|          32|
    |sub_ln14_9_fu_394_p2   |         -|   0|  0|  39|          32|          32|
    |sub_ln14_fu_340_p2     |         -|   0|  0|  39|          32|          32|
    +-----------------------+----------+----+---+----+------------+------------+
    |Total                  |          |   0|  0|1164|        1024|        1024|
    +-----------------------+----------+----+---+----+------------+------------+

    * Multiplexer: 
    +-----------+----+-----------+-----+-----------+
    |    Name   | LUT| Input Size| Bits| Total Bits|
    +-----------+----+-----------+-----+-----------+
    |ap_NS_fsm  |  87|         18|    1|         18|
    +-----------+----+-----------+-----+-----------+
    |Total      |  87|         18|    1|         18|
    +-----------+----+-----------+-----+-----------+

    * Register: 
    +---------------------+----+----+-----+-----------+
    |         Name        | FF | LUT| Bits| Const Bits|
    +---------------------+----+----+-----+-----------+
    |add_ln14_12_reg_659  |  32|   0|   32|          0|
    |add_ln14_13_reg_719  |  32|   0|   32|          0|
    |add_ln14_14_reg_734  |  32|   0|   32|          0|
    |add_ln14_2_reg_724   |  32|   0|   32|          0|
    |add_ln14_5_reg_729   |  32|   0|   32|          0|
    |ap_CS_fsm            |  17|   0|   17|          0|
    |mul_ln14_10_reg_714  |  32|   0|   32|          0|
    |mul_ln14_11_reg_649  |  32|   0|   32|          0|
    |mul_ln14_12_reg_654  |  32|   0|   32|          0|
    |mul_ln14_13_reg_634  |  32|   0|   32|          0|
    |mul_ln14_14_reg_639  |  32|   0|   32|          0|
    |mul_ln14_15_reg_644  |  32|   0|   32|          0|
    |mul_ln14_1_reg_669   |  32|   0|   32|          0|
    |mul_ln14_2_reg_674   |  32|   0|   32|          0|
    |mul_ln14_3_reg_679   |  32|   0|   32|          0|
    |mul_ln14_4_reg_684   |  32|   0|   32|          0|
    |mul_ln14_5_reg_689   |  32|   0|   32|          0|
    |mul_ln14_6_reg_694   |  32|   0|   32|          0|
    |mul_ln14_7_reg_699   |  32|   0|   32|          0|
    |mul_ln14_8_reg_704   |  32|   0|   32|          0|
    |mul_ln14_9_reg_709   |  32|   0|   32|          0|
    |mul_ln14_reg_664     |  32|   0|   32|          0|
    |sub_ln14_10_reg_628  |  32|   0|   32|          0|
    |sub_ln14_11_reg_556  |  32|   0|   32|          0|
    |sub_ln14_12_reg_562  |  32|   0|   32|          0|
    |sub_ln14_13_reg_538  |  32|   0|   32|          0|
    |sub_ln14_14_reg_544  |  32|   0|   32|          0|
    |sub_ln14_15_reg_550  |  32|   0|   32|          0|
    |sub_ln14_1_reg_574   |  32|   0|   32|          0|
    |sub_ln14_2_reg_580   |  32|   0|   32|          0|
    |sub_ln14_3_reg_586   |  32|   0|   32|          0|
    |sub_ln14_4_reg_592   |  32|   0|   32|          0|
    |sub_ln14_5_reg_598   |  32|   0|   32|          0|
    |sub_ln14_6_reg_604   |  32|   0|   32|          0|
    |sub_ln14_7_reg_610   |  32|   0|   32|          0|
    |sub_ln14_8_reg_616   |  32|   0|   32|          0|
    |sub_ln14_9_reg_622   |  32|   0|   32|          0|
    |sub_ln14_reg_568     |  32|   0|   32|          0|
    |xf_V_reg_739         |  32|   0|   32|          0|
    +---------------------+----+----+-----+-----------+
    |Total                |1233|   0| 1233|          0|
    +---------------------+----+----+-----+-----------+



================================================================
== Interface
================================================================
* Summary: 
+------------+-----+-----+------------+--------------+--------------+
|  RTL Ports | Dir | Bits|  Protocol  | Source Object|    C Type    |
+------------+-----+-----+------------+--------------+--------------+
|ap_clk      |   in|    1|  ap_ctrl_hs|     eucDistHW|  return value|
|ap_rst      |   in|    1|  ap_ctrl_hs|     eucDistHW|  return value|
|ap_start    |   in|    1|  ap_ctrl_hs|     eucDistHW|  return value|
|ap_done     |  out|    1|  ap_ctrl_hs|     eucDistHW|  return value|
|ap_idle     |  out|    1|  ap_ctrl_hs|     eucDistHW|  return value|
|ap_ready    |  out|    1|  ap_ctrl_hs|     eucDistHW|  return value|
|A_0         |   in|   32|     ap_none|           A_0|       pointer|
|A_1         |   in|   32|     ap_none|           A_1|       pointer|
|A_2         |   in|   32|     ap_none|           A_2|       pointer|
|A_3         |   in|   32|     ap_none|           A_3|       pointer|
|A_4         |   in|   32|     ap_none|           A_4|       pointer|
|A_5         |   in|   32|     ap_none|           A_5|       pointer|
|A_6         |   in|   32|     ap_none|           A_6|       pointer|
|A_7         |   in|   32|     ap_none|           A_7|       pointer|
|A_8         |   in|   32|     ap_none|           A_8|       pointer|
|A_9         |   in|   32|     ap_none|           A_9|       pointer|
|A_10        |   in|   32|     ap_none|          A_10|       pointer|
|A_11        |   in|   32|     ap_none|          A_11|       pointer|
|A_12        |   in|   32|     ap_none|          A_12|       pointer|
|A_13        |   in|   32|     ap_none|          A_13|       pointer|
|A_14        |   in|   32|     ap_none|          A_14|       pointer|
|A_15        |   in|   32|     ap_none|          A_15|       pointer|
|B_0         |   in|   32|     ap_none|           B_0|       pointer|
|B_1         |   in|   32|     ap_none|           B_1|       pointer|
|B_2         |   in|   32|     ap_none|           B_2|       pointer|
|B_3         |   in|   32|     ap_none|           B_3|       pointer|
|B_4         |   in|   32|     ap_none|           B_4|       pointer|
|B_5         |   in|   32|     ap_none|           B_5|       pointer|
|B_6         |   in|   32|     ap_none|           B_6|       pointer|
|B_7         |   in|   32|     ap_none|           B_7|       pointer|
|B_8         |   in|   32|     ap_none|           B_8|       pointer|
|B_9         |   in|   32|     ap_none|           B_9|       pointer|
|B_10        |   in|   32|     ap_none|          B_10|       pointer|
|B_11        |   in|   32|     ap_none|          B_11|       pointer|
|B_12        |   in|   32|     ap_none|          B_12|       pointer|
|B_13        |   in|   32|     ap_none|          B_13|       pointer|
|B_14        |   in|   32|     ap_none|          B_14|       pointer|
|B_15        |   in|   32|     ap_none|          B_15|       pointer|
|C_i         |   in|   32|     ap_ovld|             C|       pointer|
|C_o         |  out|   32|     ap_ovld|             C|       pointer|
|C_o_ap_vld  |  out|    1|     ap_ovld|             C|       pointer|
+------------+-----+-----+------------+--------------+--------------+

