

================================================================
== Vitis HLS Report for 'eucHW'
================================================================
* Date:           Tue Mar 15 02:19:20 2022

* Version:        2021.1 (Build 3247384 on Thu Jun 10 19:36:33 MDT 2021)
* Project:        EucHLS
* Solution:       solution1 (Vivado IP Flow Target)
* Product family: artix7
* Target device:  xc7a12ti-csg325-1L


================================================================
== Performance Estimates
================================================================
+ Timing: 
    * Summary: 
    +--------+----------+----------+------------+
    |  Clock |  Target  | Estimated| Uncertainty|
    +--------+----------+----------+------------+
    |ap_clk  |  10.00 ns|  7.003 ns|     2.70 ns|
    +--------+----------+----------+------------+

+ Latency: 
    * Summary: 
    +---------+---------+----------+----------+-----+-----+---------+
    |  Latency (cycles) |  Latency (absolute) |  Interval | Pipeline|
    |   min   |   max   |    min   |    max   | min | max |   Type  |
    +---------+---------+----------+----------+-----+-----+---------+
    |      519|      519|  5.190 us|  5.190 us|  520|  520|       no|
    +---------+---------+----------+----------+-----+-----+---------+

    + Detail: 
        * Instance: 
        N/A

        * Loop: 
        +---------------+---------+---------+----------+-----------+-----------+------+----------+
        |               |  Latency (cycles) | Iteration|  Initiation Interval  | Trip |          |
        |   Loop Name   |   min   |   max   |  Latency |  achieved |   target  | Count| Pipelined|
        +---------------+---------+---------+----------+-----------+-----------+------+----------+
        |- loopManDist  |      517|      517|         7|          1|          1|   512|       yes|
        +---------------+---------+---------+----------+-----------+-----------+------+----------+



================================================================
== Utilization Estimates
================================================================
* Summary: 
+-----------------+---------+----+-------+-------+-----+
|       Name      | BRAM_18K| DSP|   FF  |  LUT  | URAM|
+-----------------+---------+----+-------+-------+-----+
|DSP              |        -|   1|      -|      -|    -|
|Expression       |        -|   -|      0|  35971|    -|
|FIFO             |        -|   -|      -|      -|    -|
|Instance         |        -|   0|   1160|    315|    -|
|Memory           |        -|   -|      -|      -|    -|
|Multiplexer      |        -|   -|      -|     54|    -|
|Register         |        -|   -|  41325|    128|    -|
+-----------------+---------+----+-------+-------+-----+
|Total            |        0|   1|  42485|  36468|    0|
+-----------------+---------+----+-------+-------+-----+
|Available        |       40|  40|  16000|   8000|    0|
+-----------------+---------+----+-------+-------+-----+
|Utilization (%)  |        0|   2|    265|    455|    0|
+-----------------+---------+----+-------+-------+-----+

+ Detail: 
    * Instance: 
    +-------------------------------+----------------------------+---------+----+-----+-----+-----+
    |            Instance           |           Module           | BRAM_18K| DSP|  FF | LUT | URAM|
    +-------------------------------+----------------------------+---------+----+-----+-----+-----+
    |mul_9s_9s_18_1_1_U3            |mul_9s_9s_18_1_1            |        0|   0|    0|   51|    0|
    |sub_8192ns_8192ns_8192_2_1_U1  |sub_8192ns_8192ns_8192_2_1  |        0|   0|  580|  132|    0|
    |sub_8192ns_8192ns_8192_2_1_U2  |sub_8192ns_8192ns_8192_2_1  |        0|   0|  580|  132|    0|
    +-------------------------------+----------------------------+---------+----+-----+-----+-----+
    |Total                          |                            |        0|   0| 1160|  315|    0|
    +-------------------------------+----------------------------+---------+----+-----+-----+-----+

    * DSP: 
    +--------------------------------+-----------------------------+--------------+
    |            Instance            |            Module           |  Expression  |
    +--------------------------------+-----------------------------+--------------+
    |mac_muladd_9s_9s_18s_18_4_1_U4  |mac_muladd_9s_9s_18s_18_4_1  |  i0 + i1 * i1|
    +--------------------------------+-----------------------------+--------------+

    * Memory: 
    N/A

    * FIFO: 
    N/A

    * Expression: 
    +-----------------------+----------+----+---+------+------------+------------+
    |     Variable Name     | Operation| DSP| FF|  LUT | Bitwidth P0| Bitwidth P1|
    +-----------------------+----------+----+---+------+------------+------------+
    |add_ln16_fu_188_p2     |         +|   0|  0|    18|          11|           2|
    |add_ln22_1_fu_156_p2   |         +|   0|  0|    21|          14|           1|
    |add_ln22_fu_140_p2     |         +|   0|  0|    21|          14|           1|
    |result_1_fu_351_p2     |         +|   0|  0|    34|          27|          27|
    |sub_ln22_1_fu_286_p2   |         -|   0|  0|    16|           9|           9|
    |sub_ln22_3_fu_330_p2   |         -|   0|  0|    16|           9|           9|
    |and_ln22_1_fu_268_p2   |       and|   0|  0|  3584|        8192|        8192|
    |and_ln22_2_fu_296_p2   |       and|   0|  0|  3584|        8192|        8192|
    |and_ln22_3_fu_313_p2   |       and|   0|  0|  3584|        8192|        8192|
    |and_ln22_fu_250_p2     |       and|   0|  0|  3584|        8192|        8192|
    |ap_condition_146       |       and|   0|  0|     2|           1|           1|
    |ap_condition_148       |       and|   0|  0|     2|           1|           1|
    |lshr_ln22_1_fu_272_p2  |      lshr|   0|  0|  2171|        8192|        8192|
    |lshr_ln22_2_fu_300_p2  |      lshr|   0|  0|  2171|        8192|        8192|
    |lshr_ln22_3_fu_317_p2  |      lshr|   0|  0|  2171|        8192|        8192|
    |lshr_ln22_fu_254_p2    |      lshr|   0|  0|  2171|        8192|        8192|
    |or_ln22_1_fu_227_p2    |        or|   0|  0|    13|          13|           4|
    |or_ln22_2_fu_146_p2    |        or|   0|  0|    13|          13|           4|
    |or_ln22_fu_130_p2      |        or|   0|  0|    13|          13|           3|
    |select_ln22_fu_180_p3  |    select|   0|  0|  4096|           1|           1|
    |grp_fu_221_p0          |       shl|   0|  0|  2171|           1|        8192|
    |grp_fu_242_p1          |       shl|   0|  0|  2171|           1|        8192|
    |shl_ln22_1_fu_211_p2   |       shl|   0|  0|  2171|           1|        8185|
    |shl_ln22_2_fu_166_p2   |       shl|   0|  0|  2171|           1|        8192|
    |ap_enable_pp0          |       xor|   0|  0|     2|           1|           2|
    +-----------------------+----------+----+---+------+------------+------------+
    |Total                  |          |   0|  0| 35971|       65667|       98362|
    +-----------------------+----------+----+---+------+------------+------------+

    * Multiplexer: 
    +--------------------------------+----+-----------+-----+-----------+
    |              Name              | LUT| Input Size| Bits| Total Bits|
    +--------------------------------+----+-----------+-----+-----------+
    |ap_done_int                     |   9|          2|    1|          2|
    |ap_enable_reg_pp0_iter1         |   9|          2|    1|          2|
    |ap_sig_allocacmp_i_1            |   9|          2|   11|         22|
    |ap_sig_allocacmp_result_load_1  |   9|          2|   27|         54|
    |i_fu_74                         |   9|          2|   11|         22|
    |result_fu_70                    |   9|          2|   27|         54|
    +--------------------------------+----+-----------+-----+-----------+
    |Total                           |  54|         12|   78|        156|
    +--------------------------------+----+-----------+-----+-----------+

    * Register: 
    +-----------------------------------+------+----+------+-----------+
    |                Name               |  FF  | LUT| Bits | Const Bits|
    +-----------------------------------+------+----+------+-----------+
    |A_read_reg_394                     |  8192|   0|  8192|          0|
    |B_read_reg_400                     |  8192|   0|  8192|          0|
    |add_ln22_reg_417                   |    11|   0|    14|          3|
    |ap_CS_fsm                          |     1|   0|     1|          0|
    |ap_done_reg                        |     1|   0|     1|          0|
    |ap_enable_reg_pp0_iter1            |     1|   0|     1|          0|
    |ap_enable_reg_pp0_iter2            |     1|   0|     1|          0|
    |ap_enable_reg_pp0_iter3            |     1|   0|     1|          0|
    |ap_enable_reg_pp0_iter4            |     1|   0|     1|          0|
    |ap_enable_reg_pp0_iter5            |     1|   0|     1|          0|
    |ap_enable_reg_pp0_iter6            |     1|   0|     1|          0|
    |ap_loop_exit_ready_pp0_iter1_reg   |     1|   0|     1|          0|
    |ap_loop_exit_ready_pp0_iter2_reg   |     1|   0|     1|          0|
    |ap_loop_exit_ready_pp0_iter3_reg   |     1|   0|     1|          0|
    |ap_loop_exit_ready_pp0_iter4_reg   |     1|   0|     1|          0|
    |ap_loop_exit_ready_pp0_iter5_reg   |     1|   0|     1|          0|
    |i_fu_74                            |    11|   0|    11|          0|
    |result_fu_70                       |    27|   0|    27|          0|
    |select_ln22_reg_422                |  8192|   0|  8192|          0|
    |shl_ln_reg_410                     |    10|   0|    13|          3|
    |sub_ln22_2_reg_454                 |  8192|   0|  8192|          0|
    |sub_ln22_3_reg_466                 |     9|   0|     9|          0|
    |sub_ln22_3_reg_466_pp0_iter4_reg   |     9|   0|     9|          0|
    |sub_ln22_reg_448                   |  8192|   0|  8192|          0|
    |tmp_reg_406                        |     1|   0|     1|          0|
    |zext_ln22_2_reg_437                |     9|   0|  8192|       8183|
    |zext_ln22_2_reg_437_pp0_iter2_reg  |     9|   0|  8192|       8183|
    |A_read_reg_394                     |    64|  32|  8192|          0|
    |B_read_reg_400                     |    64|  32|  8192|          0|
    |shl_ln_reg_410                     |    64|  32|    13|          3|
    |tmp_reg_406                        |    64|  32|     1|          0|
    +-----------------------------------+------+----+------+-----------+
    |Total                              | 41325| 128| 73839|      16375|
    +-----------------------------------+------+----+------+-----------+



================================================================
== Interface
================================================================
* Summary: 
+----------+-----+------+------------+--------------+--------------+
| RTL Ports| Dir | Bits |  Protocol  | Source Object|    C Type    |
+----------+-----+------+------------+--------------+--------------+
|ap_clk    |   in|     1|  ap_ctrl_hs|         eucHW|  return value|
|ap_rst    |   in|     1|  ap_ctrl_hs|         eucHW|  return value|
|ap_start  |   in|     1|  ap_ctrl_hs|         eucHW|  return value|
|ap_done   |  out|     1|  ap_ctrl_hs|         eucHW|  return value|
|ap_idle   |  out|     1|  ap_ctrl_hs|         eucHW|  return value|
|ap_ready  |  out|     1|  ap_ctrl_hs|         eucHW|  return value|
|A         |   in|  8192|     ap_none|             A|       pointer|
|B         |   in|  8192|     ap_none|             B|       pointer|
|C         |  out|    32|      ap_vld|             C|       pointer|
|C_ap_vld  |  out|     1|      ap_vld|             C|       pointer|
+----------+-----+------+------------+--------------+--------------+

