

================================================================
== Vitis HLS Report for 'sqrt_fixed_32_32_s'
================================================================
* Date:           Sun Mar 13 22:26:14 2022

* Version:        2021.1 (Build 3247384 on Thu Jun 10 19:36:33 MDT 2021)
* Project:        EucHLS
* Solution:       solution1 (Vivado IP Flow Target)
* Product family: artix7
* Target device:  xc7a12ti-csg325-1L


================================================================
== Performance Estimates
================================================================
+ Timing: 
    * Summary: 
    +--------+----------+----------+------------+
    |  Clock |  Target  | Estimated| Uncertainty|
    +--------+----------+----------+------------+
    |ap_clk  |  10.00 ns|  7.079 ns|     2.70 ns|
    +--------+----------+----------+------------+

+ Latency: 
    * Summary: 
    +---------+---------+-----------+-----------+-----+-----+---------+
    |  Latency (cycles) |   Latency (absolute)  |  Interval | Pipeline|
    |   min   |   max   |    min    |    max    | min | max |   Type  |
    +---------+---------+-----------+-----------+-----+-----+---------+
    |        8|        8|  80.000 ns|  80.000 ns|    1|    1|      yes|
    +---------+---------+-----------+-----------+-----+-----+---------+

    + Detail: 
        * Instance: 
        N/A

        * Loop: 
        N/A



================================================================
== Utilization Estimates
================================================================
* Summary: 
+-----------------+---------+----+-------+------+-----+
|       Name      | BRAM_18K| DSP|   FF  |  LUT | URAM|
+-----------------+---------+----+-------+------+-----+
|DSP              |        -|   -|      -|     -|    -|
|Expression       |        -|   -|      0|  1353|    -|
|FIFO             |        -|   -|      -|     -|    -|
|Instance         |        -|   -|      -|     -|    -|
|Memory           |        -|   -|      -|     -|    -|
|Multiplexer      |        -|   -|      -|     -|    -|
|Register         |        -|   -|    653|    32|    -|
+-----------------+---------+----+-------+------+-----+
|Total            |        0|   0|    653|  1385|    0|
+-----------------+---------+----+-------+------+-----+
|Available        |       40|  40|  16000|  8000|    0|
+-----------------+---------+----+-------+------+-----+
|Utilization (%)  |        0|   0|      4|    17|    0|
+-----------------+---------+----+-------+------+-----+

+ Detail: 
    * Instance: 
    N/A

    * DSP: 
    N/A

    * Memory: 
    N/A

    * FIFO: 
    N/A

    * Expression: 
    +--------------------------+----------+----+---+----+------------+------------+
    |       Variable Name      | Operation| DSP| FF| LUT| Bitwidth P0| Bitwidth P1|
    +--------------------------+----------+----+---+----+------------+------------+
    |add_ln212_fu_246_p2       |         +|   0|  0|  11|           3|           2|
    |res_I_V_30_fu_1463_p2     |         +|   0|  0|  23|          16|           1|
    |sub_ln212_10_fu_1103_p2   |         -|   0|  0|  21|          14|          14|
    |sub_ln212_11_fu_1185_p2   |         -|   0|  0|  22|          15|          15|
    |sub_ln212_12_fu_1260_p2   |         -|   0|  0|  23|          16|          16|
    |sub_ln212_13_fu_1337_p2   |         -|   0|  0|  24|          17|          17|
    |sub_ln212_14_fu_1401_p2   |         -|   0|  0|  25|          18|          18|
    |sub_ln212_1_fu_400_p2     |         -|   0|  0|  13|           5|           5|
    |sub_ln212_2_fu_475_p2     |         -|   0|  0|  14|           6|           6|
    |sub_ln212_3_fu_557_p2     |         -|   0|  0|  14|           7|           7|
    |sub_ln212_4_fu_632_p2     |         -|   0|  0|  15|           8|           8|
    |sub_ln212_5_fu_714_p2     |         -|   0|  0|  16|           9|           9|
    |sub_ln212_6_fu_789_p2     |         -|   0|  0|  17|          10|          10|
    |sub_ln212_7_fu_871_p2     |         -|   0|  0|  18|          11|          11|
    |sub_ln212_8_fu_946_p2     |         -|   0|  0|  19|          12|          12|
    |sub_ln212_9_fu_1028_p2    |         -|   0|  0|  20|          13|          13|
    |sub_ln212_fu_318_p2       |         -|   0|  0|  13|           4|           4|
    |icmp_ln443_10_fu_1022_p2  |      icmp|   0|  0|  12|          13|          13|
    |icmp_ln443_11_fu_1097_p2  |      icmp|   0|  0|  12|          14|          14|
    |icmp_ln443_12_fu_1179_p2  |      icmp|   0|  0|  12|          15|          15|
    |icmp_ln443_13_fu_1254_p2  |      icmp|   0|  0|  13|          16|          16|
    |icmp_ln443_14_fu_1331_p2  |      icmp|   0|  0|  13|          17|          17|
    |icmp_ln443_15_fu_1395_p2  |      icmp|   0|  0|  13|          18|          18|
    |icmp_ln443_1_fu_312_p2    |      icmp|   0|  0|   9|           4|           4|
    |icmp_ln443_2_fu_394_p2    |      icmp|   0|  0|   9|           5|           5|
    |icmp_ln443_3_fu_469_p2    |      icmp|   0|  0|  10|           6|           6|
    |icmp_ln443_4_fu_551_p2    |      icmp|   0|  0|  10|           7|           7|
    |icmp_ln443_5_fu_626_p2    |      icmp|   0|  0|  11|           8|           8|
    |icmp_ln443_6_fu_708_p2    |      icmp|   0|  0|  11|           9|           9|
    |icmp_ln443_7_fu_783_p2    |      icmp|   0|  0|  11|          10|          10|
    |icmp_ln443_8_fu_865_p2    |      icmp|   0|  0|  11|          11|          11|
    |icmp_ln443_9_fu_940_p2    |      icmp|   0|  0|  12|          12|          12|
    |icmp_ln443_fu_236_p2      |      icmp|   0|  0|   8|           2|           1|
    |p_Result_48_fu_1457_p2    |      icmp|   0|  0|  19|          35|          35|
    |ap_return                 |    select|   0|  0|  16|           1|           1|
    |res_I_V_32_fu_272_p3      |    select|   0|  0|  17|           1|           1|
    |res_I_V_33_fu_354_p3      |    select|   0|  0|  16|           1|          16|
    |res_I_V_34_fu_431_p3      |    select|   0|  0|  16|           1|          16|
    |res_I_V_35_fu_511_p3      |    select|   0|  0|  16|           1|          16|
    |res_I_V_36_fu_588_p3      |    select|   0|  0|  16|           1|          16|
    |res_I_V_37_fu_668_p3      |    select|   0|  0|  16|           1|          16|
    |res_I_V_38_fu_745_p3      |    select|   0|  0|  16|           1|          16|
    |res_I_V_39_fu_902_p3      |    select|   0|  0|  16|           1|          16|
    |res_I_V_40_fu_982_p3      |    select|   0|  0|  16|           1|          16|
    |res_I_V_41_fu_1059_p3     |    select|   0|  0|  16|           1|          16|
    |res_I_V_42_fu_1139_p3     |    select|   0|  0|  16|           1|          16|
    |res_I_V_43_fu_1216_p3     |    select|   0|  0|  16|           1|          16|
    |res_I_V_44_fu_1276_p3     |    select|   0|  0|  16|           1|          16|
    |res_I_V_45_fu_1372_p3     |    select|   0|  0|  16|           1|          16|
    |res_I_V_46_fu_1439_p3     |    select|   0|  0|  16|           1|          16|
    |res_I_V_47_fu_1469_p3     |    select|   0|  0|  16|           1|          16|
    |res_I_V_fu_825_p3         |    select|   0|  0|  16|           1|          16|
    |x_l_I_V_31_fu_264_p3      |    select|   0|  0|  35|           1|          35|
    |x_l_I_V_32_fu_346_p3      |    select|   0|  0|  35|           1|          35|
    |x_l_I_V_33_fu_425_p3      |    select|   0|  0|  35|           1|          35|
    |x_l_I_V_34_fu_503_p3      |    select|   0|  0|  35|           1|          35|
    |x_l_I_V_35_fu_582_p3      |    select|   0|  0|  35|           1|          35|
    |x_l_I_V_36_fu_660_p3      |    select|   0|  0|  35|           1|          35|
    |x_l_I_V_37_fu_817_p3      |    select|   0|  0|  35|           1|          35|
    |x_l_I_V_38_fu_896_p3      |    select|   0|  0|  35|           1|          35|
    |x_l_I_V_39_fu_974_p3      |    select|   0|  0|  35|           1|          35|
    |x_l_I_V_40_fu_1053_p3     |    select|   0|  0|  35|           1|          35|
    |x_l_I_V_41_fu_1131_p3     |    select|   0|  0|  35|           1|          35|
    |x_l_I_V_42_fu_1210_p3     |    select|   0|  0|  35|           1|          35|
    |x_l_I_V_43_fu_1304_p3     |    select|   0|  0|  35|           1|          35|
    |x_l_I_V_44_fu_1364_p3     |    select|   0|  0|  35|           1|          35|
    |x_l_I_V_45_fu_1433_p3     |    select|   0|  0|  35|           1|          35|
    |x_l_I_V_fu_739_p3         |    select|   0|  0|  35|           1|          35|
    +--------------------------+----------+----+---+----+------------+------------+
    |Total                     |          |   0|  0|1353|         420|        1187|
    +--------------------------+----------+----+---+----+------------+------------+

    * Multiplexer: 
    N/A

    * Register: 
    +------------------------+----+----+-----+-----------+
    |          Name          | FF | LUT| Bits| Const Bits|
    +------------------------+----+----+-----+-----------+
    |icmp_ln443_10_reg_1594  |   1|   0|    1|          0|
    |icmp_ln443_12_reg_1617  |   1|   0|    1|          0|
    |icmp_ln443_13_reg_1634  |   1|   0|    1|          0|
    |icmp_ln443_15_reg_1667  |   1|   0|    1|          0|
    |icmp_ln443_2_reg_1502   |   1|   0|    1|          0|
    |icmp_ln443_4_reg_1525   |   1|   0|    1|          0|
    |icmp_ln443_6_reg_1548   |   1|   0|    1|          0|
    |icmp_ln443_8_reg_1571   |   1|   0|    1|          0|
    |p_Result_40_reg_1650    |  15|   0|   15|          0|
    |res_I_V_33_reg_1496     |  16|   0|   16|          0|
    |res_I_V_35_reg_1519     |  16|   0|   16|          0|
    |res_I_V_37_reg_1542     |  16|   0|   16|          0|
    |res_I_V_40_reg_1588     |  16|   0|   16|          0|
    |res_I_V_42_reg_1611     |  16|   0|   16|          0|
    |res_I_V_44_reg_1644     |  16|   0|   16|          0|
    |res_I_V_45_reg_1661     |  16|   0|   16|          0|
    |res_I_V_reg_1565        |  16|   0|   16|          0|
    |sub_ln212_11_reg_1623   |  15|   0|   15|          0|
    |sub_ln212_12_reg_1639   |  16|   0|   16|          0|
    |sub_ln212_14_reg_1673   |  18|   0|   18|          0|
    |sub_ln212_1_reg_1508    |   5|   0|    5|          0|
    |sub_ln212_3_reg_1531    |   7|   0|    7|          0|
    |sub_ln212_5_reg_1554    |   9|   0|    9|          0|
    |sub_ln212_7_reg_1577    |  11|   0|   11|          0|
    |sub_ln212_9_reg_1600    |  13|   0|   13|          0|
    |x_int_reg               |  32|   0|   32|          0|
    |x_l_I_V_32_reg_1490     |  35|   0|   35|          0|
    |x_l_I_V_34_reg_1513     |  35|   0|   35|          0|
    |x_l_I_V_36_reg_1536     |  35|   0|   35|          0|
    |x_l_I_V_37_reg_1559     |  35|   0|   35|          0|
    |x_l_I_V_39_reg_1582     |  35|   0|   35|          0|
    |x_l_I_V_41_reg_1605     |  35|   0|   35|          0|
    |x_l_I_V_42_reg_1628     |  35|   0|   35|          0|
    |x_l_I_V_44_reg_1655     |  35|   0|   35|          0|
    |x_read_reg_1485         |  32|   0|   32|          0|
    |x_read_reg_1485         |  64|  32|   32|          0|
    +------------------------+----+----+-----+-----------+
    |Total                   | 653|  32|  621|          0|
    +------------------------+----+----+-----+-----------+



================================================================
== Interface
================================================================
* Summary: 
+-----------+-----+-----+------------+--------------------+--------------+
| RTL Ports | Dir | Bits|  Protocol  |    Source Object   |    C Type    |
+-----------+-----+-----+------------+--------------------+--------------+
|ap_clk     |   in|    1|  ap_ctrl_hs|  sqrt_fixed<32, 32>|  return value|
|ap_rst     |   in|    1|  ap_ctrl_hs|  sqrt_fixed<32, 32>|  return value|
|ap_return  |  out|   16|  ap_ctrl_hs|  sqrt_fixed<32, 32>|  return value|
|x          |   in|   32|     ap_none|                   x|        scalar|
+-----------+-----+-----+------------+--------------------+--------------+

