

================================================================
== Vitis HLS Report for 'sqrt_fixed_33_33_s'
================================================================
* Date:           Tue Mar 22 12:32:12 2022

* Version:        2021.1 (Build 3247384 on Thu Jun 10 19:36:33 MDT 2021)
* Project:        EucHLS
* Solution:       solution1 (Vivado IP Flow Target)
* Product family: zynq
* Target device:  xc7z010i-clg400-1L


================================================================
== Performance Estimates
================================================================
+ Timing: 
    * Summary: 
    +--------+----------+----------+------------+
    |  Clock |  Target  | Estimated| Uncertainty|
    +--------+----------+----------+------------+
    |ap_clk  |  10.00 ns|  7.259 ns|     2.70 ns|
    +--------+----------+----------+------------+

+ Latency: 
    * Summary: 
    +---------+---------+-----------+-----------+-----+-----+---------+
    |  Latency (cycles) |   Latency (absolute)  |  Interval | Pipeline|
    |   min   |   max   |    min    |    max    | min | max |   Type  |
    +---------+---------+-----------+-----------+-----+-----+---------+
    |        7|        7|  70.000 ns|  70.000 ns|    1|    1|      yes|
    +---------+---------+-----------+-----------+-----+-----+---------+

    + Detail: 
        * Instance: 
        N/A

        * Loop: 
        N/A



================================================================
== Utilization Estimates
================================================================
* Summary: 
+-----------------+---------+----+-------+-------+-----+
|       Name      | BRAM_18K| DSP|   FF  |  LUT  | URAM|
+-----------------+---------+----+-------+-------+-----+
|DSP              |        -|   -|      -|      -|    -|
|Expression       |        -|   -|      0|   1341|    -|
|FIFO             |        -|   -|      -|      -|    -|
|Instance         |        -|   -|      -|      -|    -|
|Memory           |        -|   -|      -|      -|    -|
|Multiplexer      |        -|   -|      -|      -|    -|
|Register         |        -|   -|    528|      -|    -|
+-----------------+---------+----+-------+-------+-----+
|Total            |        0|   0|    528|   1341|    0|
+-----------------+---------+----+-------+-------+-----+
|Available        |      120|  80|  35200|  17600|    0|
+-----------------+---------+----+-------+-------+-----+
|Utilization (%)  |        0|   0|      1|      7|    0|
+-----------------+---------+----+-------+-------+-----+

+ Detail: 
    * Instance: 
    N/A

    * DSP: 
    N/A

    * Memory: 
    N/A

    * FIFO: 
    N/A

    * Expression: 
    +--------------------------+----------+----+---+----+------------+------------+
    |       Variable Name      | Operation| DSP| FF| LUT| Bitwidth P0| Bitwidth P1|
    +--------------------------+----------+----+---+----+------------+------------+
    |res_I_V_29_fu_1451_p2     |         +|   0|  0|  24|          17|           1|
    |sub_ln212_10_fu_1096_p2   |         -|   0|  0|  20|          15|          15|
    |sub_ln212_11_fu_1173_p2   |         -|   0|  0|  23|          16|          16|
    |sub_ln212_12_fu_1253_p2   |         -|   0|  0|  24|          17|          17|
    |sub_ln212_13_fu_1330_p2   |         -|   0|  0|  25|          18|          18|
    |sub_ln212_14_fu_1394_p2   |         -|   0|  0|  26|          19|          19|
    |sub_ln212_1_fu_388_p2     |         -|   0|  0|  14|           6|           6|
    |sub_ln212_2_fu_463_p2     |         -|   0|  0|  14|           7|           7|
    |sub_ln212_3_fu_545_p2     |         -|   0|  0|  15|           8|           8|
    |sub_ln212_4_fu_620_p2     |         -|   0|  0|  14|           9|           9|
    |sub_ln212_5_fu_702_p2     |         -|   0|  0|  13|          10|          10|
    |sub_ln212_6_fu_777_p2     |         -|   0|  0|  12|          11|          11|
    |sub_ln212_7_fu_859_p2     |         -|   0|  0|  12|          12|          12|
    |sub_ln212_8_fu_939_p2     |         -|   0|  0|  14|          13|          13|
    |sub_ln212_9_fu_1016_p2    |         -|   0|  0|  17|          14|          14|
    |sub_ln212_fu_306_p2       |         -|   0|  0|  13|           5|           5|
    |icmp_ln443_10_fu_1091_p2  |      icmp|   0|  0|  12|          15|          15|
    |icmp_ln443_11_fu_1167_p2  |      icmp|   0|  0|  13|          16|          16|
    |icmp_ln443_12_fu_1248_p2  |      icmp|   0|  0|  13|          17|          17|
    |icmp_ln443_13_fu_1324_p2  |      icmp|   0|  0|  13|          18|          18|
    |icmp_ln443_14_fu_1389_p2  |      icmp|   0|  0|  13|          19|          19|
    |icmp_ln443_1_fu_382_p2    |      icmp|   0|  0|  10|           6|           6|
    |icmp_ln443_2_fu_457_p2    |      icmp|   0|  0|  10|           7|           7|
    |icmp_ln443_3_fu_539_p2    |      icmp|   0|  0|  11|           8|           8|
    |icmp_ln443_4_fu_614_p2    |      icmp|   0|  0|  11|           9|           9|
    |icmp_ln443_5_fu_696_p2    |      icmp|   0|  0|  11|          10|          10|
    |icmp_ln443_6_fu_771_p2    |      icmp|   0|  0|  11|          11|          11|
    |icmp_ln443_7_fu_853_p2    |      icmp|   0|  0|  12|          12|          12|
    |icmp_ln443_8_fu_934_p2    |      icmp|   0|  0|  12|          13|          13|
    |icmp_ln443_9_fu_1010_p2   |      icmp|   0|  0|  12|          14|          14|
    |icmp_ln443_fu_300_p2      |      icmp|   0|  0|   9|           5|           5|
    |p_Result_s_56_fu_1445_p2  |      icmp|   0|  0|  19|          36|          36|
    |ap_return                 |    select|   0|  0|  17|           1|          17|
    |res_I_V_31_fu_342_p3      |    select|   0|  0|  17|           1|          17|
    |res_I_V_32_fu_419_p3      |    select|   0|  0|  17|           1|          17|
    |res_I_V_33_fu_499_p3      |    select|   0|  0|  17|           1|          17|
    |res_I_V_34_fu_576_p3      |    select|   0|  0|  17|           1|          17|
    |res_I_V_35_fu_656_p3      |    select|   0|  0|  17|           1|          17|
    |res_I_V_36_fu_813_p3      |    select|   0|  0|  17|           1|          17|
    |res_I_V_37_fu_895_p3      |    select|   0|  0|  17|           1|          17|
    |res_I_V_38_fu_971_p3      |    select|   0|  0|  17|           1|          17|
    |res_I_V_39_fu_1052_p3     |    select|   0|  0|  17|           1|          17|
    |res_I_V_40_fu_1128_p3     |    select|   0|  0|  17|           1|          17|
    |res_I_V_41_fu_1209_p3     |    select|   0|  0|  17|           1|          17|
    |res_I_V_42_fu_1285_p3     |    select|   0|  0|  17|           1|          17|
    |res_I_V_43_fu_1366_p3     |    select|   0|  0|  17|           1|          17|
    |res_I_V_44_fu_1426_p3     |    select|   0|  0|  17|           1|          17|
    |res_I_V_fu_733_p3         |    select|   0|  0|  17|           1|          17|
    |select_ln239_fu_262_p3    |    select|   0|  0|  16|           1|          16|
    |select_ln277_fu_234_p3    |    select|   0|  0|   2|           1|           2|
    |select_ln443_fu_270_p3    |    select|   0|  0|   3|           1|           3|
    |x_l_I_V_31_fu_254_p3      |    select|   0|  0|  36|           1|          36|
    |x_l_I_V_32_fu_334_p3      |    select|   0|  0|  36|           1|          36|
    |x_l_I_V_33_fu_413_p3      |    select|   0|  0|  36|           1|          36|
    |x_l_I_V_34_fu_491_p3      |    select|   0|  0|  36|           1|          36|
    |x_l_I_V_35_fu_570_p3      |    select|   0|  0|  36|           1|          36|
    |x_l_I_V_36_fu_727_p3      |    select|   0|  0|  36|           1|          36|
    |x_l_I_V_37_fu_805_p3      |    select|   0|  0|  36|           1|          36|
    |x_l_I_V_38_fu_887_p3      |    select|   0|  0|  36|           1|          36|
    |x_l_I_V_39_fu_964_p3      |    select|   0|  0|  36|           1|          36|
    |x_l_I_V_40_fu_1044_p3     |    select|   0|  0|  36|           1|          36|
    |x_l_I_V_41_fu_1121_p3     |    select|   0|  0|  36|           1|          36|
    |x_l_I_V_42_fu_1201_p3     |    select|   0|  0|  36|           1|          36|
    |x_l_I_V_43_fu_1278_p3     |    select|   0|  0|  36|           1|          36|
    |x_l_I_V_44_fu_1358_p3     |    select|   0|  0|  36|           1|          36|
    |x_l_I_V_45_fu_1419_p3     |    select|   0|  0|  36|           1|          36|
    |x_l_I_V_fu_648_p3         |    select|   0|  0|  36|           1|          36|
    +--------------------------+----------+----+---+----+------------+------------+
    |Total                     |          |   0|  0|1341|         448|        1266|
    +--------------------------+----------+----+---+----+------------+------------+

    * Multiplexer: 
    N/A

    * Register: 
    +-----------------------+----+----+-----+-----------+
    |          Name         | FF | LUT| Bits| Const Bits|
    +-----------------------+----+----+-----+-----------+
    |icmp_ln443_1_reg_1477  |   1|   0|    1|          0|
    |icmp_ln443_3_reg_1500  |   1|   0|    1|          0|
    |icmp_ln443_5_reg_1523  |   1|   0|    1|          0|
    |p_Result_24_reg_1546   |  11|   0|   11|          0|
    |p_Result_30_reg_1569   |  13|   0|   13|          0|
    |p_Result_36_reg_1592   |  15|   0|   15|          0|
    |p_Result_73_reg_1551   |  13|   0|   13|          0|
    |p_Result_79_reg_1574   |  15|   0|   15|          0|
    |p_Result_85_reg_1597   |  17|   0|   17|          0|
    |p_Result_91_reg_1616   |  19|   0|   19|          0|
    |res_I_V_31_reg_1471    |  17|   0|   17|          0|
    |res_I_V_33_reg_1494    |  17|   0|   17|          0|
    |res_I_V_35_reg_1517    |  17|   0|   17|          0|
    |res_I_V_37_reg_1540    |  17|   0|   17|          0|
    |res_I_V_39_reg_1563    |  17|   0|   17|          0|
    |res_I_V_41_reg_1586    |  17|   0|   17|          0|
    |res_I_V_43_reg_1609    |  17|   0|   17|          0|
    |sub_ln212_1_reg_1483   |   6|   0|    6|          0|
    |sub_ln212_3_reg_1506   |   8|   0|    8|          0|
    |sub_ln212_5_reg_1529   |  10|   0|   10|          0|
    |x_int_reg              |  27|   0|   27|          0|
    |x_l_I_V_32_reg_1465    |  36|   0|   36|          0|
    |x_l_I_V_34_reg_1488    |  36|   0|   36|          0|
    |x_l_I_V_38_reg_1534    |  36|   0|   36|          0|
    |x_l_I_V_40_reg_1557    |  36|   0|   36|          0|
    |x_l_I_V_42_reg_1580    |  36|   0|   36|          0|
    |x_l_I_V_44_reg_1603    |  36|   0|   36|          0|
    |x_l_I_V_reg_1511       |  36|   0|   36|          0|
    +-----------------------+----+----+-----+-----------+
    |Total                  | 528|   0|  528|          0|
    +-----------------------+----+----+-----+-----------+



================================================================
== Interface
================================================================
* Summary: 
+-----------+-----+-----+------------+--------------------+--------------+
| RTL Ports | Dir | Bits|  Protocol  |    Source Object   |    C Type    |
+-----------+-----+-----+------------+--------------------+--------------+
|ap_clk     |   in|    1|  ap_ctrl_hs|  sqrt_fixed<33, 33>|  return value|
|ap_rst     |   in|    1|  ap_ctrl_hs|  sqrt_fixed<33, 33>|  return value|
|ap_return  |  out|   17|  ap_ctrl_hs|  sqrt_fixed<33, 33>|  return value|
|x          |   in|   27|     ap_none|                   x|        scalar|
+-----------+-----+-----+------------+--------------------+--------------+

