00:09:58 INFO  : Launching XSCT server: xsct.bat -n  -interactive C:\Users\juan_\Documents\FPGA\JA-RM-IPD432\zybo16_vitis_concat\temp_xsdb_launch_script.tcl
00:09:58 INFO  : Platform repository initialization has completed.
00:09:58 INFO  : Registering command handlers for Vitis TCF services
00:10:01 INFO  : XSCT server has started successfully.
00:10:01 INFO  : plnx-install-location is set to ''
00:10:01 INFO  : Successfully done setting XSCT server connection channel  
00:10:01 INFO  : Successfully done query RDI_DATADIR 
00:10:01 INFO  : Successfully done setting workspace for the tool. 
00:10:36 INFO  : Result from executing command 'getProjects': zybo16_concat
00:10:36 INFO  : Result from executing command 'getPlatforms': 
00:10:36 WARN  : An unexpected exception occurred in the module 'platform project logging'
00:10:37 INFO  : Platform 'zybo16_concat' is added to custom repositories.
00:10:46 INFO  : Platform 'zybo16_concat' is added to custom repositories.
00:31:18 INFO  : Result from executing command 'getProjects': zybo16_concat
00:31:18 INFO  : Result from executing command 'getPlatforms': zybo16_concat|C:/Users/juan_/Documents/FPGA/JA-RM-IPD432/zybo16_vitis_concat/zybo16_concat/export/zybo16_concat/zybo16_concat.xpfm
00:31:18 INFO  : Checking for BSP changes to sync application flags for project 'euc16concat'...
00:32:09 INFO  : Checking for BSP changes to sync application flags for project 'euc16concat'...
00:32:19 INFO  : Checking for BSP changes to sync application flags for project 'euc16concat'...
00:33:02 INFO  : Checking for BSP changes to sync application flags for project 'euc16concat'...
00:33:16 INFO  : Checking for BSP changes to sync application flags for project 'euc16concat'...
00:33:20 INFO  : Checking for BSP changes to sync application flags for project 'euc16concat'...
00:33:45 INFO  : Connected to target on host '127.0.0.1' and port '3121'.
00:33:46 INFO  : 'targets -set -filter {jtag_cable_name =~ "Digilent Zybo 210279A427BAA" && level==0 && jtag_device_ctx=="jsn-Zybo-210279A427BAA-13722093-0"}' command is executed.
00:33:47 INFO  : Device configured successfully with "C:/Users/juan_/Documents/FPGA/JA-RM-IPD432/zybo16_vitis_concat/euc16concat/_ide/bitstream/zybo16_concat.bit"
00:33:55 INFO  : Connected to target on host '127.0.0.1' and port '3121'.
00:33:56 INFO  : Jtag cable 'Digilent Zybo 210279A427BAA' is selected.
00:33:56 INFO  : 'jtag frequency' command is executed.
00:33:56 INFO  : Context for 'APU' is selected.
00:33:56 INFO  : System reset is completed.
00:33:59 INFO  : 'after 3000' command is executed.
00:33:59 INFO  : 'targets -set -filter {jtag_cable_name =~ "Digilent Zybo 210279A427BAA" && level==0 && jtag_device_ctx=="jsn-Zybo-210279A427BAA-13722093-0"}' command is executed.
00:34:00 INFO  : Device configured successfully with "C:/Users/juan_/Documents/FPGA/JA-RM-IPD432/zybo16_vitis_concat/euc16concat/_ide/bitstream/zybo16_concat.bit"
00:34:00 INFO  : Context for 'APU' is selected.
00:34:00 INFO  : Hardware design and registers information is loaded from 'C:/Users/juan_/Documents/FPGA/JA-RM-IPD432/zybo16_vitis_concat/zybo16_concat/export/zybo16_concat/hw/zybo16_concat.xsa'.
00:34:00 INFO  : 'configparams force-mem-access 1' command is executed.
00:34:00 INFO  : Context for 'APU' is selected.
00:34:00 INFO  : Sourcing of 'C:/Users/juan_/Documents/FPGA/JA-RM-IPD432/zybo16_vitis_concat/euc16concat/_ide/psinit/ps7_init.tcl' is done.
00:34:01 INFO  : 'ps7_init' command is executed.
00:34:01 INFO  : 'ps7_post_config' command is executed.
00:34:01 INFO  : Context for processor 'ps7_cortexa9_0' is selected.
00:34:01 INFO  : The application 'C:/Users/juan_/Documents/FPGA/JA-RM-IPD432/zybo16_vitis_concat/euc16concat/Debug/euc16concat.elf' is downloaded to processor 'ps7_cortexa9_0'.
00:34:01 INFO  : 'configparams force-mem-access 0' command is executed.
00:34:01 INFO  : ----------------XSDB Script----------------
connect -url tcp:127.0.0.1:3121
targets -set -nocase -filter {name =~"APU*"}
rst -system
after 3000
targets -set -filter {jtag_cable_name =~ "Digilent Zybo 210279A427BAA" && level==0 && jtag_device_ctx=="jsn-Zybo-210279A427BAA-13722093-0"}
fpga -file C:/Users/juan_/Documents/FPGA/JA-RM-IPD432/zybo16_vitis_concat/euc16concat/_ide/bitstream/zybo16_concat.bit
targets -set -nocase -filter {name =~"APU*"}
loadhw -hw C:/Users/juan_/Documents/FPGA/JA-RM-IPD432/zybo16_vitis_concat/zybo16_concat/export/zybo16_concat/hw/zybo16_concat.xsa -mem-ranges [list {0x40000000 0xbfffffff}] -regs
configparams force-mem-access 1
targets -set -nocase -filter {name =~"APU*"}
source C:/Users/juan_/Documents/FPGA/JA-RM-IPD432/zybo16_vitis_concat/euc16concat/_ide/psinit/ps7_init.tcl
ps7_init
ps7_post_config
targets -set -nocase -filter {name =~ "*A9*#0"}
dow C:/Users/juan_/Documents/FPGA/JA-RM-IPD432/zybo16_vitis_concat/euc16concat/Debug/euc16concat.elf
configparams force-mem-access 0
----------------End of Script----------------

00:34:01 INFO  : Context for processor 'ps7_cortexa9_0' is selected.
00:34:01 INFO  : 'con' command is executed.
00:34:01 INFO  : ----------------XSDB Script (After Launch)----------------
targets -set -nocase -filter {name =~ "*A9*#0"}
con
----------------End of Script----------------

00:34:01 INFO  : Launch script is exported to file 'C:\Users\juan_\Documents\FPGA\JA-RM-IPD432\zybo16_vitis_concat\euc16concat_system\_ide\scripts\debugger_euc16concat-default.tcl'
00:40:03 INFO  : Checking for BSP changes to sync application flags for project 'euc16concat'...
00:40:08 INFO  : Connected to target on host '127.0.0.1' and port '3121'.
00:40:08 INFO  : 'targets -set -filter {jtag_cable_name =~ "Digilent Zybo 210279A427BAA" && level==0 && jtag_device_ctx=="jsn-Zybo-210279A427BAA-13722093-0"}' command is executed.
00:40:09 INFO  : Device configured successfully with "C:/Users/juan_/Documents/FPGA/JA-RM-IPD432/zybo16_vitis_concat/euc16concat/_ide/bitstream/zybo16_concat.bit"
00:40:28 INFO  : Disconnected from the channel tcfchan#2.
00:40:29 INFO  : Connected to target on host '127.0.0.1' and port '3121'.
00:40:38 INFO  : ----------------XSDB Script----------------
connect -url tcp:127.0.0.1:3121
----------------End of Script----------------

00:40:38 ERROR : Could not find ARM device on the board for connection 'Local'.
Check if the target is in:
1. Split JTAG - No operations are possible with ARM DAP.
2. Non JTAG bootmode - Bootrom may need time to enable DAP.
Please try again.


Troubleshooting hints:
1. Check whether board is connected to system properly.
2. In case of zynq board, check whether Digilent/Xilinx cable switch settings are correct.
3. If you are using Xilinx Platform Cable USB, ensure that status LED is green.
00:40:43 INFO  : Connected to target on host '127.0.0.1' and port '3121'.
00:40:43 INFO  : Jtag cable 'Digilent Zybo 210279A427BAA' is selected.
00:40:43 INFO  : 'jtag frequency' command is executed.
00:40:43 INFO  : Context for 'APU' is selected.
00:40:43 INFO  : System reset is completed.
00:40:46 INFO  : 'after 3000' command is executed.
00:40:46 INFO  : 'targets -set -filter {jtag_cable_name =~ "Digilent Zybo 210279A427BAA" && level==0 && jtag_device_ctx=="jsn-Zybo-210279A427BAA-13722093-0"}' command is executed.
00:40:48 INFO  : Device configured successfully with "C:/Users/juan_/Documents/FPGA/JA-RM-IPD432/zybo16_vitis_concat/euc16concat/_ide/bitstream/zybo16_concat.bit"
00:40:48 INFO  : Context for 'APU' is selected.
00:40:48 INFO  : Hardware design and registers information is loaded from 'C:/Users/juan_/Documents/FPGA/JA-RM-IPD432/zybo16_vitis_concat/zybo16_concat/export/zybo16_concat/hw/zybo16_concat.xsa'.
00:40:48 INFO  : 'configparams force-mem-access 1' command is executed.
00:40:48 INFO  : Context for 'APU' is selected.
00:40:48 INFO  : Sourcing of 'C:/Users/juan_/Documents/FPGA/JA-RM-IPD432/zybo16_vitis_concat/euc16concat/_ide/psinit/ps7_init.tcl' is done.
00:40:48 INFO  : 'ps7_init' command is executed.
00:40:48 INFO  : 'ps7_post_config' command is executed.
00:40:48 INFO  : Context for processor 'ps7_cortexa9_0' is selected.
00:40:48 INFO  : The application 'C:/Users/juan_/Documents/FPGA/JA-RM-IPD432/zybo16_vitis_concat/euc16concat/Debug/euc16concat.elf' is downloaded to processor 'ps7_cortexa9_0'.
00:40:48 INFO  : 'configparams force-mem-access 0' command is executed.
00:40:48 INFO  : ----------------XSDB Script----------------
connect -url tcp:127.0.0.1:3121
targets -set -nocase -filter {name =~"APU*"}
rst -system
after 3000
targets -set -filter {jtag_cable_name =~ "Digilent Zybo 210279A427BAA" && level==0 && jtag_device_ctx=="jsn-Zybo-210279A427BAA-13722093-0"}
fpga -file C:/Users/juan_/Documents/FPGA/JA-RM-IPD432/zybo16_vitis_concat/euc16concat/_ide/bitstream/zybo16_concat.bit
targets -set -nocase -filter {name =~"APU*"}
loadhw -hw C:/Users/juan_/Documents/FPGA/JA-RM-IPD432/zybo16_vitis_concat/zybo16_concat/export/zybo16_concat/hw/zybo16_concat.xsa -mem-ranges [list {0x40000000 0xbfffffff}] -regs
configparams force-mem-access 1
targets -set -nocase -filter {name =~"APU*"}
source C:/Users/juan_/Documents/FPGA/JA-RM-IPD432/zybo16_vitis_concat/euc16concat/_ide/psinit/ps7_init.tcl
ps7_init
ps7_post_config
targets -set -nocase -filter {name =~ "*A9*#0"}
dow C:/Users/juan_/Documents/FPGA/JA-RM-IPD432/zybo16_vitis_concat/euc16concat/Debug/euc16concat.elf
configparams force-mem-access 0
----------------End of Script----------------

00:40:48 INFO  : Context for processor 'ps7_cortexa9_0' is selected.
00:40:48 INFO  : 'con' command is executed.
00:40:48 INFO  : ----------------XSDB Script (After Launch)----------------
targets -set -nocase -filter {name =~ "*A9*#0"}
con
----------------End of Script----------------

00:40:48 INFO  : Launch script is exported to file 'C:\Users\juan_\Documents\FPGA\JA-RM-IPD432\zybo16_vitis_concat\euc16concat_system\_ide\scripts\debugger_euc16concat-default.tcl'
00:41:53 INFO  : Disconnected from the channel tcfchan#3.
00:41:54 INFO  : Connected to target on host '127.0.0.1' and port '3121'.
00:41:54 INFO  : Jtag cable 'Digilent Zybo 210279A427BAA' is selected.
00:41:54 ERROR : port closed
00:41:54 INFO  : ----------------XSDB Script----------------
connect -url tcp:127.0.0.1:3121
----------------End of Script----------------

00:41:54 ERROR : port closed
00:42:11 INFO  : Connected to target on host '127.0.0.1' and port '3121'.
00:42:11 INFO  : 'targets -set -filter {jtag_cable_name =~ "Digilent Zybo 210279A427BAA" && level==0 && jtag_device_ctx=="jsn-Zybo-210279A427BAA-13722093-0"}' command is executed.
00:42:12 INFO  : Device configured successfully with "C:/Users/juan_/Documents/FPGA/JA-RM-IPD432/zybo16_vitis_concat/euc16concat/_ide/bitstream/zybo16_concat.bit"
00:42:17 INFO  : Connected to target on host '127.0.0.1' and port '3121'.
00:42:17 INFO  : Jtag cable 'Digilent Zybo 210279A427BAA' is selected.
00:42:17 INFO  : 'jtag frequency' command is executed.
00:42:17 INFO  : Context for 'APU' is selected.
00:42:17 INFO  : System reset is completed.
00:42:20 INFO  : 'after 3000' command is executed.
00:42:20 INFO  : 'targets -set -filter {jtag_cable_name =~ "Digilent Zybo 210279A427BAA" && level==0 && jtag_device_ctx=="jsn-Zybo-210279A427BAA-13722093-0"}' command is executed.
00:42:21 INFO  : Device configured successfully with "C:/Users/juan_/Documents/FPGA/JA-RM-IPD432/zybo16_vitis_concat/euc16concat/_ide/bitstream/zybo16_concat.bit"
00:42:22 INFO  : Context for 'APU' is selected.
00:42:22 INFO  : Hardware design and registers information is loaded from 'C:/Users/juan_/Documents/FPGA/JA-RM-IPD432/zybo16_vitis_concat/zybo16_concat/export/zybo16_concat/hw/zybo16_concat.xsa'.
00:42:22 INFO  : 'configparams force-mem-access 1' command is executed.
00:42:22 INFO  : Context for 'APU' is selected.
00:42:22 INFO  : Sourcing of 'C:/Users/juan_/Documents/FPGA/JA-RM-IPD432/zybo16_vitis_concat/euc16concat/_ide/psinit/ps7_init.tcl' is done.
00:42:22 INFO  : 'ps7_init' command is executed.
00:42:22 INFO  : 'ps7_post_config' command is executed.
00:42:22 INFO  : Context for processor 'ps7_cortexa9_0' is selected.
00:42:22 INFO  : The application 'C:/Users/juan_/Documents/FPGA/JA-RM-IPD432/zybo16_vitis_concat/euc16concat/Debug/euc16concat.elf' is downloaded to processor 'ps7_cortexa9_0'.
00:42:22 INFO  : 'configparams force-mem-access 0' command is executed.
00:42:22 INFO  : ----------------XSDB Script----------------
connect -url tcp:127.0.0.1:3121
targets -set -nocase -filter {name =~"APU*"}
rst -system
after 3000
targets -set -filter {jtag_cable_name =~ "Digilent Zybo 210279A427BAA" && level==0 && jtag_device_ctx=="jsn-Zybo-210279A427BAA-13722093-0"}
fpga -file C:/Users/juan_/Documents/FPGA/JA-RM-IPD432/zybo16_vitis_concat/euc16concat/_ide/bitstream/zybo16_concat.bit
targets -set -nocase -filter {name =~"APU*"}
loadhw -hw C:/Users/juan_/Documents/FPGA/JA-RM-IPD432/zybo16_vitis_concat/zybo16_concat/export/zybo16_concat/hw/zybo16_concat.xsa -mem-ranges [list {0x40000000 0xbfffffff}] -regs
configparams force-mem-access 1
targets -set -nocase -filter {name =~"APU*"}
source C:/Users/juan_/Documents/FPGA/JA-RM-IPD432/zybo16_vitis_concat/euc16concat/_ide/psinit/ps7_init.tcl
ps7_init
ps7_post_config
targets -set -nocase -filter {name =~ "*A9*#0"}
dow C:/Users/juan_/Documents/FPGA/JA-RM-IPD432/zybo16_vitis_concat/euc16concat/Debug/euc16concat.elf
configparams force-mem-access 0
----------------End of Script----------------

00:42:23 INFO  : Context for processor 'ps7_cortexa9_0' is selected.
00:42:23 INFO  : 'con' command is executed.
00:42:23 INFO  : ----------------XSDB Script (After Launch)----------------
targets -set -nocase -filter {name =~ "*A9*#0"}
con
----------------End of Script----------------

00:42:23 INFO  : Launch script is exported to file 'C:\Users\juan_\Documents\FPGA\JA-RM-IPD432\zybo16_vitis_concat\euc16concat_system\_ide\scripts\debugger_euc16concat-default.tcl'
00:44:39 INFO  : Checking for BSP changes to sync application flags for project 'euc16concat'...
00:44:45 INFO  : Connected to target on host '127.0.0.1' and port '3121'.
00:44:45 INFO  : 'targets -set -filter {jtag_cable_name =~ "Digilent Zybo 210279A427BAA" && level==0 && jtag_device_ctx=="jsn-Zybo-210279A427BAA-13722093-0"}' command is executed.
00:44:47 INFO  : Device configured successfully with "C:/Users/juan_/Documents/FPGA/JA-RM-IPD432/zybo16_vitis_concat/euc16concat/_ide/bitstream/zybo16_concat.bit"
00:45:01 INFO  : Disconnected from the channel tcfchan#4.
00:45:02 INFO  : Connected to target on host '127.0.0.1' and port '3121'.
00:45:11 INFO  : ----------------XSDB Script----------------
connect -url tcp:127.0.0.1:3121
----------------End of Script----------------

00:45:11 ERROR : Could not find ARM device on the board for connection 'Local'.
Check if the target is in:
1. Split JTAG - No operations are possible with ARM DAP.
2. Non JTAG bootmode - Bootrom may need time to enable DAP.
Please try again.


Troubleshooting hints:
1. Check whether board is connected to system properly.
2. In case of zynq board, check whether Digilent/Xilinx cable switch settings are correct.
3. If you are using Xilinx Platform Cable USB, ensure that status LED is green.
00:45:38 INFO  : Connected to target on host '127.0.0.1' and port '3121'.
00:45:38 INFO  : Jtag cable 'Digilent Zybo 210279A427BAA' is selected.
00:45:38 INFO  : 'jtag frequency' command is executed.
00:45:38 INFO  : Context for 'APU' is selected.
00:45:38 INFO  : System reset is completed.
00:45:41 INFO  : 'after 3000' command is executed.
00:45:41 INFO  : 'targets -set -filter {jtag_cable_name =~ "Digilent Zybo 210279A427BAA" && level==0 && jtag_device_ctx=="jsn-Zybo-210279A427BAA-13722093-0"}' command is executed.
00:45:42 INFO  : Device configured successfully with "C:/Users/juan_/Documents/FPGA/JA-RM-IPD432/zybo16_vitis_concat/euc16concat/_ide/bitstream/zybo16_concat.bit"
00:45:42 INFO  : Context for 'APU' is selected.
00:45:42 INFO  : Hardware design and registers information is loaded from 'C:/Users/juan_/Documents/FPGA/JA-RM-IPD432/zybo16_vitis_concat/zybo16_concat/export/zybo16_concat/hw/zybo16_concat.xsa'.
00:45:42 INFO  : 'configparams force-mem-access 1' command is executed.
00:45:42 INFO  : Context for 'APU' is selected.
00:45:42 INFO  : Sourcing of 'C:/Users/juan_/Documents/FPGA/JA-RM-IPD432/zybo16_vitis_concat/euc16concat/_ide/psinit/ps7_init.tcl' is done.
00:45:43 INFO  : 'ps7_init' command is executed.
00:45:43 INFO  : 'ps7_post_config' command is executed.
00:45:43 INFO  : Context for processor 'ps7_cortexa9_0' is selected.
00:45:43 INFO  : The application 'C:/Users/juan_/Documents/FPGA/JA-RM-IPD432/zybo16_vitis_concat/euc16concat/Debug/euc16concat.elf' is downloaded to processor 'ps7_cortexa9_0'.
00:45:43 INFO  : 'configparams force-mem-access 0' command is executed.
00:45:43 INFO  : ----------------XSDB Script----------------
connect -url tcp:127.0.0.1:3121
targets -set -nocase -filter {name =~"APU*"}
rst -system
after 3000
targets -set -filter {jtag_cable_name =~ "Digilent Zybo 210279A427BAA" && level==0 && jtag_device_ctx=="jsn-Zybo-210279A427BAA-13722093-0"}
fpga -file C:/Users/juan_/Documents/FPGA/JA-RM-IPD432/zybo16_vitis_concat/euc16concat/_ide/bitstream/zybo16_concat.bit
targets -set -nocase -filter {name =~"APU*"}
loadhw -hw C:/Users/juan_/Documents/FPGA/JA-RM-IPD432/zybo16_vitis_concat/zybo16_concat/export/zybo16_concat/hw/zybo16_concat.xsa -mem-ranges [list {0x40000000 0xbfffffff}] -regs
configparams force-mem-access 1
targets -set -nocase -filter {name =~"APU*"}
source C:/Users/juan_/Documents/FPGA/JA-RM-IPD432/zybo16_vitis_concat/euc16concat/_ide/psinit/ps7_init.tcl
ps7_init
ps7_post_config
targets -set -nocase -filter {name =~ "*A9*#0"}
dow C:/Users/juan_/Documents/FPGA/JA-RM-IPD432/zybo16_vitis_concat/euc16concat/Debug/euc16concat.elf
configparams force-mem-access 0
----------------End of Script----------------

00:45:43 INFO  : Context for processor 'ps7_cortexa9_0' is selected.
00:45:43 INFO  : 'con' command is executed.
00:45:43 INFO  : ----------------XSDB Script (After Launch)----------------
targets -set -nocase -filter {name =~ "*A9*#0"}
con
----------------End of Script----------------

00:45:43 INFO  : Launch script is exported to file 'C:\Users\juan_\Documents\FPGA\JA-RM-IPD432\zybo16_vitis_concat\euc16concat_system\_ide\scripts\debugger_euc16concat-default.tcl'
00:48:18 INFO  : No changes in MSS file content so sources will not be generated.
00:54:10 INFO  : Connected to target on host '127.0.0.1' and port '3121'.
00:54:10 INFO  : 'targets -set -filter {jtag_cable_name =~ "Digilent Zybo 210279A427BAA" && level==0 && jtag_device_ctx=="jsn-Zybo-210279A427BAA-13722093-0"}' command is executed.
00:54:11 INFO  : Device configured successfully with "C:/Users/juan_/Documents/FPGA/JA-RM-IPD432/zybo16_vitis_concat/euc16concat/_ide/bitstream/zybo16_concat.bit"
00:54:18 INFO  : Disconnected from the channel tcfchan#5.
00:54:19 INFO  : Connected to target on host '127.0.0.1' and port '3121'.
00:54:21 INFO  : Jtag cable 'Digilent Zybo 210279A427BAA' is selected.
00:54:21 INFO  : 'jtag frequency' command is executed.
00:54:21 INFO  : Context for 'APU' is selected.
00:54:21 INFO  : System reset is completed.
00:54:25 INFO  : 'after 3000' command is executed.
00:54:25 INFO  : 'targets -set -filter {jtag_cable_name =~ "Digilent Zybo 210279A427BAA" && level==0 && jtag_device_ctx=="jsn-Zybo-210279A427BAA-13722093-0"}' command is executed.
00:54:26 INFO  : Device configured successfully with "C:/Users/juan_/Documents/FPGA/JA-RM-IPD432/zybo16_vitis_concat/euc16concat/_ide/bitstream/zybo16_concat.bit"
00:54:26 INFO  : Context for 'APU' is selected.
00:54:26 INFO  : Hardware design and registers information is loaded from 'C:/Users/juan_/Documents/FPGA/JA-RM-IPD432/zybo16_vitis_concat/zybo16_concat/export/zybo16_concat/hw/zybo16_concat.xsa'.
00:54:26 INFO  : 'configparams force-mem-access 1' command is executed.
00:54:26 INFO  : Context for 'APU' is selected.
00:54:26 INFO  : Sourcing of 'C:/Users/juan_/Documents/FPGA/JA-RM-IPD432/zybo16_vitis_concat/euc16concat/_ide/psinit/ps7_init.tcl' is done.
00:54:26 INFO  : 'ps7_init' command is executed.
00:54:26 INFO  : 'ps7_post_config' command is executed.
00:54:26 INFO  : Context for processor 'ps7_cortexa9_0' is selected.
00:54:26 INFO  : The application 'C:/Users/juan_/Documents/FPGA/JA-RM-IPD432/zybo16_vitis_concat/euc16concat/Debug/euc16concat.elf' is downloaded to processor 'ps7_cortexa9_0'.
00:54:27 INFO  : 'configparams force-mem-access 0' command is executed.
00:54:27 INFO  : ----------------XSDB Script----------------
connect -url tcp:127.0.0.1:3121
targets -set -nocase -filter {name =~"APU*"}
rst -system
after 3000
targets -set -filter {jtag_cable_name =~ "Digilent Zybo 210279A427BAA" && level==0 && jtag_device_ctx=="jsn-Zybo-210279A427BAA-13722093-0"}
fpga -file C:/Users/juan_/Documents/FPGA/JA-RM-IPD432/zybo16_vitis_concat/euc16concat/_ide/bitstream/zybo16_concat.bit
targets -set -nocase -filter {name =~"APU*"}
loadhw -hw C:/Users/juan_/Documents/FPGA/JA-RM-IPD432/zybo16_vitis_concat/zybo16_concat/export/zybo16_concat/hw/zybo16_concat.xsa -mem-ranges [list {0x40000000 0xbfffffff}] -regs
configparams force-mem-access 1
targets -set -nocase -filter {name =~"APU*"}
source C:/Users/juan_/Documents/FPGA/JA-RM-IPD432/zybo16_vitis_concat/euc16concat/_ide/psinit/ps7_init.tcl
ps7_init
ps7_post_config
targets -set -nocase -filter {name =~ "*A9*#0"}
dow C:/Users/juan_/Documents/FPGA/JA-RM-IPD432/zybo16_vitis_concat/euc16concat/Debug/euc16concat.elf
configparams force-mem-access 0
----------------End of Script----------------

00:54:27 INFO  : Context for processor 'ps7_cortexa9_0' is selected.
00:54:27 INFO  : 'con' command is executed.
00:54:27 INFO  : ----------------XSDB Script (After Launch)----------------
targets -set -nocase -filter {name =~ "*A9*#0"}
con
----------------End of Script----------------

00:54:27 INFO  : Launch script is exported to file 'C:\Users\juan_\Documents\FPGA\JA-RM-IPD432\zybo16_vitis_concat\euc16concat_system\_ide\scripts\debugger_euc16concat-default.tcl'
00:57:26 INFO  : Result from executing command 'getProjects': zybo16_concat
00:57:26 INFO  : Result from executing command 'getPlatforms': zybo16_concat|C:/Users/juan_/Documents/FPGA/JA-RM-IPD432/zybo16_vitis_concat/zybo16_concat/export/zybo16_concat/zybo16_concat.xpfm
00:57:26 INFO  : Checking for BSP changes to sync application flags for project 'euc16concat'...
00:57:52 INFO  : Connected to target on host '127.0.0.1' and port '3121'.
00:57:52 INFO  : 'targets -set -filter {jtag_cable_name =~ "Digilent Zybo 210279A427BAA" && level==0 && jtag_device_ctx=="jsn-Zybo-210279A427BAA-13722093-0"}' command is executed.
00:57:53 INFO  : Device configured successfully with "C:/Users/juan_/Documents/FPGA/JA-RM-IPD432/zybo16_vitis_concat/euc16concat/_ide/bitstream/zybo16_concat.bit"
00:58:02 INFO  : Disconnected from the channel tcfchan#6.
00:58:03 INFO  : Connected to target on host '127.0.0.1' and port '3121'.
00:58:12 INFO  : ----------------XSDB Script----------------
connect -url tcp:127.0.0.1:3121
----------------End of Script----------------

00:58:12 ERROR : Could not find Jtag device on the board for connection 'Local'.


Troubleshooting hints:
1. Check whether board is connected to system properly.
2. In case of zynq board, check whether Digilent/Xilinx cable switch settings are correct.
3. If you are using Xilinx Platform Cable USB, ensure that status LED is green.
00:58:16 INFO  : Connected to target on host '127.0.0.1' and port '3121'.
00:58:16 INFO  : Jtag cable 'Digilent Zybo 210279A427BAA' is selected.
00:58:16 INFO  : 'jtag frequency' command is executed.
00:58:16 INFO  : Context for 'APU' is selected.
00:58:16 INFO  : System reset is completed.
00:58:19 INFO  : 'after 3000' command is executed.
00:58:20 INFO  : 'targets -set -filter {jtag_cable_name =~ "Digilent Zybo 210279A427BAA" && level==0 && jtag_device_ctx=="jsn-Zybo-210279A427BAA-13722093-0"}' command is executed.
00:58:21 INFO  : Device configured successfully with "C:/Users/juan_/Documents/FPGA/JA-RM-IPD432/zybo16_vitis_concat/euc16concat/_ide/bitstream/zybo16_concat.bit"
00:58:21 INFO  : Context for 'APU' is selected.
00:58:21 INFO  : Hardware design and registers information is loaded from 'C:/Users/juan_/Documents/FPGA/JA-RM-IPD432/zybo16_vitis_concat/zybo16_concat/export/zybo16_concat/hw/zybo16_concat.xsa'.
00:58:21 INFO  : 'configparams force-mem-access 1' command is executed.
00:58:21 INFO  : Context for 'APU' is selected.
00:58:21 INFO  : Sourcing of 'C:/Users/juan_/Documents/FPGA/JA-RM-IPD432/zybo16_vitis_concat/euc16concat/_ide/psinit/ps7_init.tcl' is done.
00:58:21 INFO  : 'ps7_init' command is executed.
00:58:21 INFO  : 'ps7_post_config' command is executed.
00:58:21 INFO  : Context for processor 'ps7_cortexa9_0' is selected.
00:58:22 INFO  : The application 'C:/Users/juan_/Documents/FPGA/JA-RM-IPD432/zybo16_vitis_concat/euc16concat/Debug/euc16concat.elf' is downloaded to processor 'ps7_cortexa9_0'.
00:58:22 INFO  : 'configparams force-mem-access 0' command is executed.
00:58:22 INFO  : ----------------XSDB Script----------------
connect -url tcp:127.0.0.1:3121
targets -set -nocase -filter {name =~"APU*"}
rst -system
after 3000
targets -set -filter {jtag_cable_name =~ "Digilent Zybo 210279A427BAA" && level==0 && jtag_device_ctx=="jsn-Zybo-210279A427BAA-13722093-0"}
fpga -file C:/Users/juan_/Documents/FPGA/JA-RM-IPD432/zybo16_vitis_concat/euc16concat/_ide/bitstream/zybo16_concat.bit
targets -set -nocase -filter {name =~"APU*"}
loadhw -hw C:/Users/juan_/Documents/FPGA/JA-RM-IPD432/zybo16_vitis_concat/zybo16_concat/export/zybo16_concat/hw/zybo16_concat.xsa -mem-ranges [list {0x40000000 0xbfffffff}] -regs
configparams force-mem-access 1
targets -set -nocase -filter {name =~"APU*"}
source C:/Users/juan_/Documents/FPGA/JA-RM-IPD432/zybo16_vitis_concat/euc16concat/_ide/psinit/ps7_init.tcl
ps7_init
ps7_post_config
targets -set -nocase -filter {name =~ "*A9*#0"}
dow C:/Users/juan_/Documents/FPGA/JA-RM-IPD432/zybo16_vitis_concat/euc16concat/Debug/euc16concat.elf
configparams force-mem-access 0
----------------End of Script----------------

00:58:22 INFO  : Context for processor 'ps7_cortexa9_0' is selected.
00:58:22 INFO  : 'con' command is executed.
00:58:22 INFO  : ----------------XSDB Script (After Launch)----------------
targets -set -nocase -filter {name =~ "*A9*#0"}
con
----------------End of Script----------------

00:58:22 INFO  : Launch script is exported to file 'C:\Users\juan_\Documents\FPGA\JA-RM-IPD432\zybo16_vitis_concat\euc16concat_system\_ide\scripts\debugger_euc16concat-default.tcl'
01:00:01 INFO  : Checking for BSP changes to sync application flags for project 'euc16concat'...
01:00:29 INFO  : Connected to target on host '127.0.0.1' and port '3121'.
01:00:29 INFO  : 'targets -set -filter {jtag_cable_name =~ "Digilent Zybo 210279A427BAA" && level==0 && jtag_device_ctx=="jsn-Zybo-210279A427BAA-13722093-0"}' command is executed.
01:00:30 INFO  : Device configured successfully with "C:/Users/juan_/Documents/FPGA/JA-RM-IPD432/zybo16_vitis_concat/euc16concat/_ide/bitstream/zybo16_concat.bit"
01:00:36 INFO  : Disconnected from the channel tcfchan#8.
01:00:37 INFO  : Connected to target on host '127.0.0.1' and port '3121'.
01:00:37 INFO  : Jtag cable 'Digilent Zybo 210279A427BAA' is selected.
01:00:37 ERROR : port closed
01:00:37 INFO  : ----------------XSDB Script----------------
connect -url tcp:127.0.0.1:3121
----------------End of Script----------------

01:00:37 ERROR : port closed
01:00:41 INFO  : Connected to target on host '127.0.0.1' and port '3121'.
01:00:42 INFO  : Jtag cable 'Digilent Zybo 210279A427BAA' is selected.
01:00:42 INFO  : 'jtag frequency' command is executed.
01:00:42 INFO  : Context for 'APU' is selected.
01:00:42 INFO  : System reset is completed.
01:00:45 INFO  : 'after 3000' command is executed.
01:00:45 INFO  : 'targets -set -filter {jtag_cable_name =~ "Digilent Zybo 210279A427BAA" && level==0 && jtag_device_ctx=="jsn-Zybo-210279A427BAA-13722093-0"}' command is executed.
01:00:46 INFO  : Device configured successfully with "C:/Users/juan_/Documents/FPGA/JA-RM-IPD432/zybo16_vitis_concat/euc16concat/_ide/bitstream/zybo16_concat.bit"
01:00:46 INFO  : Context for 'APU' is selected.
01:00:46 INFO  : Hardware design and registers information is loaded from 'C:/Users/juan_/Documents/FPGA/JA-RM-IPD432/zybo16_vitis_concat/zybo16_concat/export/zybo16_concat/hw/zybo16_concat.xsa'.
01:00:46 INFO  : 'configparams force-mem-access 1' command is executed.
01:00:46 INFO  : Context for 'APU' is selected.
01:00:46 INFO  : Sourcing of 'C:/Users/juan_/Documents/FPGA/JA-RM-IPD432/zybo16_vitis_concat/euc16concat/_ide/psinit/ps7_init.tcl' is done.
01:00:46 INFO  : 'ps7_init' command is executed.
01:00:46 INFO  : 'ps7_post_config' command is executed.
01:00:46 INFO  : Context for processor 'ps7_cortexa9_0' is selected.
01:00:47 INFO  : The application 'C:/Users/juan_/Documents/FPGA/JA-RM-IPD432/zybo16_vitis_concat/euc16concat/Debug/euc16concat.elf' is downloaded to processor 'ps7_cortexa9_0'.
01:00:47 INFO  : 'configparams force-mem-access 0' command is executed.
01:00:47 INFO  : ----------------XSDB Script----------------
connect -url tcp:127.0.0.1:3121
targets -set -nocase -filter {name =~"APU*"}
rst -system
after 3000
targets -set -filter {jtag_cable_name =~ "Digilent Zybo 210279A427BAA" && level==0 && jtag_device_ctx=="jsn-Zybo-210279A427BAA-13722093-0"}
fpga -file C:/Users/juan_/Documents/FPGA/JA-RM-IPD432/zybo16_vitis_concat/euc16concat/_ide/bitstream/zybo16_concat.bit
targets -set -nocase -filter {name =~"APU*"}
loadhw -hw C:/Users/juan_/Documents/FPGA/JA-RM-IPD432/zybo16_vitis_concat/zybo16_concat/export/zybo16_concat/hw/zybo16_concat.xsa -mem-ranges [list {0x40000000 0xbfffffff}] -regs
configparams force-mem-access 1
targets -set -nocase -filter {name =~"APU*"}
source C:/Users/juan_/Documents/FPGA/JA-RM-IPD432/zybo16_vitis_concat/euc16concat/_ide/psinit/ps7_init.tcl
ps7_init
ps7_post_config
targets -set -nocase -filter {name =~ "*A9*#0"}
dow C:/Users/juan_/Documents/FPGA/JA-RM-IPD432/zybo16_vitis_concat/euc16concat/Debug/euc16concat.elf
configparams force-mem-access 0
----------------End of Script----------------

01:00:47 INFO  : Context for processor 'ps7_cortexa9_0' is selected.
01:00:47 INFO  : 'con' command is executed.
01:00:47 INFO  : ----------------XSDB Script (After Launch)----------------
targets -set -nocase -filter {name =~ "*A9*#0"}
con
----------------End of Script----------------

01:00:47 INFO  : Launch script is exported to file 'C:\Users\juan_\Documents\FPGA\JA-RM-IPD432\zybo16_vitis_concat\euc16concat_system\_ide\scripts\debugger_euc16concat-default.tcl'
01:02:29 INFO  : Connected to target on host '127.0.0.1' and port '3121'.
01:02:29 INFO  : 'targets -set -filter {jtag_cable_name =~ "Digilent Zybo 210279A427BAA" && level==0 && jtag_device_ctx=="jsn-Zybo-210279A427BAA-13722093-0"}' command is executed.
01:02:31 INFO  : Device configured successfully with "C:/Users/juan_/Documents/FPGA/JA-RM-IPD432/zybo16_vitis_concat/euc16concat/_ide/bitstream/zybo16_concat.bit"
01:02:36 INFO  : Disconnected from the channel tcfchan#9.
01:02:37 INFO  : Connected to target on host '127.0.0.1' and port '3121'.
01:02:37 INFO  : Jtag cable 'Digilent Zybo 210279A427BAA' is selected.
01:02:37 ERROR : port closed
01:02:37 INFO  : ----------------XSDB Script----------------
connect -url tcp:127.0.0.1:3121
----------------End of Script----------------

01:02:37 ERROR : port closed
01:02:42 INFO  : Connected to target on host '127.0.0.1' and port '3121'.
01:02:43 INFO  : Jtag cable 'Digilent Zybo 210279A427BAA' is selected.
01:02:43 INFO  : 'jtag frequency' command is executed.
01:02:43 INFO  : Context for 'APU' is selected.
01:02:43 INFO  : System reset is completed.
01:02:46 INFO  : 'after 3000' command is executed.
01:02:46 INFO  : 'targets -set -filter {jtag_cable_name =~ "Digilent Zybo 210279A427BAA" && level==0 && jtag_device_ctx=="jsn-Zybo-210279A427BAA-13722093-0"}' command is executed.
01:02:47 INFO  : Device configured successfully with "C:/Users/juan_/Documents/FPGA/JA-RM-IPD432/zybo16_vitis_concat/euc16concat/_ide/bitstream/zybo16_concat.bit"
01:02:47 INFO  : Context for 'APU' is selected.
01:02:47 INFO  : Hardware design and registers information is loaded from 'C:/Users/juan_/Documents/FPGA/JA-RM-IPD432/zybo16_vitis_concat/zybo16_concat/export/zybo16_concat/hw/zybo16_concat.xsa'.
01:02:47 INFO  : 'configparams force-mem-access 1' command is executed.
01:02:47 INFO  : Context for 'APU' is selected.
01:02:47 INFO  : Sourcing of 'C:/Users/juan_/Documents/FPGA/JA-RM-IPD432/zybo16_vitis_concat/euc16concat/_ide/psinit/ps7_init.tcl' is done.
01:02:47 INFO  : 'ps7_init' command is executed.
01:02:47 INFO  : 'ps7_post_config' command is executed.
01:02:47 INFO  : Context for processor 'ps7_cortexa9_0' is selected.
01:02:48 INFO  : The application 'C:/Users/juan_/Documents/FPGA/JA-RM-IPD432/zybo16_vitis_concat/euc16concat/Debug/euc16concat.elf' is downloaded to processor 'ps7_cortexa9_0'.
01:02:48 INFO  : 'configparams force-mem-access 0' command is executed.
01:02:48 INFO  : ----------------XSDB Script----------------
connect -url tcp:127.0.0.1:3121
targets -set -nocase -filter {name =~"APU*"}
rst -system
after 3000
targets -set -filter {jtag_cable_name =~ "Digilent Zybo 210279A427BAA" && level==0 && jtag_device_ctx=="jsn-Zybo-210279A427BAA-13722093-0"}
fpga -file C:/Users/juan_/Documents/FPGA/JA-RM-IPD432/zybo16_vitis_concat/euc16concat/_ide/bitstream/zybo16_concat.bit
targets -set -nocase -filter {name =~"APU*"}
loadhw -hw C:/Users/juan_/Documents/FPGA/JA-RM-IPD432/zybo16_vitis_concat/zybo16_concat/export/zybo16_concat/hw/zybo16_concat.xsa -mem-ranges [list {0x40000000 0xbfffffff}] -regs
configparams force-mem-access 1
targets -set -nocase -filter {name =~"APU*"}
source C:/Users/juan_/Documents/FPGA/JA-RM-IPD432/zybo16_vitis_concat/euc16concat/_ide/psinit/ps7_init.tcl
ps7_init
ps7_post_config
targets -set -nocase -filter {name =~ "*A9*#0"}
dow C:/Users/juan_/Documents/FPGA/JA-RM-IPD432/zybo16_vitis_concat/euc16concat/Debug/euc16concat.elf
configparams force-mem-access 0
----------------End of Script----------------

01:02:48 INFO  : Context for processor 'ps7_cortexa9_0' is selected.
01:02:48 INFO  : 'con' command is executed.
01:02:48 INFO  : ----------------XSDB Script (After Launch)----------------
targets -set -nocase -filter {name =~ "*A9*#0"}
con
----------------End of Script----------------

01:02:48 INFO  : Launch script is exported to file 'C:\Users\juan_\Documents\FPGA\JA-RM-IPD432\zybo16_vitis_concat\euc16concat_system\_ide\scripts\debugger_euc16concat-default.tcl'
01:06:08 INFO  : Checking for BSP changes to sync application flags for project 'euc16concat'...
01:06:15 INFO  : Connected to target on host '127.0.0.1' and port '3121'.
01:06:16 INFO  : 'targets -set -filter {jtag_cable_name =~ "Digilent Zybo 210279A427BAA" && level==0 && jtag_device_ctx=="jsn-Zybo-210279A427BAA-13722093-0"}' command is executed.
01:06:17 INFO  : Device configured successfully with "C:/Users/juan_/Documents/FPGA/JA-RM-IPD432/zybo16_vitis_concat/euc16concat/_ide/bitstream/zybo16_concat.bit"
01:06:27 INFO  : Disconnected from the channel tcfchan#10.
01:06:28 INFO  : Connected to target on host '127.0.0.1' and port '3121'.
01:06:29 INFO  : Jtag cable 'Digilent Zybo 210279A427BAA' is selected.
01:06:29 INFO  : 'jtag frequency' command is executed.
01:06:29 INFO  : Context for 'APU' is selected.
01:06:29 INFO  : System reset is completed.
01:06:32 INFO  : 'after 3000' command is executed.
01:06:32 INFO  : 'targets -set -filter {jtag_cable_name =~ "Digilent Zybo 210279A427BAA" && level==0 && jtag_device_ctx=="jsn-Zybo-210279A427BAA-13722093-0"}' command is executed.
01:06:33 INFO  : Device configured successfully with "C:/Users/juan_/Documents/FPGA/JA-RM-IPD432/zybo16_vitis_concat/euc16concat/_ide/bitstream/zybo16_concat.bit"
01:06:33 INFO  : Context for 'APU' is selected.
01:06:33 INFO  : Hardware design and registers information is loaded from 'C:/Users/juan_/Documents/FPGA/JA-RM-IPD432/zybo16_vitis_concat/zybo16_concat/export/zybo16_concat/hw/zybo16_concat.xsa'.
01:06:33 INFO  : 'configparams force-mem-access 1' command is executed.
01:06:33 INFO  : Context for 'APU' is selected.
01:06:33 INFO  : Sourcing of 'C:/Users/juan_/Documents/FPGA/JA-RM-IPD432/zybo16_vitis_concat/euc16concat/_ide/psinit/ps7_init.tcl' is done.
01:06:34 INFO  : 'ps7_init' command is executed.
01:06:34 INFO  : 'ps7_post_config' command is executed.
01:06:34 INFO  : Context for processor 'ps7_cortexa9_0' is selected.
01:06:34 INFO  : The application 'C:/Users/juan_/Documents/FPGA/JA-RM-IPD432/zybo16_vitis_concat/euc16concat/Debug/euc16concat.elf' is downloaded to processor 'ps7_cortexa9_0'.
01:06:34 INFO  : 'configparams force-mem-access 0' command is executed.
01:06:34 INFO  : ----------------XSDB Script----------------
connect -url tcp:127.0.0.1:3121
targets -set -nocase -filter {name =~"APU*"}
rst -system
after 3000
targets -set -filter {jtag_cable_name =~ "Digilent Zybo 210279A427BAA" && level==0 && jtag_device_ctx=="jsn-Zybo-210279A427BAA-13722093-0"}
fpga -file C:/Users/juan_/Documents/FPGA/JA-RM-IPD432/zybo16_vitis_concat/euc16concat/_ide/bitstream/zybo16_concat.bit
targets -set -nocase -filter {name =~"APU*"}
loadhw -hw C:/Users/juan_/Documents/FPGA/JA-RM-IPD432/zybo16_vitis_concat/zybo16_concat/export/zybo16_concat/hw/zybo16_concat.xsa -mem-ranges [list {0x40000000 0xbfffffff}] -regs
configparams force-mem-access 1
targets -set -nocase -filter {name =~"APU*"}
source C:/Users/juan_/Documents/FPGA/JA-RM-IPD432/zybo16_vitis_concat/euc16concat/_ide/psinit/ps7_init.tcl
ps7_init
ps7_post_config
targets -set -nocase -filter {name =~ "*A9*#0"}
dow C:/Users/juan_/Documents/FPGA/JA-RM-IPD432/zybo16_vitis_concat/euc16concat/Debug/euc16concat.elf
configparams force-mem-access 0
----------------End of Script----------------

01:06:34 INFO  : Context for processor 'ps7_cortexa9_0' is selected.
01:06:34 INFO  : 'con' command is executed.
01:06:34 INFO  : ----------------XSDB Script (After Launch)----------------
targets -set -nocase -filter {name =~ "*A9*#0"}
con
----------------End of Script----------------

01:06:34 INFO  : Launch script is exported to file 'C:\Users\juan_\Documents\FPGA\JA-RM-IPD432\zybo16_vitis_concat\euc16concat_system\_ide\scripts\debugger_euc16concat-default.tcl'
01:09:35 INFO  : Checking for BSP changes to sync application flags for project 'euc16concat'...
01:09:54 INFO  : Connected to target on host '127.0.0.1' and port '3121'.
01:09:54 INFO  : 'targets -set -filter {jtag_cable_name =~ "Digilent Zybo 210279A427BAA" && level==0 && jtag_device_ctx=="jsn-Zybo-210279A427BAA-13722093-0"}' command is executed.
01:09:55 INFO  : Device configured successfully with "C:/Users/juan_/Documents/FPGA/JA-RM-IPD432/zybo16_vitis_concat/euc16concat/_ide/bitstream/zybo16_concat.bit"
01:10:03 INFO  : Disconnected from the channel tcfchan#11.
01:10:04 INFO  : Connected to target on host '127.0.0.1' and port '3121'.
01:10:06 INFO  : Jtag cable 'Digilent Zybo 210279A427BAA' is selected.
01:10:06 INFO  : 'jtag frequency' command is executed.
01:10:06 INFO  : Context for 'APU' is selected.
01:10:07 INFO  : System reset is completed.
01:10:10 INFO  : 'after 3000' command is executed.
01:10:10 INFO  : 'targets -set -filter {jtag_cable_name =~ "Digilent Zybo 210279A427BAA" && level==0 && jtag_device_ctx=="jsn-Zybo-210279A427BAA-13722093-0"}' command is executed.
01:10:11 INFO  : Device configured successfully with "C:/Users/juan_/Documents/FPGA/JA-RM-IPD432/zybo16_vitis_concat/euc16concat/_ide/bitstream/zybo16_concat.bit"
01:10:11 INFO  : Context for 'APU' is selected.
01:10:11 INFO  : Hardware design and registers information is loaded from 'C:/Users/juan_/Documents/FPGA/JA-RM-IPD432/zybo16_vitis_concat/zybo16_concat/export/zybo16_concat/hw/zybo16_concat.xsa'.
01:10:11 INFO  : 'configparams force-mem-access 1' command is executed.
01:10:11 INFO  : Context for 'APU' is selected.
01:10:11 INFO  : Sourcing of 'C:/Users/juan_/Documents/FPGA/JA-RM-IPD432/zybo16_vitis_concat/euc16concat/_ide/psinit/ps7_init.tcl' is done.
01:10:11 INFO  : 'ps7_init' command is executed.
01:10:11 INFO  : 'ps7_post_config' command is executed.
01:10:11 INFO  : Context for processor 'ps7_cortexa9_0' is selected.
01:10:12 INFO  : The application 'C:/Users/juan_/Documents/FPGA/JA-RM-IPD432/zybo16_vitis_concat/euc16concat/Debug/euc16concat.elf' is downloaded to processor 'ps7_cortexa9_0'.
01:10:12 INFO  : 'configparams force-mem-access 0' command is executed.
01:10:12 INFO  : ----------------XSDB Script----------------
connect -url tcp:127.0.0.1:3121
targets -set -nocase -filter {name =~"APU*"}
rst -system
after 3000
targets -set -filter {jtag_cable_name =~ "Digilent Zybo 210279A427BAA" && level==0 && jtag_device_ctx=="jsn-Zybo-210279A427BAA-13722093-0"}
fpga -file C:/Users/juan_/Documents/FPGA/JA-RM-IPD432/zybo16_vitis_concat/euc16concat/_ide/bitstream/zybo16_concat.bit
targets -set -nocase -filter {name =~"APU*"}
loadhw -hw C:/Users/juan_/Documents/FPGA/JA-RM-IPD432/zybo16_vitis_concat/zybo16_concat/export/zybo16_concat/hw/zybo16_concat.xsa -mem-ranges [list {0x40000000 0xbfffffff}] -regs
configparams force-mem-access 1
targets -set -nocase -filter {name =~"APU*"}
source C:/Users/juan_/Documents/FPGA/JA-RM-IPD432/zybo16_vitis_concat/euc16concat/_ide/psinit/ps7_init.tcl
ps7_init
ps7_post_config
targets -set -nocase -filter {name =~ "*A9*#0"}
dow C:/Users/juan_/Documents/FPGA/JA-RM-IPD432/zybo16_vitis_concat/euc16concat/Debug/euc16concat.elf
configparams force-mem-access 0
----------------End of Script----------------

01:10:12 INFO  : Context for processor 'ps7_cortexa9_0' is selected.
01:10:12 INFO  : 'con' command is executed.
01:10:12 INFO  : ----------------XSDB Script (After Launch)----------------
targets -set -nocase -filter {name =~ "*A9*#0"}
con
----------------End of Script----------------

01:10:12 INFO  : Launch script is exported to file 'C:\Users\juan_\Documents\FPGA\JA-RM-IPD432\zybo16_vitis_concat\euc16concat_system\_ide\scripts\debugger_euc16concat-default.tcl'
01:12:05 INFO  : Disconnected from the channel tcfchan#12.
01:12:06 INFO  : Connected to target on host '127.0.0.1' and port '3121'.
01:12:07 INFO  : Jtag cable 'Digilent Zybo 210279A427BAA' is selected.
01:12:07 ERROR : port closed
01:12:07 INFO  : ----------------XSDB Script----------------
connect -url tcp:127.0.0.1:3121
----------------End of Script----------------

01:12:07 ERROR : port closed
01:12:14 INFO  : Connected to target on host '127.0.0.1' and port '3121'.
01:12:14 INFO  : Jtag cable 'Digilent Zybo 210279A427BAA' is selected.
01:12:14 INFO  : 'jtag frequency' command is executed.
01:12:14 INFO  : Context for 'APU' is selected.
01:12:15 INFO  : System reset is completed.
01:12:18 INFO  : 'after 3000' command is executed.
01:12:18 INFO  : 'targets -set -filter {jtag_cable_name =~ "Digilent Zybo 210279A427BAA" && level==0 && jtag_device_ctx=="jsn-Zybo-210279A427BAA-13722093-0"}' command is executed.
01:12:19 INFO  : Device configured successfully with "C:/Users/juan_/Documents/FPGA/JA-RM-IPD432/zybo16_vitis_concat/euc16concat/_ide/bitstream/zybo16_concat.bit"
01:12:19 INFO  : Context for 'APU' is selected.
01:12:19 INFO  : Hardware design and registers information is loaded from 'C:/Users/juan_/Documents/FPGA/JA-RM-IPD432/zybo16_vitis_concat/zybo16_concat/export/zybo16_concat/hw/zybo16_concat.xsa'.
01:12:19 INFO  : 'configparams force-mem-access 1' command is executed.
01:12:19 INFO  : Context for 'APU' is selected.
01:12:19 INFO  : Sourcing of 'C:/Users/juan_/Documents/FPGA/JA-RM-IPD432/zybo16_vitis_concat/euc16concat/_ide/psinit/ps7_init.tcl' is done.
01:12:19 INFO  : 'ps7_init' command is executed.
01:12:19 INFO  : 'ps7_post_config' command is executed.
01:12:19 INFO  : Context for processor 'ps7_cortexa9_0' is selected.
01:12:20 INFO  : The application 'C:/Users/juan_/Documents/FPGA/JA-RM-IPD432/zybo16_vitis_concat/euc16concat/Debug/euc16concat.elf' is downloaded to processor 'ps7_cortexa9_0'.
01:12:20 INFO  : 'configparams force-mem-access 0' command is executed.
01:12:20 INFO  : ----------------XSDB Script----------------
connect -url tcp:127.0.0.1:3121
targets -set -nocase -filter {name =~"APU*"}
rst -system
after 3000
targets -set -filter {jtag_cable_name =~ "Digilent Zybo 210279A427BAA" && level==0 && jtag_device_ctx=="jsn-Zybo-210279A427BAA-13722093-0"}
fpga -file C:/Users/juan_/Documents/FPGA/JA-RM-IPD432/zybo16_vitis_concat/euc16concat/_ide/bitstream/zybo16_concat.bit
targets -set -nocase -filter {name =~"APU*"}
loadhw -hw C:/Users/juan_/Documents/FPGA/JA-RM-IPD432/zybo16_vitis_concat/zybo16_concat/export/zybo16_concat/hw/zybo16_concat.xsa -mem-ranges [list {0x40000000 0xbfffffff}] -regs
configparams force-mem-access 1
targets -set -nocase -filter {name =~"APU*"}
source C:/Users/juan_/Documents/FPGA/JA-RM-IPD432/zybo16_vitis_concat/euc16concat/_ide/psinit/ps7_init.tcl
ps7_init
ps7_post_config
targets -set -nocase -filter {name =~ "*A9*#0"}
dow C:/Users/juan_/Documents/FPGA/JA-RM-IPD432/zybo16_vitis_concat/euc16concat/Debug/euc16concat.elf
configparams force-mem-access 0
----------------End of Script----------------

01:12:20 INFO  : Context for processor 'ps7_cortexa9_0' is selected.
01:12:20 INFO  : 'con' command is executed.
01:12:20 INFO  : ----------------XSDB Script (After Launch)----------------
targets -set -nocase -filter {name =~ "*A9*#0"}
con
----------------End of Script----------------

01:12:20 INFO  : Launch script is exported to file 'C:\Users\juan_\Documents\FPGA\JA-RM-IPD432\zybo16_vitis_concat\euc16concat_system\_ide\scripts\debugger_euc16concat-default.tcl'
01:20:30 INFO  : Checking for BSP changes to sync application flags for project 'euc16concat'...
01:20:55 INFO  : Connected to target on host '127.0.0.1' and port '3121'.
01:20:56 INFO  : 'targets -set -filter {jtag_cable_name =~ "Digilent Zybo 210279A427BAA" && level==0 && jtag_device_ctx=="jsn-Zybo-210279A427BAA-13722093-0"}' command is executed.
01:20:57 INFO  : Device configured successfully with "C:/Users/juan_/Documents/FPGA/JA-RM-IPD432/zybo16_vitis_concat/euc16concat/_ide/bitstream/zybo16_concat.bit"
01:21:01 INFO  : Disconnected from the channel tcfchan#13.
01:21:02 INFO  : Connected to target on host '127.0.0.1' and port '3121'.
01:21:03 INFO  : Jtag cable 'Digilent Zybo 210279A427BAA' is selected.
01:21:03 INFO  : 'jtag frequency' command is executed.
01:21:03 INFO  : Context for 'APU' is selected.
01:21:03 INFO  : System reset is completed.
01:21:06 INFO  : 'after 3000' command is executed.
01:21:06 INFO  : 'targets -set -filter {jtag_cable_name =~ "Digilent Zybo 210279A427BAA" && level==0 && jtag_device_ctx=="jsn-Zybo-210279A427BAA-13722093-0"}' command is executed.
01:21:07 INFO  : Device configured successfully with "C:/Users/juan_/Documents/FPGA/JA-RM-IPD432/zybo16_vitis_concat/euc16concat/_ide/bitstream/zybo16_concat.bit"
01:21:07 INFO  : Context for 'APU' is selected.
01:21:07 INFO  : Hardware design and registers information is loaded from 'C:/Users/juan_/Documents/FPGA/JA-RM-IPD432/zybo16_vitis_concat/zybo16_concat/export/zybo16_concat/hw/zybo16_concat.xsa'.
01:21:07 INFO  : 'configparams force-mem-access 1' command is executed.
01:21:07 INFO  : Context for 'APU' is selected.
01:21:07 INFO  : Sourcing of 'C:/Users/juan_/Documents/FPGA/JA-RM-IPD432/zybo16_vitis_concat/euc16concat/_ide/psinit/ps7_init.tcl' is done.
01:21:08 INFO  : 'ps7_init' command is executed.
01:21:08 INFO  : 'ps7_post_config' command is executed.
01:21:08 INFO  : Context for processor 'ps7_cortexa9_0' is selected.
01:21:08 INFO  : The application 'C:/Users/juan_/Documents/FPGA/JA-RM-IPD432/zybo16_vitis_concat/euc16concat/Debug/euc16concat.elf' is downloaded to processor 'ps7_cortexa9_0'.
01:21:08 INFO  : 'configparams force-mem-access 0' command is executed.
01:21:08 INFO  : ----------------XSDB Script----------------
connect -url tcp:127.0.0.1:3121
targets -set -nocase -filter {name =~"APU*"}
rst -system
after 3000
targets -set -filter {jtag_cable_name =~ "Digilent Zybo 210279A427BAA" && level==0 && jtag_device_ctx=="jsn-Zybo-210279A427BAA-13722093-0"}
fpga -file C:/Users/juan_/Documents/FPGA/JA-RM-IPD432/zybo16_vitis_concat/euc16concat/_ide/bitstream/zybo16_concat.bit
targets -set -nocase -filter {name =~"APU*"}
loadhw -hw C:/Users/juan_/Documents/FPGA/JA-RM-IPD432/zybo16_vitis_concat/zybo16_concat/export/zybo16_concat/hw/zybo16_concat.xsa -mem-ranges [list {0x40000000 0xbfffffff}] -regs
configparams force-mem-access 1
targets -set -nocase -filter {name =~"APU*"}
source C:/Users/juan_/Documents/FPGA/JA-RM-IPD432/zybo16_vitis_concat/euc16concat/_ide/psinit/ps7_init.tcl
ps7_init
ps7_post_config
targets -set -nocase -filter {name =~ "*A9*#0"}
dow C:/Users/juan_/Documents/FPGA/JA-RM-IPD432/zybo16_vitis_concat/euc16concat/Debug/euc16concat.elf
configparams force-mem-access 0
----------------End of Script----------------

01:21:08 INFO  : Context for processor 'ps7_cortexa9_0' is selected.
01:21:08 INFO  : 'con' command is executed.
01:21:08 INFO  : ----------------XSDB Script (After Launch)----------------
targets -set -nocase -filter {name =~ "*A9*#0"}
con
----------------End of Script----------------

01:21:08 INFO  : Launch script is exported to file 'C:\Users\juan_\Documents\FPGA\JA-RM-IPD432\zybo16_vitis_concat\euc16concat_system\_ide\scripts\debugger_euc16concat-default.tcl'
01:24:16 INFO  : Disconnected from the channel tcfchan#14.
01:24:17 INFO  : Connected to target on host '127.0.0.1' and port '3121'.
01:24:17 INFO  : Jtag cable 'Digilent Zybo 210279A427BAA' is selected.
01:24:17 INFO  : 'jtag frequency' command is executed.
01:24:17 INFO  : Context for 'APU' is selected.
01:24:17 INFO  : System reset is completed.
01:24:20 INFO  : 'after 3000' command is executed.
01:24:20 INFO  : 'targets -set -filter {jtag_cable_name =~ "Digilent Zybo 210279A427BAA" && level==0 && jtag_device_ctx=="jsn-Zybo-210279A427BAA-13722093-0"}' command is executed.
01:24:21 INFO  : Device configured successfully with "C:/Users/juan_/Documents/FPGA/JA-RM-IPD432/zybo16_vitis_concat/euc16concat/_ide/bitstream/zybo16_concat.bit"
01:24:21 INFO  : Context for 'APU' is selected.
01:24:21 INFO  : Hardware design and registers information is loaded from 'C:/Users/juan_/Documents/FPGA/JA-RM-IPD432/zybo16_vitis_concat/zybo16_concat/export/zybo16_concat/hw/zybo16_concat.xsa'.
01:24:21 INFO  : 'configparams force-mem-access 1' command is executed.
01:24:21 INFO  : Context for 'APU' is selected.
01:24:21 INFO  : Sourcing of 'C:/Users/juan_/Documents/FPGA/JA-RM-IPD432/zybo16_vitis_concat/euc16concat/_ide/psinit/ps7_init.tcl' is done.
01:24:22 INFO  : 'ps7_init' command is executed.
01:24:22 INFO  : 'ps7_post_config' command is executed.
01:24:22 INFO  : Context for processor 'ps7_cortexa9_0' is selected.
01:24:22 INFO  : The application 'C:/Users/juan_/Documents/FPGA/JA-RM-IPD432/zybo16_vitis_concat/euc16concat/Debug/euc16concat.elf' is downloaded to processor 'ps7_cortexa9_0'.
01:24:22 INFO  : 'configparams force-mem-access 0' command is executed.
01:24:22 INFO  : ----------------XSDB Script----------------
connect -url tcp:127.0.0.1:3121
targets -set -nocase -filter {name =~"APU*"}
rst -system
after 3000
targets -set -filter {jtag_cable_name =~ "Digilent Zybo 210279A427BAA" && level==0 && jtag_device_ctx=="jsn-Zybo-210279A427BAA-13722093-0"}
fpga -file C:/Users/juan_/Documents/FPGA/JA-RM-IPD432/zybo16_vitis_concat/euc16concat/_ide/bitstream/zybo16_concat.bit
targets -set -nocase -filter {name =~"APU*"}
loadhw -hw C:/Users/juan_/Documents/FPGA/JA-RM-IPD432/zybo16_vitis_concat/zybo16_concat/export/zybo16_concat/hw/zybo16_concat.xsa -mem-ranges [list {0x40000000 0xbfffffff}] -regs
configparams force-mem-access 1
targets -set -nocase -filter {name =~"APU*"}
source C:/Users/juan_/Documents/FPGA/JA-RM-IPD432/zybo16_vitis_concat/euc16concat/_ide/psinit/ps7_init.tcl
ps7_init
ps7_post_config
targets -set -nocase -filter {name =~ "*A9*#0"}
dow C:/Users/juan_/Documents/FPGA/JA-RM-IPD432/zybo16_vitis_concat/euc16concat/Debug/euc16concat.elf
configparams force-mem-access 0
----------------End of Script----------------

01:24:22 INFO  : Context for processor 'ps7_cortexa9_0' is selected.
01:24:22 INFO  : 'con' command is executed.
01:24:22 INFO  : ----------------XSDB Script (After Launch)----------------
targets -set -nocase -filter {name =~ "*A9*#0"}
con
----------------End of Script----------------

01:24:22 INFO  : Launch script is exported to file 'C:\Users\juan_\Documents\FPGA\JA-RM-IPD432\zybo16_vitis_concat\euc16concat_system\_ide\scripts\debugger_euc16concat-default.tcl'
