xilinx rtfpga
INFO: [Synth 8-5816] Retiming module `eucHW__GB4_tempName`
	Numbers of forward move = 0, and backward move = 0


INFO: [Synth 8-5816] Retiming module `eucHW__GB4_tempName' done


INFO: [Synth 8-5816] Retiming module `eucHW_0`
	Numbers of forward move = 0, and backward move = 0


INFO: [Synth 8-5816] Retiming module `eucHW_0' done


INFO: [Synth 8-5816] Retiming module `TOP`
	Numbers of forward move = 0, and backward move = 0


INFO: [Synth 8-5816] Retiming module `TOP' done


INFO: [Synth 8-3886] merging instance 'PROCC/insti_4/inst/mac_muladd_9s_9s_18s_18_4_1_U785/eucHW_mac_muladd_9s_9s_18s_18_4_1_DSP48_0_U/m_reg_reg[-1111111102]' (FD) to 'PROCC/insti_4/inst/mac_muladd_9s_9s_18s_18_4_1_U785/eucHW_mac_muladd_9s_9s_18s_18_4_1_DSP48_0_U/m_reg_reg[-1111111103]'
INFO: [Synth 8-3886] merging instance 'PROCC/insti_4/inst/mac_muladd_9s_9s_18s_18_4_1_U913/eucHW_mac_muladd_9s_9s_18s_18_4_1_DSP48_0_U/m_reg_reg[-1111111102]' (FD) to 'PROCC/insti_4/inst/mac_muladd_9s_9s_18s_18_4_1_U913/eucHW_mac_muladd_9s_9s_18s_18_4_1_DSP48_0_U/m_reg_reg[-1111111103]'
INFO: [Synth 8-3886] merging instance 'PROCC/insti_4/inst/mac_muladd_9s_9s_18s_18_4_1_U849/eucHW_mac_muladd_9s_9s_18s_18_4_1_DSP48_0_U/m_reg_reg[-1111111102]' (FD) to 'PROCC/insti_4/inst/mac_muladd_9s_9s_18s_18_4_1_U849/eucHW_mac_muladd_9s_9s_18s_18_4_1_DSP48_0_U/m_reg_reg[-1111111103]'
INFO: [Synth 8-3886] merging instance 'PROCC/insti_4/inst/mac_muladd_9s_9s_18s_18_4_1_U817/eucHW_mac_muladd_9s_9s_18s_18_4_1_DSP48_0_U/m_reg_reg[-1111111102]' (FD) to 'PROCC/insti_4/inst/mac_muladd_9s_9s_18s_18_4_1_U817/eucHW_mac_muladd_9s_9s_18s_18_4_1_DSP48_0_U/m_reg_reg[-1111111103]'
INFO: [Synth 8-3886] merging instance 'PROCC/insti_4/inst/mac_muladd_9s_9s_18s_18_4_1_U945/eucHW_mac_muladd_9s_9s_18s_18_4_1_DSP48_0_U/m_reg_reg[-1111111102]' (FD) to 'PROCC/insti_4/inst/mac_muladd_9s_9s_18s_18_4_1_U945/eucHW_mac_muladd_9s_9s_18s_18_4_1_DSP48_0_U/m_reg_reg[-1111111103]'
INFO: [Synth 8-3886] merging instance 'PROCC/insti_4/inst/mac_muladd_9s_9s_18s_18_4_1_U690/eucHW_mac_muladd_9s_9s_18s_18_4_1_DSP48_0_U/m_reg_reg[-1111111102]' (FD) to 'PROCC/insti_4/inst/mac_muladd_9s_9s_18s_18_4_1_U690/eucHW_mac_muladd_9s_9s_18s_18_4_1_DSP48_0_U/m_reg_reg[-1111111103]'
INFO: [Synth 8-3886] merging instance 'PROCC/insti_4/inst/mac_muladd_9s_9s_18s_18_4_1_U881/eucHW_mac_muladd_9s_9s_18s_18_4_1_DSP48_0_U/m_reg_reg[-1111111102]' (FD) to 'PROCC/insti_4/inst/mac_muladd_9s_9s_18s_18_4_1_U881/eucHW_mac_muladd_9s_9s_18s_18_4_1_DSP48_0_U/m_reg_reg[-1111111103]'
INFO: [Synth 8-3886] merging instance 'PROCC/insti_4/inst/mac_muladd_9s_9s_18s_18_4_1_U818/eucHW_mac_muladd_9s_9s_18s_18_4_1_DSP48_0_U/m_reg_reg[-1111111102]' (FD) to 'PROCC/insti_4/inst/mac_muladd_9s_9s_18s_18_4_1_U818/eucHW_mac_muladd_9s_9s_18s_18_4_1_DSP48_0_U/m_reg_reg[-1111111103]'
INFO: [Synth 8-3886] merging instance 'PROCC/insti_4/inst/mac_muladd_9s_9s_18s_18_4_1_U946/eucHW_mac_muladd_9s_9s_18s_18_4_1_DSP48_0_U/m_reg_reg[-1111111102]' (FD) to 'PROCC/insti_4/inst/mac_muladd_9s_9s_18s_18_4_1_U946/eucHW_mac_muladd_9s_9s_18s_18_4_1_DSP48_0_U/m_reg_reg[-1111111103]'
INFO: [Synth 8-3886] merging instance 'PROCC/insti_4/inst/mac_muladd_9s_9s_18s_18_4_1_U691/eucHW_mac_muladd_9s_9s_18s_18_4_1_DSP48_0_U/m_reg_reg[-1111111102]' (FD) to 'PROCC/insti_4/inst/mac_muladd_9s_9s_18s_18_4_1_U691/eucHW_mac_muladd_9s_9s_18s_18_4_1_DSP48_0_U/m_reg_reg[-1111111103]'
INFO: [Synth 8-3886] merging instance 'PROCC/insti_4/inst/mac_muladd_9s_9s_18s_18_4_1_U882/eucHW_mac_muladd_9s_9s_18s_18_4_1_DSP48_0_U/m_reg_reg[-1111111102]' (FD) to 'PROCC/insti_4/inst/mac_muladd_9s_9s_18s_18_4_1_U882/eucHW_mac_muladd_9s_9s_18s_18_4_1_DSP48_0_U/m_reg_reg[-1111111103]'
INFO: [Synth 8-3886] merging instance 'PROCC/insti_4/inst/mac_muladd_9s_9s_18s_18_4_1_U754/eucHW_mac_muladd_9s_9s_18s_18_4_1_DSP48_0_U/m_reg_reg[-1111111102]' (FD) to 'PROCC/insti_4/inst/mac_muladd_9s_9s_18s_18_4_1_U754/eucHW_mac_muladd_9s_9s_18s_18_4_1_DSP48_0_U/m_reg_reg[-1111111103]'
INFO: [Synth 8-3886] merging instance 'PROCC/insti_4/inst/mac_muladd_9s_9s_18s_18_4_1_U787/eucHW_mac_muladd_9s_9s_18s_18_4_1_DSP48_0_U/m_reg_reg[-1111111102]' (FD) to 'PROCC/insti_4/inst/mac_muladd_9s_9s_18s_18_4_1_U787/eucHW_mac_muladd_9s_9s_18s_18_4_1_DSP48_0_U/m_reg_reg[-1111111103]'
INFO: [Synth 8-3886] merging instance 'PROCC/insti_4/inst/mac_muladd_9s_9s_18s_18_4_1_U915/eucHW_mac_muladd_9s_9s_18s_18_4_1_DSP48_0_U/m_reg_reg[-1111111102]' (FD) to 'PROCC/insti_4/inst/mac_muladd_9s_9s_18s_18_4_1_U915/eucHW_mac_muladd_9s_9s_18s_18_4_1_DSP48_0_U/m_reg_reg[-1111111103]'
INFO: [Synth 8-3886] merging instance 'PROCC/insti_4/inst/mac_muladd_9s_9s_18s_18_4_1_U851/eucHW_mac_muladd_9s_9s_18s_18_4_1_DSP48_0_U/m_reg_reg[-1111111102]' (FD) to 'PROCC/insti_4/inst/mac_muladd_9s_9s_18s_18_4_1_U851/eucHW_mac_muladd_9s_9s_18s_18_4_1_DSP48_0_U/m_reg_reg[-1111111103]'
INFO: [Synth 8-3886] merging instance 'PROCC/insti_4/inst/mac_muladd_9s_9s_18s_18_4_1_U979/eucHW_mac_muladd_9s_9s_18s_18_4_1_DSP48_0_U/m_reg_reg[-1111111102]' (FD) to 'PROCC/insti_4/inst/mac_muladd_9s_9s_18s_18_4_1_U979/eucHW_mac_muladd_9s_9s_18s_18_4_1_DSP48_0_U/m_reg_reg[-1111111103]'
INFO: [Synth 8-3886] merging instance 'PROCC/insti_4/inst/mac_muladd_9s_9s_18s_18_4_1_U724/eucHW_mac_muladd_9s_9s_18s_18_4_1_DSP48_0_U/m_reg_reg[-1111111102]' (FD) to 'PROCC/insti_4/inst/mac_muladd_9s_9s_18s_18_4_1_U724/eucHW_mac_muladd_9s_9s_18s_18_4_1_DSP48_0_U/m_reg_reg[-1111111103]'
INFO: [Synth 8-3886] merging instance 'PROCC/insti_4/inst/mac_muladd_9s_9s_18s_18_4_1_U947/eucHW_mac_muladd_9s_9s_18s_18_4_1_DSP48_0_U/m_reg_reg[-1111111102]' (FD) to 'PROCC/insti_4/inst/mac_muladd_9s_9s_18s_18_4_1_U947/eucHW_mac_muladd_9s_9s_18s_18_4_1_DSP48_0_U/m_reg_reg[-1111111103]'
INFO: [Synth 8-3886] merging instance 'PROCC/insti_4/inst/mac_muladd_9s_9s_18s_18_4_1_U692/eucHW_mac_muladd_9s_9s_18s_18_4_1_DSP48_0_U/m_reg_reg[-1111111102]' (FD) to 'PROCC/insti_4/inst/mac_muladd_9s_9s_18s_18_4_1_U692/eucHW_mac_muladd_9s_9s_18s_18_4_1_DSP48_0_U/m_reg_reg[-1111111103]'
INFO: [Synth 8-3886] merging instance 'PROCC/insti_4/inst/mac_muladd_9s_9s_18s_18_4_1_U883/eucHW_mac_muladd_9s_9s_18s_18_4_1_DSP48_0_U/m_reg_reg[-1111111102]' (FD) to 'PROCC/insti_4/inst/mac_muladd_9s_9s_18s_18_4_1_U883/eucHW_mac_muladd_9s_9s_18s_18_4_1_DSP48_0_U/m_reg_reg[-1111111103]'
INFO: [Synth 8-3886] merging instance 'PROCC/insti_4/inst/mac_muladd_9s_9s_18s_18_4_1_U755/eucHW_mac_muladd_9s_9s_18s_18_4_1_DSP48_0_U/m_reg_reg[-1111111102]' (FD) to 'PROCC/insti_4/inst/mac_muladd_9s_9s_18s_18_4_1_U755/eucHW_mac_muladd_9s_9s_18s_18_4_1_DSP48_0_U/m_reg_reg[-1111111103]'
INFO: [Synth 8-3886] merging instance 'PROCC/insti_4/inst/mac_muladd_9s_9s_18s_18_4_1_U788/eucHW_mac_muladd_9s_9s_18s_18_4_1_DSP48_0_U/m_reg_reg[-1111111102]' (FD) to 'PROCC/insti_4/inst/mac_muladd_9s_9s_18s_18_4_1_U788/eucHW_mac_muladd_9s_9s_18s_18_4_1_DSP48_0_U/m_reg_reg[-1111111103]'
INFO: [Synth 8-3886] merging instance 'PROCC/insti_4/inst/mac_muladd_9s_9s_18s_18_4_1_U916/eucHW_mac_muladd_9s_9s_18s_18_4_1_DSP48_0_U/m_reg_reg[-1111111102]' (FD) to 'PROCC/insti_4/inst/mac_muladd_9s_9s_18s_18_4_1_U916/eucHW_mac_muladd_9s_9s_18s_18_4_1_DSP48_0_U/m_reg_reg[-1111111103]'
INFO: [Synth 8-3886] merging instance 'PROCC/insti_4/inst/mac_muladd_9s_9s_18s_18_4_1_U852/eucHW_mac_muladd_9s_9s_18s_18_4_1_DSP48_0_U/m_reg_reg[-1111111102]' (FD) to 'PROCC/insti_4/inst/mac_muladd_9s_9s_18s_18_4_1_U852/eucHW_mac_muladd_9s_9s_18s_18_4_1_DSP48_0_U/m_reg_reg[-1111111103]'
INFO: [Synth 8-3886] merging instance 'PROCC/insti_4/inst/mac_muladd_9s_9s_18s_18_4_1_U980/eucHW_mac_muladd_9s_9s_18s_18_4_1_DSP48_0_U/m_reg_reg[-1111111102]' (FD) to 'PROCC/insti_4/inst/mac_muladd_9s_9s_18s_18_4_1_U980/eucHW_mac_muladd_9s_9s_18s_18_4_1_DSP48_0_U/m_reg_reg[-1111111103]'
INFO: [Synth 8-3886] merging instance 'PROCC/insti_4/inst/mac_muladd_9s_9s_18s_18_4_1_U725/eucHW_mac_muladd_9s_9s_18s_18_4_1_DSP48_0_U/m_reg_reg[-1111111102]' (FD) to 'PROCC/insti_4/inst/mac_muladd_9s_9s_18s_18_4_1_U725/eucHW_mac_muladd_9s_9s_18s_18_4_1_DSP48_0_U/m_reg_reg[-1111111103]'
INFO: [Synth 8-3886] merging instance 'PROCC/insti_4/inst/mac_muladd_9s_9s_18s_18_4_1_U820/eucHW_mac_muladd_9s_9s_18s_18_4_1_DSP48_0_U/m_reg_reg[-1111111102]' (FD) to 'PROCC/insti_4/inst/mac_muladd_9s_9s_18s_18_4_1_U820/eucHW_mac_muladd_9s_9s_18s_18_4_1_DSP48_0_U/m_reg_reg[-1111111103]'
INFO: [Synth 8-3886] merging instance 'PROCC/insti_4/inst/mac_muladd_9s_9s_18s_18_4_1_U948/eucHW_mac_muladd_9s_9s_18s_18_4_1_DSP48_0_U/m_reg_reg[-1111111102]' (FD) to 'PROCC/insti_4/inst/mac_muladd_9s_9s_18s_18_4_1_U948/eucHW_mac_muladd_9s_9s_18s_18_4_1_DSP48_0_U/m_reg_reg[-1111111103]'
INFO: [Synth 8-3886] merging instance 'PROCC/insti_4/inst/mac_muladd_9s_9s_18s_18_4_1_U693/eucHW_mac_muladd_9s_9s_18s_18_4_1_DSP48_0_U/m_reg_reg[-1111111102]' (FD) to 'PROCC/insti_4/inst/mac_muladd_9s_9s_18s_18_4_1_U693/eucHW_mac_muladd_9s_9s_18s_18_4_1_DSP48_0_U/m_reg_reg[-1111111103]'
INFO: [Synth 8-3886] merging instance 'PROCC/insti_4/inst/mac_muladd_9s_9s_18s_18_4_1_U884/eucHW_mac_muladd_9s_9s_18s_18_4_1_DSP48_0_U/m_reg_reg[-1111111102]' (FD) to 'PROCC/insti_4/inst/mac_muladd_9s_9s_18s_18_4_1_U884/eucHW_mac_muladd_9s_9s_18s_18_4_1_DSP48_0_U/m_reg_reg[-1111111103]'
INFO: [Synth 8-3886] merging instance 'PROCC/insti_4/inst/mac_muladd_9s_9s_18s_18_4_1_U756/eucHW_mac_muladd_9s_9s_18s_18_4_1_DSP48_0_U/m_reg_reg[-1111111102]' (FD) to 'PROCC/insti_4/inst/mac_muladd_9s_9s_18s_18_4_1_U756/eucHW_mac_muladd_9s_9s_18s_18_4_1_DSP48_0_U/m_reg_reg[-1111111103]'
INFO: [Synth 8-3886] merging instance 'PROCC/insti_4/inst/mac_muladd_9s_9s_18s_18_4_1_U804/eucHW_mac_muladd_9s_9s_18s_18_4_1_DSP48_0_U/m_reg_reg[-1111111102]' (FD) to 'PROCC/insti_4/inst/mac_muladd_9s_9s_18s_18_4_1_U804/eucHW_mac_muladd_9s_9s_18s_18_4_1_DSP48_0_U/m_reg_reg[-1111111103]'
INFO: [Synth 8-3886] merging instance 'PROCC/insti_4/inst/mac_muladd_9s_9s_18s_18_4_1_U932/eucHW_mac_muladd_9s_9s_18s_18_4_1_DSP48_0_U/m_reg_reg[-1111111102]' (FD) to 'PROCC/insti_4/inst/mac_muladd_9s_9s_18s_18_4_1_U932/eucHW_mac_muladd_9s_9s_18s_18_4_1_DSP48_0_U/m_reg_reg[-1111111103]'
INFO: [Synth 8-3886] merging instance 'PROCC/insti_4/inst/mac_muladd_9s_9s_18s_18_4_1_U868/eucHW_mac_muladd_9s_9s_18s_18_4_1_DSP48_0_U/m_reg_reg[-1111111102]' (FD) to 'PROCC/insti_4/inst/mac_muladd_9s_9s_18s_18_4_1_U868/eucHW_mac_muladd_9s_9s_18s_18_4_1_DSP48_0_U/m_reg_reg[-1111111103]'
INFO: [Synth 8-3886] merging instance 'PROCC/insti_4/inst/mac_muladd_9s_9s_18s_18_4_1_U996/eucHW_mac_muladd_9s_9s_18s_18_4_1_DSP48_0_U/m_reg_reg[-1111111102]' (FD) to 'PROCC/insti_4/inst/mac_muladd_9s_9s_18s_18_4_1_U996/eucHW_mac_muladd_9s_9s_18s_18_4_1_DSP48_0_U/m_reg_reg[-1111111103]'
INFO: [Synth 8-3886] merging instance 'PROCC/insti_4/inst/mac_muladd_9s_9s_18s_18_4_1_U740/eucHW_mac_muladd_9s_9s_18s_18_4_1_DSP48_0_U/m_reg_reg[-1111111102]' (FD) to 'PROCC/insti_4/inst/mac_muladd_9s_9s_18s_18_4_1_U740/eucHW_mac_muladd_9s_9s_18s_18_4_1_DSP48_0_U/m_reg_reg[-1111111103]'
INFO: [Synth 8-3886] merging instance 'PROCC/insti_4/inst/mac_muladd_9s_9s_18s_18_4_1_U773/eucHW_mac_muladd_9s_9s_18s_18_4_1_DSP48_0_U/m_reg_reg[-1111111102]' (FD) to 'PROCC/insti_4/inst/mac_muladd_9s_9s_18s_18_4_1_U773/eucHW_mac_muladd_9s_9s_18s_18_4_1_DSP48_0_U/m_reg_reg[-1111111103]'
INFO: [Synth 8-3886] merging instance 'PROCC/insti_4/inst/mac_muladd_9s_9s_18s_18_4_1_U901/eucHW_mac_muladd_9s_9s_18s_18_4_1_DSP48_0_U/m_reg_reg[-1111111102]' (FD) to 'PROCC/insti_4/inst/mac_muladd_9s_9s_18s_18_4_1_U901/eucHW_mac_muladd_9s_9s_18s_18_4_1_DSP48_0_U/m_reg_reg[-1111111103]'
INFO: [Synth 8-3886] merging instance 'PROCC/insti_4/inst/mac_muladd_9s_9s_18s_18_4_1_U837/eucHW_mac_muladd_9s_9s_18s_18_4_1_DSP48_0_U/m_reg_reg[-1111111102]' (FD) to 'PROCC/insti_4/inst/mac_muladd_9s_9s_18s_18_4_1_U837/eucHW_mac_muladd_9s_9s_18s_18_4_1_DSP48_0_U/m_reg_reg[-1111111103]'
INFO: [Synth 8-3886] merging instance 'PROCC/insti_4/inst/mac_muladd_9s_9s_18s_18_4_1_U965/eucHW_mac_muladd_9s_9s_18s_18_4_1_DSP48_0_U/m_reg_reg[-1111111102]' (FD) to 'PROCC/insti_4/inst/mac_muladd_9s_9s_18s_18_4_1_U965/eucHW_mac_muladd_9s_9s_18s_18_4_1_DSP48_0_U/m_reg_reg[-1111111103]'
INFO: [Synth 8-3886] merging instance 'PROCC/insti_4/inst/mac_muladd_9s_9s_18s_18_4_1_U710/eucHW_mac_muladd_9s_9s_18s_18_4_1_DSP48_0_U/m_reg_reg[-1111111102]' (FD) to 'PROCC/insti_4/inst/mac_muladd_9s_9s_18s_18_4_1_U710/eucHW_mac_muladd_9s_9s_18s_18_4_1_DSP48_0_U/m_reg_reg[-1111111103]'
INFO: [Synth 8-3886] merging instance 'PROCC/insti_4/inst/mac_muladd_9s_9s_18s_18_4_1_U805/eucHW_mac_muladd_9s_9s_18s_18_4_1_DSP48_0_U/m_reg_reg[-1111111102]' (FD) to 'PROCC/insti_4/inst/mac_muladd_9s_9s_18s_18_4_1_U805/eucHW_mac_muladd_9s_9s_18s_18_4_1_DSP48_0_U/m_reg_reg[-1111111103]'
INFO: [Synth 8-3886] merging instance 'PROCC/insti_4/inst/mac_muladd_9s_9s_18s_18_4_1_U997/eucHW_mac_muladd_9s_9s_18s_18_4_1_DSP48_0_U/m_reg_reg[-1111111102]' (FD) to 'PROCC/insti_4/inst/mac_muladd_9s_9s_18s_18_4_1_U997/eucHW_mac_muladd_9s_9s_18s_18_4_1_DSP48_0_U/m_reg_reg[-1111111103]'
INFO: [Synth 8-3886] merging instance 'PROCC/insti_4/inst/mac_muladd_9s_9s_18s_18_4_1_U741/eucHW_mac_muladd_9s_9s_18s_18_4_1_DSP48_0_U/m_reg_reg[-1111111102]' (FD) to 'PROCC/insti_4/inst/mac_muladd_9s_9s_18s_18_4_1_U741/eucHW_mac_muladd_9s_9s_18s_18_4_1_DSP48_0_U/m_reg_reg[-1111111103]'
INFO: [Synth 8-3886] merging instance 'PROCC/insti_4/inst/mac_muladd_9s_9s_18s_18_4_1_U525/eucHW_mac_muladd_9s_9s_18s_18_4_1_DSP48_0_U/m_reg_reg[-1111111102]' (FD) to 'PROCC/insti_4/inst/mac_muladd_9s_9s_18s_18_4_1_U525/eucHW_mac_muladd_9s_9s_18s_18_4_1_DSP48_0_U/m_reg_reg[-1111111103]'
INFO: [Synth 8-3886] merging instance 'PROCC/insti_4/inst/mac_muladd_9s_9s_18s_18_4_1_U780/eucHW_mac_muladd_9s_9s_18s_18_4_1_DSP48_0_U/m_reg_reg[-1111111102]' (FD) to 'PROCC/insti_4/inst/mac_muladd_9s_9s_18s_18_4_1_U780/eucHW_mac_muladd_9s_9s_18s_18_4_1_DSP48_0_U/m_reg_reg[-1111111103]'
INFO: [Synth 8-3886] merging instance 'PROCC/insti_4/inst/mac_muladd_9s_9s_18s_18_4_1_U908/eucHW_mac_muladd_9s_9s_18s_18_4_1_DSP48_0_U/m_reg_reg[-1111111102]' (FD) to 'PROCC/insti_4/inst/mac_muladd_9s_9s_18s_18_4_1_U908/eucHW_mac_muladd_9s_9s_18s_18_4_1_DSP48_0_U/m_reg_reg[-1111111103]'
INFO: [Synth 8-3886] merging instance 'PROCC/insti_4/inst/mac_muladd_9s_9s_18s_18_4_1_U653/eucHW_mac_muladd_9s_9s_18s_18_4_1_DSP48_0_U/m_reg_reg[-1111111102]' (FD) to 'PROCC/insti_4/inst/mac_muladd_9s_9s_18s_18_4_1_U653/eucHW_mac_muladd_9s_9s_18s_18_4_1_DSP48_0_U/m_reg_reg[-1111111103]'
INFO: [Synth 8-3886] merging instance 'PROCC/insti_4/inst/mac_muladd_9s_9s_18s_18_4_1_U844/eucHW_mac_muladd_9s_9s_18s_18_4_1_DSP48_0_U/m_reg_reg[-1111111102]' (FD) to 'PROCC/insti_4/inst/mac_muladd_9s_9s_18s_18_4_1_U844/eucHW_mac_muladd_9s_9s_18s_18_4_1_DSP48_0_U/m_reg_reg[-1111111103]'
INFO: [Synth 8-3886] merging instance 'PROCC/insti_4/inst/mac_muladd_9s_9s_18s_18_4_1_U589/eucHW_mac_muladd_9s_9s_18s_18_4_1_DSP48_0_U/m_reg_reg[-1111111102]' (FD) to 'PROCC/insti_4/inst/mac_muladd_9s_9s_18s_18_4_1_U589/eucHW_mac_muladd_9s_9s_18s_18_4_1_DSP48_0_U/m_reg_reg[-1111111103]'
INFO: [Synth 8-3886] merging instance 'PROCC/insti_4/inst/mac_muladd_9s_9s_18s_18_4_1_U972/eucHW_mac_muladd_9s_9s_18s_18_4_1_DSP48_0_U/m_reg_reg[-1111111102]' (FD) to 'PROCC/insti_4/inst/mac_muladd_9s_9s_18s_18_4_1_U972/eucHW_mac_muladd_9s_9s_18s_18_4_1_DSP48_0_U/m_reg_reg[-1111111103]'
INFO: [Synth 8-3886] merging instance 'PROCC/insti_4/inst/mac_muladd_9s_9s_18s_18_4_1_U717/eucHW_mac_muladd_9s_9s_18s_18_4_1_DSP48_0_U/m_reg_reg[-1111111102]' (FD) to 'PROCC/insti_4/inst/mac_muladd_9s_9s_18s_18_4_1_U717/eucHW_mac_muladd_9s_9s_18s_18_4_1_DSP48_0_U/m_reg_reg[-1111111103]'
INFO: [Synth 8-3886] merging instance 'PROCC/insti_4/inst/mac_muladd_9s_9s_18s_18_4_1_U528/eucHW_mac_muladd_9s_9s_18s_18_4_1_DSP48_0_U/m_reg_reg[-1111111102]' (FD) to 'PROCC/insti_4/inst/mac_muladd_9s_9s_18s_18_4_1_U528/eucHW_mac_muladd_9s_9s_18s_18_4_1_DSP48_0_U/m_reg_reg[-1111111103]'
INFO: [Synth 8-3886] merging instance 'PROCC/insti_4/inst/mac_muladd_9s_9s_18s_18_4_1_U783/eucHW_mac_muladd_9s_9s_18s_18_4_1_DSP48_0_U/m_reg_reg[-1111111102]' (FD) to 'PROCC/insti_4/inst/mac_muladd_9s_9s_18s_18_4_1_U783/eucHW_mac_muladd_9s_9s_18s_18_4_1_DSP48_0_U/m_reg_reg[-1111111103]'
INFO: [Synth 8-3886] merging instance 'PROCC/insti_4/inst/mac_muladd_9s_9s_18s_18_4_1_U911/eucHW_mac_muladd_9s_9s_18s_18_4_1_DSP48_0_U/m_reg_reg[-1111111102]' (FD) to 'PROCC/insti_4/inst/mac_muladd_9s_9s_18s_18_4_1_U911/eucHW_mac_muladd_9s_9s_18s_18_4_1_DSP48_0_U/m_reg_reg[-1111111103]'
INFO: [Synth 8-3886] merging instance 'PROCC/insti_4/inst/mac_muladd_9s_9s_18s_18_4_1_U656/eucHW_mac_muladd_9s_9s_18s_18_4_1_DSP48_0_U/m_reg_reg[-1111111102]' (FD) to 'PROCC/insti_4/inst/mac_muladd_9s_9s_18s_18_4_1_U656/eucHW_mac_muladd_9s_9s_18s_18_4_1_DSP48_0_U/m_reg_reg[-1111111103]'
INFO: [Synth 8-3886] merging instance 'PROCC/insti_4/inst/mac_muladd_9s_9s_18s_18_4_1_U847/eucHW_mac_muladd_9s_9s_18s_18_4_1_DSP48_0_U/m_reg_reg[-1111111102]' (FD) to 'PROCC/insti_4/inst/mac_muladd_9s_9s_18s_18_4_1_U847/eucHW_mac_muladd_9s_9s_18s_18_4_1_DSP48_0_U/m_reg_reg[-1111111103]'
INFO: [Synth 8-3886] merging instance 'PROCC/insti_4/inst/mac_muladd_9s_9s_18s_18_4_1_U592/eucHW_mac_muladd_9s_9s_18s_18_4_1_DSP48_0_U/m_reg_reg[-1111111102]' (FD) to 'PROCC/insti_4/inst/mac_muladd_9s_9s_18s_18_4_1_U592/eucHW_mac_muladd_9s_9s_18s_18_4_1_DSP48_0_U/m_reg_reg[-1111111103]'
INFO: [Synth 8-3886] merging instance 'PROCC/insti_4/inst/mac_muladd_9s_9s_18s_18_4_1_U975/eucHW_mac_muladd_9s_9s_18s_18_4_1_DSP48_0_U/m_reg_reg[-1111111102]' (FD) to 'PROCC/insti_4/inst/mac_muladd_9s_9s_18s_18_4_1_U975/eucHW_mac_muladd_9s_9s_18s_18_4_1_DSP48_0_U/m_reg_reg[-1111111103]'
INFO: [Synth 8-3886] merging instance 'PROCC/insti_4/inst/mac_muladd_9s_9s_18s_18_4_1_U720/eucHW_mac_muladd_9s_9s_18s_18_4_1_DSP48_0_U/m_reg_reg[-1111111102]' (FD) to 'PROCC/insti_4/inst/mac_muladd_9s_9s_18s_18_4_1_U720/eucHW_mac_muladd_9s_9s_18s_18_4_1_DSP48_0_U/m_reg_reg[-1111111103]'
INFO: [Synth 8-3886] merging instance 'PROCC/insti_4/inst/mac_muladd_9s_9s_18s_18_4_1_U857/eucHW_mac_muladd_9s_9s_18s_18_4_1_DSP48_0_U/m_reg_reg[-1111111102]' (FD) to 'PROCC/insti_4/inst/mac_muladd_9s_9s_18s_18_4_1_U857/eucHW_mac_muladd_9s_9s_18s_18_4_1_DSP48_0_U/m_reg_reg[-1111111103]'
INFO: [Synth 8-3886] merging instance 'PROCC/insti_4/inst/mac_muladd_9s_9s_18s_18_4_1_U602/eucHW_mac_muladd_9s_9s_18s_18_4_1_DSP48_0_U/m_reg_reg[-1111111102]' (FD) to 'PROCC/insti_4/inst/mac_muladd_9s_9s_18s_18_4_1_U602/eucHW_mac_muladd_9s_9s_18s_18_4_1_DSP48_0_U/m_reg_reg[-1111111103]'
INFO: [Synth 8-3886] merging instance 'PROCC/insti_4/inst/mac_muladd_9s_9s_18s_18_4_1_U985/eucHW_mac_muladd_9s_9s_18s_18_4_1_DSP48_0_U/m_reg_reg[-1111111102]' (FD) to 'PROCC/insti_4/inst/mac_muladd_9s_9s_18s_18_4_1_U985/eucHW_mac_muladd_9s_9s_18s_18_4_1_DSP48_0_U/m_reg_reg[-1111111103]'
INFO: [Synth 8-3886] merging instance 'PROCC/insti_4/inst/mac_muladd_9s_9s_18s_18_4_1_U730/eucHW_mac_muladd_9s_9s_18s_18_4_1_DSP48_0_U/m_reg_reg[-1111111102]' (FD) to 'PROCC/insti_4/inst/mac_muladd_9s_9s_18s_18_4_1_U730/eucHW_mac_muladd_9s_9s_18s_18_4_1_DSP48_0_U/m_reg_reg[-1111111103]'
INFO: [Synth 8-3886] merging instance 'PROCC/insti_4/inst/mac_muladd_9s_9s_18s_18_4_1_U846/eucHW_mac_muladd_9s_9s_18s_18_4_1_DSP48_0_U/m_reg_reg[-1111111102]' (FD) to 'PROCC/insti_4/inst/mac_muladd_9s_9s_18s_18_4_1_U846/eucHW_mac_muladd_9s_9s_18s_18_4_1_DSP48_0_U/m_reg_reg[-1111111103]'
INFO: [Synth 8-3886] merging instance 'PROCC/insti_4/inst/mac_muladd_9s_9s_18s_18_4_1_U591/eucHW_mac_muladd_9s_9s_18s_18_4_1_DSP48_0_U/m_reg_reg[-1111111102]' (FD) to 'PROCC/insti_4/inst/mac_muladd_9s_9s_18s_18_4_1_U591/eucHW_mac_muladd_9s_9s_18s_18_4_1_DSP48_0_U/m_reg_reg[-1111111103]'
INFO: [Synth 8-3886] merging instance 'PROCC/insti_4/inst/mac_muladd_9s_9s_18s_18_4_1_U974/eucHW_mac_muladd_9s_9s_18s_18_4_1_DSP48_0_U/m_reg_reg[-1111111102]' (FD) to 'PROCC/insti_4/inst/mac_muladd_9s_9s_18s_18_4_1_U974/eucHW_mac_muladd_9s_9s_18s_18_4_1_DSP48_0_U/m_reg_reg[-1111111103]'
INFO: [Synth 8-3886] merging instance 'PROCC/insti_4/inst/mac_muladd_9s_9s_18s_18_4_1_U719/eucHW_mac_muladd_9s_9s_18s_18_4_1_DSP48_0_U/m_reg_reg[-1111111102]' (FD) to 'PROCC/insti_4/inst/mac_muladd_9s_9s_18s_18_4_1_U719/eucHW_mac_muladd_9s_9s_18s_18_4_1_DSP48_0_U/m_reg_reg[-1111111103]'
INFO: [Synth 8-3886] merging instance 'PROCC/insti_4/inst/mac_muladd_9s_9s_18s_18_4_1_U546/eucHW_mac_muladd_9s_9s_18s_18_4_1_DSP48_0_U/m_reg_reg[-1111111102]' (FD) to 'PROCC/insti_4/inst/mac_muladd_9s_9s_18s_18_4_1_U546/eucHW_mac_muladd_9s_9s_18s_18_4_1_DSP48_0_U/m_reg_reg[-1111111103]'
INFO: [Synth 8-3886] merging instance 'PROCC/insti_4/inst/mac_muladd_9s_9s_18s_18_4_1_U801/eucHW_mac_muladd_9s_9s_18s_18_4_1_DSP48_0_U/m_reg_reg[-1111111102]' (FD) to 'PROCC/insti_4/inst/mac_muladd_9s_9s_18s_18_4_1_U801/eucHW_mac_muladd_9s_9s_18s_18_4_1_DSP48_0_U/m_reg_reg[-1111111103]'
INFO: [Synth 8-3886] merging instance 'PROCC/insti_4/inst/mac_muladd_9s_9s_18s_18_4_1_U929/eucHW_mac_muladd_9s_9s_18s_18_4_1_DSP48_0_U/m_reg_reg[-1111111102]' (FD) to 'PROCC/insti_4/inst/mac_muladd_9s_9s_18s_18_4_1_U929/eucHW_mac_muladd_9s_9s_18s_18_4_1_DSP48_0_U/m_reg_reg[-1111111103]'
INFO: [Synth 8-3886] merging instance 'PROCC/insti_4/inst/mac_muladd_9s_9s_18s_18_4_1_U674/eucHW_mac_muladd_9s_9s_18s_18_4_1_DSP48_0_U/m_reg_reg[-1111111102]' (FD) to 'PROCC/insti_4/inst/mac_muladd_9s_9s_18s_18_4_1_U674/eucHW_mac_muladd_9s_9s_18s_18_4_1_DSP48_0_U/m_reg_reg[-1111111103]'
