xilinx rtfpga
INFO: [Synth 8-5816] Retiming module `eucHW__GB5_tempName`
	Numbers of forward move = 0, and backward move = 0


INFO: [Synth 8-5816] Retiming module `eucHW__GB5_tempName' done


INFO: [Synth 8-5816] Retiming module `eucHW_0`
	Numbers of forward move = 0, and backward move = 0


INFO: [Synth 8-5816] Retiming module `eucHW_0' done


INFO: [Synth 8-5816] Retiming module `TOP`
	Numbers of forward move = 0, and backward move = 0


INFO: [Synth 8-5816] Retiming module `TOP' done


INFO: [Synth 8-3886] merging instance 'PROCC/insti_5/inst/mac_muladd_9s_9s_18s_18_4_1_U794/eucHW_mac_muladd_9s_9s_18s_18_4_1_DSP48_0_U/m_reg_reg[-1111111102]' (FD) to 'PROCC/insti_5/inst/mac_muladd_9s_9s_18s_18_4_1_U794/eucHW_mac_muladd_9s_9s_18s_18_4_1_DSP48_0_U/m_reg_reg[-1111111103]'
INFO: [Synth 8-3886] merging instance 'PROCC/insti_5/inst/mac_muladd_9s_9s_18s_18_4_1_U922/eucHW_mac_muladd_9s_9s_18s_18_4_1_DSP48_0_U/m_reg_reg[-1111111102]' (FD) to 'PROCC/insti_5/inst/mac_muladd_9s_9s_18s_18_4_1_U922/eucHW_mac_muladd_9s_9s_18s_18_4_1_DSP48_0_U/m_reg_reg[-1111111103]'
INFO: [Synth 8-3886] merging instance 'PROCC/insti_5/inst/mac_muladd_9s_9s_18s_18_4_1_U858/eucHW_mac_muladd_9s_9s_18s_18_4_1_DSP48_0_U/m_reg_reg[-1111111102]' (FD) to 'PROCC/insti_5/inst/mac_muladd_9s_9s_18s_18_4_1_U858/eucHW_mac_muladd_9s_9s_18s_18_4_1_DSP48_0_U/m_reg_reg[-1111111103]'
INFO: [Synth 8-3886] merging instance 'PROCC/insti_5/inst/mac_muladd_9s_9s_18s_18_4_1_U986/eucHW_mac_muladd_9s_9s_18s_18_4_1_DSP48_0_U/m_reg_reg[-1111111102]' (FD) to 'PROCC/insti_5/inst/mac_muladd_9s_9s_18s_18_4_1_U986/eucHW_mac_muladd_9s_9s_18s_18_4_1_DSP48_0_U/m_reg_reg[-1111111103]'
INFO: [Synth 8-3886] merging instance 'PROCC/insti_5/inst/mac_muladd_9s_9s_18s_18_4_1_U731/eucHW_mac_muladd_9s_9s_18s_18_4_1_DSP48_0_U/m_reg_reg[-1111111102]' (FD) to 'PROCC/insti_5/inst/mac_muladd_9s_9s_18s_18_4_1_U731/eucHW_mac_muladd_9s_9s_18s_18_4_1_DSP48_0_U/m_reg_reg[-1111111103]'
INFO: [Synth 8-3886] merging instance 'PROCC/insti_5/inst/mac_muladd_9s_9s_18s_18_4_1_U826/eucHW_mac_muladd_9s_9s_18s_18_4_1_DSP48_0_U/m_reg_reg[-1111111102]' (FD) to 'PROCC/insti_5/inst/mac_muladd_9s_9s_18s_18_4_1_U826/eucHW_mac_muladd_9s_9s_18s_18_4_1_DSP48_0_U/m_reg_reg[-1111111103]'
INFO: [Synth 8-3886] merging instance 'PROCC/insti_5/inst/mac_muladd_9s_9s_18s_18_4_1_U954/eucHW_mac_muladd_9s_9s_18s_18_4_1_DSP48_0_U/m_reg_reg[-1111111102]' (FD) to 'PROCC/insti_5/inst/mac_muladd_9s_9s_18s_18_4_1_U954/eucHW_mac_muladd_9s_9s_18s_18_4_1_DSP48_0_U/m_reg_reg[-1111111103]'
INFO: [Synth 8-3886] merging instance 'PROCC/insti_5/inst/mac_muladd_9s_9s_18s_18_4_1_U699/eucHW_mac_muladd_9s_9s_18s_18_4_1_DSP48_0_U/m_reg_reg[-1111111102]' (FD) to 'PROCC/insti_5/inst/mac_muladd_9s_9s_18s_18_4_1_U699/eucHW_mac_muladd_9s_9s_18s_18_4_1_DSP48_0_U/m_reg_reg[-1111111103]'
INFO: [Synth 8-3886] merging instance 'PROCC/insti_5/inst/mac_muladd_9s_9s_18s_18_4_1_U890/eucHW_mac_muladd_9s_9s_18s_18_4_1_DSP48_0_U/m_reg_reg[-1111111102]' (FD) to 'PROCC/insti_5/inst/mac_muladd_9s_9s_18s_18_4_1_U890/eucHW_mac_muladd_9s_9s_18s_18_4_1_DSP48_0_U/m_reg_reg[-1111111103]'
INFO: [Synth 8-3886] merging instance 'PROCC/insti_5/inst/mac_muladd_9s_9s_18s_18_4_1_U762/eucHW_mac_muladd_9s_9s_18s_18_4_1_DSP48_0_U/m_reg_reg[-1111111102]' (FD) to 'PROCC/insti_5/inst/mac_muladd_9s_9s_18s_18_4_1_U762/eucHW_mac_muladd_9s_9s_18s_18_4_1_DSP48_0_U/m_reg_reg[-1111111103]'
INFO: [Synth 8-3886] merging instance 'PROCC/insti_5/inst/mac_muladd_9s_9s_18s_18_4_1_U795/eucHW_mac_muladd_9s_9s_18s_18_4_1_DSP48_0_U/m_reg_reg[-1111111102]' (FD) to 'PROCC/insti_5/inst/mac_muladd_9s_9s_18s_18_4_1_U795/eucHW_mac_muladd_9s_9s_18s_18_4_1_DSP48_0_U/m_reg_reg[-1111111103]'
INFO: [Synth 8-3886] merging instance 'PROCC/insti_5/inst/mac_muladd_9s_9s_18s_18_4_1_U923/eucHW_mac_muladd_9s_9s_18s_18_4_1_DSP48_0_U/m_reg_reg[-1111111102]' (FD) to 'PROCC/insti_5/inst/mac_muladd_9s_9s_18s_18_4_1_U923/eucHW_mac_muladd_9s_9s_18s_18_4_1_DSP48_0_U/m_reg_reg[-1111111103]'
INFO: [Synth 8-3886] merging instance 'PROCC/insti_5/inst/mac_muladd_9s_9s_18s_18_4_1_U859/eucHW_mac_muladd_9s_9s_18s_18_4_1_DSP48_0_U/m_reg_reg[-1111111102]' (FD) to 'PROCC/insti_5/inst/mac_muladd_9s_9s_18s_18_4_1_U859/eucHW_mac_muladd_9s_9s_18s_18_4_1_DSP48_0_U/m_reg_reg[-1111111103]'
INFO: [Synth 8-3886] merging instance 'PROCC/insti_5/inst/mac_muladd_9s_9s_18s_18_4_1_U987/eucHW_mac_muladd_9s_9s_18s_18_4_1_DSP48_0_U/m_reg_reg[-1111111102]' (FD) to 'PROCC/insti_5/inst/mac_muladd_9s_9s_18s_18_4_1_U987/eucHW_mac_muladd_9s_9s_18s_18_4_1_DSP48_0_U/m_reg_reg[-1111111103]'
INFO: [Synth 8-3886] merging instance 'PROCC/insti_5/inst/mac_muladd_9s_9s_18s_18_4_1_U732/eucHW_mac_muladd_9s_9s_18s_18_4_1_DSP48_0_U/m_reg_reg[-1111111102]' (FD) to 'PROCC/insti_5/inst/mac_muladd_9s_9s_18s_18_4_1_U732/eucHW_mac_muladd_9s_9s_18s_18_4_1_DSP48_0_U/m_reg_reg[-1111111103]'
INFO: [Synth 8-3886] merging instance 'PROCC/insti_5/inst/mac_muladd_9s_9s_18s_18_4_1_U827/eucHW_mac_muladd_9s_9s_18s_18_4_1_DSP48_0_U/m_reg_reg[-1111111102]' (FD) to 'PROCC/insti_5/inst/mac_muladd_9s_9s_18s_18_4_1_U827/eucHW_mac_muladd_9s_9s_18s_18_4_1_DSP48_0_U/m_reg_reg[-1111111103]'
INFO: [Synth 8-3886] merging instance 'PROCC/insti_5/inst/mac_muladd_9s_9s_18s_18_4_1_U955/eucHW_mac_muladd_9s_9s_18s_18_4_1_DSP48_0_U/m_reg_reg[-1111111102]' (FD) to 'PROCC/insti_5/inst/mac_muladd_9s_9s_18s_18_4_1_U955/eucHW_mac_muladd_9s_9s_18s_18_4_1_DSP48_0_U/m_reg_reg[-1111111103]'
INFO: [Synth 8-3886] merging instance 'PROCC/insti_5/inst/mac_muladd_9s_9s_18s_18_4_1_U700/eucHW_mac_muladd_9s_9s_18s_18_4_1_DSP48_0_U/m_reg_reg[-1111111102]' (FD) to 'PROCC/insti_5/inst/mac_muladd_9s_9s_18s_18_4_1_U700/eucHW_mac_muladd_9s_9s_18s_18_4_1_DSP48_0_U/m_reg_reg[-1111111103]'
INFO: [Synth 8-3886] merging instance 'PROCC/insti_5/inst/mac_muladd_9s_9s_18s_18_4_1_U891/eucHW_mac_muladd_9s_9s_18s_18_4_1_DSP48_0_U/m_reg_reg[-1111111102]' (FD) to 'PROCC/insti_5/inst/mac_muladd_9s_9s_18s_18_4_1_U891/eucHW_mac_muladd_9s_9s_18s_18_4_1_DSP48_0_U/m_reg_reg[-1111111103]'
INFO: [Synth 8-3886] merging instance 'PROCC/insti_5/inst/mac_muladd_9s_9s_18s_18_4_1_U763/eucHW_mac_muladd_9s_9s_18s_18_4_1_DSP48_0_U/m_reg_reg[-1111111102]' (FD) to 'PROCC/insti_5/inst/mac_muladd_9s_9s_18s_18_4_1_U763/eucHW_mac_muladd_9s_9s_18s_18_4_1_DSP48_0_U/m_reg_reg[-1111111103]'
INFO: [Synth 8-3886] merging instance 'PROCC/insti_5/inst/mac_muladd_9s_9s_18s_18_4_1_U797/eucHW_mac_muladd_9s_9s_18s_18_4_1_DSP48_0_U/m_reg_reg[-1111111102]' (FD) to 'PROCC/insti_5/inst/mac_muladd_9s_9s_18s_18_4_1_U797/eucHW_mac_muladd_9s_9s_18s_18_4_1_DSP48_0_U/m_reg_reg[-1111111103]'
INFO: [Synth 8-3886] merging instance 'PROCC/insti_5/inst/mac_muladd_9s_9s_18s_18_4_1_U925/eucHW_mac_muladd_9s_9s_18s_18_4_1_DSP48_0_U/m_reg_reg[-1111111102]' (FD) to 'PROCC/insti_5/inst/mac_muladd_9s_9s_18s_18_4_1_U925/eucHW_mac_muladd_9s_9s_18s_18_4_1_DSP48_0_U/m_reg_reg[-1111111103]'
INFO: [Synth 8-3886] merging instance 'PROCC/insti_5/inst/mac_muladd_9s_9s_18s_18_4_1_U861/eucHW_mac_muladd_9s_9s_18s_18_4_1_DSP48_0_U/m_reg_reg[-1111111102]' (FD) to 'PROCC/insti_5/inst/mac_muladd_9s_9s_18s_18_4_1_U861/eucHW_mac_muladd_9s_9s_18s_18_4_1_DSP48_0_U/m_reg_reg[-1111111103]'
INFO: [Synth 8-3886] merging instance 'PROCC/insti_5/inst/mac_muladd_9s_9s_18s_18_4_1_U989/eucHW_mac_muladd_9s_9s_18s_18_4_1_DSP48_0_U/m_reg_reg[-1111111102]' (FD) to 'PROCC/insti_5/inst/mac_muladd_9s_9s_18s_18_4_1_U989/eucHW_mac_muladd_9s_9s_18s_18_4_1_DSP48_0_U/m_reg_reg[-1111111103]'
INFO: [Synth 8-3886] merging instance 'PROCC/insti_5/inst/mac_muladd_9s_9s_18s_18_4_1_U734/eucHW_mac_muladd_9s_9s_18s_18_4_1_DSP48_0_U/m_reg_reg[-1111111102]' (FD) to 'PROCC/insti_5/inst/mac_muladd_9s_9s_18s_18_4_1_U734/eucHW_mac_muladd_9s_9s_18s_18_4_1_DSP48_0_U/m_reg_reg[-1111111103]'
INFO: [Synth 8-3886] merging instance 'PROCC/insti_5/inst/mac_muladd_9s_9s_18s_18_4_1_U829/eucHW_mac_muladd_9s_9s_18s_18_4_1_DSP48_0_U/m_reg_reg[-1111111102]' (FD) to 'PROCC/insti_5/inst/mac_muladd_9s_9s_18s_18_4_1_U829/eucHW_mac_muladd_9s_9s_18s_18_4_1_DSP48_0_U/m_reg_reg[-1111111103]'
INFO: [Synth 8-3886] merging instance 'PROCC/insti_5/inst/mac_muladd_9s_9s_18s_18_4_1_U957/eucHW_mac_muladd_9s_9s_18s_18_4_1_DSP48_0_U/m_reg_reg[-1111111102]' (FD) to 'PROCC/insti_5/inst/mac_muladd_9s_9s_18s_18_4_1_U957/eucHW_mac_muladd_9s_9s_18s_18_4_1_DSP48_0_U/m_reg_reg[-1111111103]'
INFO: [Synth 8-3886] merging instance 'PROCC/insti_5/inst/mac_muladd_9s_9s_18s_18_4_1_U702/eucHW_mac_muladd_9s_9s_18s_18_4_1_DSP48_0_U/m_reg_reg[-1111111102]' (FD) to 'PROCC/insti_5/inst/mac_muladd_9s_9s_18s_18_4_1_U702/eucHW_mac_muladd_9s_9s_18s_18_4_1_DSP48_0_U/m_reg_reg[-1111111103]'
INFO: [Synth 8-3886] merging instance 'PROCC/insti_5/inst/mac_muladd_9s_9s_18s_18_4_1_U893/eucHW_mac_muladd_9s_9s_18s_18_4_1_DSP48_0_U/m_reg_reg[-1111111102]' (FD) to 'PROCC/insti_5/inst/mac_muladd_9s_9s_18s_18_4_1_U893/eucHW_mac_muladd_9s_9s_18s_18_4_1_DSP48_0_U/m_reg_reg[-1111111103]'
INFO: [Synth 8-3886] merging instance 'PROCC/insti_5/inst/mac_muladd_9s_9s_18s_18_4_1_U765/eucHW_mac_muladd_9s_9s_18s_18_4_1_DSP48_0_U/m_reg_reg[-1111111102]' (FD) to 'PROCC/insti_5/inst/mac_muladd_9s_9s_18s_18_4_1_U765/eucHW_mac_muladd_9s_9s_18s_18_4_1_DSP48_0_U/m_reg_reg[-1111111103]'
INFO: [Synth 8-3886] merging instance 'PROCC/insti_5/inst/mac_muladd_9s_9s_18s_18_4_1_U825/eucHW_mac_muladd_9s_9s_18s_18_4_1_DSP48_0_U/m_reg_reg[-1111111102]' (FD) to 'PROCC/insti_5/inst/mac_muladd_9s_9s_18s_18_4_1_U825/eucHW_mac_muladd_9s_9s_18s_18_4_1_DSP48_0_U/m_reg_reg[-1111111103]'
INFO: [Synth 8-3886] merging instance 'PROCC/insti_5/inst/mac_muladd_9s_9s_18s_18_4_1_U953/eucHW_mac_muladd_9s_9s_18s_18_4_1_DSP48_0_U/m_reg_reg[-1111111102]' (FD) to 'PROCC/insti_5/inst/mac_muladd_9s_9s_18s_18_4_1_U953/eucHW_mac_muladd_9s_9s_18s_18_4_1_DSP48_0_U/m_reg_reg[-1111111103]'
INFO: [Synth 8-3886] merging instance 'PROCC/insti_5/inst/mac_muladd_9s_9s_18s_18_4_1_U698/eucHW_mac_muladd_9s_9s_18s_18_4_1_DSP48_0_U/m_reg_reg[-1111111102]' (FD) to 'PROCC/insti_5/inst/mac_muladd_9s_9s_18s_18_4_1_U698/eucHW_mac_muladd_9s_9s_18s_18_4_1_DSP48_0_U/m_reg_reg[-1111111103]'
INFO: [Synth 8-3886] merging instance 'PROCC/insti_5/inst/mac_muladd_9s_9s_18s_18_4_1_U889/eucHW_mac_muladd_9s_9s_18s_18_4_1_DSP48_0_U/m_reg_reg[-1111111102]' (FD) to 'PROCC/insti_5/inst/mac_muladd_9s_9s_18s_18_4_1_U889/eucHW_mac_muladd_9s_9s_18s_18_4_1_DSP48_0_U/m_reg_reg[-1111111103]'
INFO: [Synth 8-3886] merging instance 'PROCC/insti_5/inst/mac_muladd_9s_9s_18s_18_4_1_U761/eucHW_mac_muladd_9s_9s_18s_18_4_1_DSP48_0_U/m_reg_reg[-1111111102]' (FD) to 'PROCC/insti_5/inst/mac_muladd_9s_9s_18s_18_4_1_U761/eucHW_mac_muladd_9s_9s_18s_18_4_1_DSP48_0_U/m_reg_reg[-1111111103]'
INFO: [Synth 8-3886] merging instance 'PROCC/insti_5/inst/mac_muladd_9s_9s_18s_18_4_1_U810/eucHW_mac_muladd_9s_9s_18s_18_4_1_DSP48_0_U/m_reg_reg[-1111111102]' (FD) to 'PROCC/insti_5/inst/mac_muladd_9s_9s_18s_18_4_1_U810/eucHW_mac_muladd_9s_9s_18s_18_4_1_DSP48_0_U/m_reg_reg[-1111111103]'
INFO: [Synth 8-3886] merging instance 'PROCC/insti_5/inst/mac_muladd_9s_9s_18s_18_4_1_U938/eucHW_mac_muladd_9s_9s_18s_18_4_1_DSP48_0_U/m_reg_reg[-1111111102]' (FD) to 'PROCC/insti_5/inst/mac_muladd_9s_9s_18s_18_4_1_U938/eucHW_mac_muladd_9s_9s_18s_18_4_1_DSP48_0_U/m_reg_reg[-1111111103]'
INFO: [Synth 8-3886] merging instance 'PROCC/insti_5/inst/mac_muladd_9s_9s_18s_18_4_1_U874/eucHW_mac_muladd_9s_9s_18s_18_4_1_DSP48_0_U/m_reg_reg[-1111111102]' (FD) to 'PROCC/insti_5/inst/mac_muladd_9s_9s_18s_18_4_1_U874/eucHW_mac_muladd_9s_9s_18s_18_4_1_DSP48_0_U/m_reg_reg[-1111111103]'
INFO: [Synth 8-3886] merging instance 'PROCC/insti_5/inst/mac_muladd_9s_9s_18s_18_4_1_U746/eucHW_mac_muladd_9s_9s_18s_18_4_1_DSP48_0_U/m_reg_reg[-1111111102]' (FD) to 'PROCC/insti_5/inst/mac_muladd_9s_9s_18s_18_4_1_U746/eucHW_mac_muladd_9s_9s_18s_18_4_1_DSP48_0_U/m_reg_reg[-1111111103]'
INFO: [Synth 8-3886] merging instance 'PROCC/insti_5/inst/mac_muladd_9s_9s_18s_18_4_1_U796/eucHW_mac_muladd_9s_9s_18s_18_4_1_DSP48_0_U/m_reg_reg[-1111111102]' (FD) to 'PROCC/insti_5/inst/mac_muladd_9s_9s_18s_18_4_1_U796/eucHW_mac_muladd_9s_9s_18s_18_4_1_DSP48_0_U/m_reg_reg[-1111111103]'
INFO: [Synth 8-3886] merging instance 'PROCC/insti_5/inst/mac_muladd_9s_9s_18s_18_4_1_U924/eucHW_mac_muladd_9s_9s_18s_18_4_1_DSP48_0_U/m_reg_reg[-1111111102]' (FD) to 'PROCC/insti_5/inst/mac_muladd_9s_9s_18s_18_4_1_U924/eucHW_mac_muladd_9s_9s_18s_18_4_1_DSP48_0_U/m_reg_reg[-1111111103]'
INFO: [Synth 8-3886] merging instance 'PROCC/insti_5/inst/mac_muladd_9s_9s_18s_18_4_1_U860/eucHW_mac_muladd_9s_9s_18s_18_4_1_DSP48_0_U/m_reg_reg[-1111111102]' (FD) to 'PROCC/insti_5/inst/mac_muladd_9s_9s_18s_18_4_1_U860/eucHW_mac_muladd_9s_9s_18s_18_4_1_DSP48_0_U/m_reg_reg[-1111111103]'
INFO: [Synth 8-3886] merging instance 'PROCC/insti_5/inst/mac_muladd_9s_9s_18s_18_4_1_U988/eucHW_mac_muladd_9s_9s_18s_18_4_1_DSP48_0_U/m_reg_reg[-1111111102]' (FD) to 'PROCC/insti_5/inst/mac_muladd_9s_9s_18s_18_4_1_U988/eucHW_mac_muladd_9s_9s_18s_18_4_1_DSP48_0_U/m_reg_reg[-1111111103]'
INFO: [Synth 8-3886] merging instance 'PROCC/insti_5/inst/mac_muladd_9s_9s_18s_18_4_1_U733/eucHW_mac_muladd_9s_9s_18s_18_4_1_DSP48_0_U/m_reg_reg[-1111111102]' (FD) to 'PROCC/insti_5/inst/mac_muladd_9s_9s_18s_18_4_1_U733/eucHW_mac_muladd_9s_9s_18s_18_4_1_DSP48_0_U/m_reg_reg[-1111111103]'
INFO: [Synth 8-3886] merging instance 'PROCC/insti_5/inst/mac_muladd_9s_9s_18s_18_4_1_U814/eucHW_mac_muladd_9s_9s_18s_18_4_1_DSP48_0_U/m_reg_reg[-1111111102]' (FD) to 'PROCC/insti_5/inst/mac_muladd_9s_9s_18s_18_4_1_U814/eucHW_mac_muladd_9s_9s_18s_18_4_1_DSP48_0_U/m_reg_reg[-1111111103]'
INFO: [Synth 8-3886] merging instance 'PROCC/insti_5/inst/mac_muladd_9s_9s_18s_18_4_1_U942/eucHW_mac_muladd_9s_9s_18s_18_4_1_DSP48_0_U/m_reg_reg[-1111111102]' (FD) to 'PROCC/insti_5/inst/mac_muladd_9s_9s_18s_18_4_1_U942/eucHW_mac_muladd_9s_9s_18s_18_4_1_DSP48_0_U/m_reg_reg[-1111111103]'
INFO: [Synth 8-3886] merging instance 'PROCC/insti_5/inst/mac_muladd_9s_9s_18s_18_4_1_U878/eucHW_mac_muladd_9s_9s_18s_18_4_1_DSP48_0_U/m_reg_reg[-1111111102]' (FD) to 'PROCC/insti_5/inst/mac_muladd_9s_9s_18s_18_4_1_U878/eucHW_mac_muladd_9s_9s_18s_18_4_1_DSP48_0_U/m_reg_reg[-1111111103]'
INFO: [Synth 8-3886] merging instance 'PROCC/insti_5/inst/mac_muladd_9s_9s_18s_18_4_1_U750/eucHW_mac_muladd_9s_9s_18s_18_4_1_DSP48_0_U/m_reg_reg[-1111111102]' (FD) to 'PROCC/insti_5/inst/mac_muladd_9s_9s_18s_18_4_1_U750/eucHW_mac_muladd_9s_9s_18s_18_4_1_DSP48_0_U/m_reg_reg[-1111111103]'
INFO: [Synth 8-3886] merging instance 'PROCC/insti_5/inst/mac_muladd_9s_9s_18s_18_4_1_U831/eucHW_mac_muladd_9s_9s_18s_18_4_1_DSP48_0_U/m_reg_reg[-1111111102]' (FD) to 'PROCC/insti_5/inst/mac_muladd_9s_9s_18s_18_4_1_U831/eucHW_mac_muladd_9s_9s_18s_18_4_1_DSP48_0_U/m_reg_reg[-1111111103]'
INFO: [Synth 8-3886] merging instance 'PROCC/insti_5/inst/mac_muladd_9s_9s_18s_18_4_1_U959/eucHW_mac_muladd_9s_9s_18s_18_4_1_DSP48_0_U/m_reg_reg[-1111111102]' (FD) to 'PROCC/insti_5/inst/mac_muladd_9s_9s_18s_18_4_1_U959/eucHW_mac_muladd_9s_9s_18s_18_4_1_DSP48_0_U/m_reg_reg[-1111111103]'
INFO: [Synth 8-3886] merging instance 'PROCC/insti_5/inst/mac_muladd_9s_9s_18s_18_4_1_U704/eucHW_mac_muladd_9s_9s_18s_18_4_1_DSP48_0_U/m_reg_reg[-1111111102]' (FD) to 'PROCC/insti_5/inst/mac_muladd_9s_9s_18s_18_4_1_U704/eucHW_mac_muladd_9s_9s_18s_18_4_1_DSP48_0_U/m_reg_reg[-1111111103]'
INFO: [Synth 8-3886] merging instance 'PROCC/insti_5/inst/mac_muladd_9s_9s_18s_18_4_1_U895/eucHW_mac_muladd_9s_9s_18s_18_4_1_DSP48_0_U/m_reg_reg[-1111111102]' (FD) to 'PROCC/insti_5/inst/mac_muladd_9s_9s_18s_18_4_1_U895/eucHW_mac_muladd_9s_9s_18s_18_4_1_DSP48_0_U/m_reg_reg[-1111111103]'
INFO: [Synth 8-3886] merging instance 'PROCC/insti_5/inst/mac_muladd_9s_9s_18s_18_4_1_U767/eucHW_mac_muladd_9s_9s_18s_18_4_1_DSP48_0_U/m_reg_reg[-1111111102]' (FD) to 'PROCC/insti_5/inst/mac_muladd_9s_9s_18s_18_4_1_U767/eucHW_mac_muladd_9s_9s_18s_18_4_1_DSP48_0_U/m_reg_reg[-1111111103]'
INFO: [Synth 8-3886] merging instance 'PROCC/insti_5/inst/mac_muladd_9s_9s_18s_18_4_1_U832/eucHW_mac_muladd_9s_9s_18s_18_4_1_DSP48_0_U/m_reg_reg[-1111111102]' (FD) to 'PROCC/insti_5/inst/mac_muladd_9s_9s_18s_18_4_1_U832/eucHW_mac_muladd_9s_9s_18s_18_4_1_DSP48_0_U/m_reg_reg[-1111111103]'
INFO: [Synth 8-3886] merging instance 'PROCC/insti_5/inst/mac_muladd_9s_9s_18s_18_4_1_U896/eucHW_mac_muladd_9s_9s_18s_18_4_1_DSP48_0_U/m_reg_reg[-1111111102]' (FD) to 'PROCC/insti_5/inst/mac_muladd_9s_9s_18s_18_4_1_U896/eucHW_mac_muladd_9s_9s_18s_18_4_1_DSP48_0_U/m_reg_reg[-1111111103]'
INFO: [Synth 8-3886] merging instance 'PROCC/insti_5/inst/mac_muladd_9s_9s_18s_18_4_1_U768/eucHW_mac_muladd_9s_9s_18s_18_4_1_DSP48_0_U/m_reg_reg[-1111111102]' (FD) to 'PROCC/insti_5/inst/mac_muladd_9s_9s_18s_18_4_1_U768/eucHW_mac_muladd_9s_9s_18s_18_4_1_DSP48_0_U/m_reg_reg[-1111111103]'
INFO: [Synth 8-3886] merging instance 'PROCC/insti_5/inst/mac_muladd_9s_9s_18s_18_4_1_U775/eucHW_mac_muladd_9s_9s_18s_18_4_1_DSP48_0_U/m_reg_reg[-1111111102]' (FD) to 'PROCC/insti_5/inst/mac_muladd_9s_9s_18s_18_4_1_U775/eucHW_mac_muladd_9s_9s_18s_18_4_1_DSP48_0_U/m_reg_reg[-1111111103]'
INFO: [Synth 8-3886] merging instance 'PROCC/insti_5/inst/mac_muladd_9s_9s_18s_18_4_1_U903/eucHW_mac_muladd_9s_9s_18s_18_4_1_DSP48_0_U/m_reg_reg[-1111111102]' (FD) to 'PROCC/insti_5/inst/mac_muladd_9s_9s_18s_18_4_1_U903/eucHW_mac_muladd_9s_9s_18s_18_4_1_DSP48_0_U/m_reg_reg[-1111111103]'
INFO: [Synth 8-3886] merging instance 'PROCC/insti_5/inst/mac_muladd_9s_9s_18s_18_4_1_U850/eucHW_mac_muladd_9s_9s_18s_18_4_1_DSP48_0_U/m_reg_reg[-1111111102]' (FD) to 'PROCC/insti_5/inst/mac_muladd_9s_9s_18s_18_4_1_U850/eucHW_mac_muladd_9s_9s_18s_18_4_1_DSP48_0_U/m_reg_reg[-1111111103]'
INFO: [Synth 8-3886] merging instance 'PROCC/insti_5/inst/mac_muladd_9s_9s_18s_18_4_1_U978/eucHW_mac_muladd_9s_9s_18s_18_4_1_DSP48_0_U/m_reg_reg[-1111111102]' (FD) to 'PROCC/insti_5/inst/mac_muladd_9s_9s_18s_18_4_1_U978/eucHW_mac_muladd_9s_9s_18s_18_4_1_DSP48_0_U/m_reg_reg[-1111111103]'
INFO: [Synth 8-3886] merging instance 'PROCC/insti_5/inst/mac_muladd_9s_9s_18s_18_4_1_U723/eucHW_mac_muladd_9s_9s_18s_18_4_1_DSP48_0_U/m_reg_reg[-1111111102]' (FD) to 'PROCC/insti_5/inst/mac_muladd_9s_9s_18s_18_4_1_U723/eucHW_mac_muladd_9s_9s_18s_18_4_1_DSP48_0_U/m_reg_reg[-1111111103]'
INFO: [Synth 8-3886] merging instance 'PROCC/insti_5/inst/mac_muladd_9s_9s_18s_18_4_1_U778/eucHW_mac_muladd_9s_9s_18s_18_4_1_DSP48_0_U/m_reg_reg[-1111111102]' (FD) to 'PROCC/insti_5/inst/mac_muladd_9s_9s_18s_18_4_1_U778/eucHW_mac_muladd_9s_9s_18s_18_4_1_DSP48_0_U/m_reg_reg[-1111111103]'
INFO: [Synth 8-3886] merging instance 'PROCC/insti_5/inst/mac_muladd_9s_9s_18s_18_4_1_U906/eucHW_mac_muladd_9s_9s_18s_18_4_1_DSP48_0_U/m_reg_reg[-1111111102]' (FD) to 'PROCC/insti_5/inst/mac_muladd_9s_9s_18s_18_4_1_U906/eucHW_mac_muladd_9s_9s_18s_18_4_1_DSP48_0_U/m_reg_reg[-1111111103]'
INFO: [Synth 8-3886] merging instance 'PROCC/insti_5/inst/mac_muladd_9s_9s_18s_18_4_1_U894/eucHW_mac_muladd_9s_9s_18s_18_4_1_DSP48_0_U/m_reg_reg[-1111111102]' (FD) to 'PROCC/insti_5/inst/mac_muladd_9s_9s_18s_18_4_1_U894/eucHW_mac_muladd_9s_9s_18s_18_4_1_DSP48_0_U/m_reg_reg[-1111111103]'
INFO: [Synth 8-3886] merging instance 'PROCC/insti_5/inst/mac_muladd_9s_9s_18s_18_4_1_U766/eucHW_mac_muladd_9s_9s_18s_18_4_1_DSP48_0_U/m_reg_reg[-1111111102]' (FD) to 'PROCC/insti_5/inst/mac_muladd_9s_9s_18s_18_4_1_U766/eucHW_mac_muladd_9s_9s_18s_18_4_1_DSP48_0_U/m_reg_reg[-1111111103]'
INFO: [Synth 8-3886] merging instance 'PROCC/insti_5/inst/mac_muladd_9s_9s_18s_18_4_1_U864/eucHW_mac_muladd_9s_9s_18s_18_4_1_DSP48_0_U/m_reg_reg[-1111111102]' (FD) to 'PROCC/insti_5/inst/mac_muladd_9s_9s_18s_18_4_1_U864/eucHW_mac_muladd_9s_9s_18s_18_4_1_DSP48_0_U/m_reg_reg[-1111111103]'
INFO: [Synth 8-3886] merging instance 'PROCC/insti_5/inst/mac_muladd_9s_9s_18s_18_4_1_U992/eucHW_mac_muladd_9s_9s_18s_18_4_1_DSP48_0_U/m_reg_reg[-1111111102]' (FD) to 'PROCC/insti_5/inst/mac_muladd_9s_9s_18s_18_4_1_U992/eucHW_mac_muladd_9s_9s_18s_18_4_1_DSP48_0_U/m_reg_reg[-1111111103]'
INFO: [Synth 8-3886] merging instance 'PROCC/insti_5/inst/mac_muladd_9s_9s_18s_18_4_1_U737/eucHW_mac_muladd_9s_9s_18s_18_4_1_DSP48_0_U/m_reg_reg[-1111111102]' (FD) to 'PROCC/insti_5/inst/mac_muladd_9s_9s_18s_18_4_1_U737/eucHW_mac_muladd_9s_9s_18s_18_4_1_DSP48_0_U/m_reg_reg[-1111111103]'
INFO: [Synth 8-3886] merging instance 'PROCC/insti_5/inst/mac_muladd_9s_9s_18s_18_4_1_U958/eucHW_mac_muladd_9s_9s_18s_18_4_1_DSP48_0_U/m_reg_reg[-1111111102]' (FD) to 'PROCC/insti_5/inst/mac_muladd_9s_9s_18s_18_4_1_U958/eucHW_mac_muladd_9s_9s_18s_18_4_1_DSP48_0_U/m_reg_reg[-1111111103]'
INFO: [Synth 8-3886] merging instance 'PROCC/insti_5/inst/mac_muladd_9s_9s_18s_18_4_1_U703/eucHW_mac_muladd_9s_9s_18s_18_4_1_DSP48_0_U/m_reg_reg[-1111111102]' (FD) to 'PROCC/insti_5/inst/mac_muladd_9s_9s_18s_18_4_1_U703/eucHW_mac_muladd_9s_9s_18s_18_4_1_DSP48_0_U/m_reg_reg[-1111111103]'
INFO: [Synth 8-3886] merging instance 'PROCC/insti_5/inst/mac_muladd_9s_9s_18s_18_4_1_U800/eucHW_mac_muladd_9s_9s_18s_18_4_1_DSP48_0_U/m_reg_reg[-1111111102]' (FD) to 'PROCC/insti_5/inst/mac_muladd_9s_9s_18s_18_4_1_U800/eucHW_mac_muladd_9s_9s_18s_18_4_1_DSP48_0_U/m_reg_reg[-1111111103]'
