
*** Running vivado
    with args -log TOP.vds -m64 -product Vivado -mode batch -messageDb vivado.pb -notrace -source TOP.tcl



****** Vivado v2021.1 (64-bit)
  **** SW Build 3247384 on Thu Jun 10 19:36:33 MDT 2021
  **** IP Build 3246043 on Fri Jun 11 00:30:35 MDT 2021
    ** Copyright 1986-2021 Xilinx, Inc. All Rights Reserved.

source TOP.tcl -notrace
INFO: [IP_Flow 19-234] Refreshing IP repositories
INFO: [IP_Flow 19-1700] Loaded user IP repository 'c:/Users/ricar/Desktop/super_digitales/IPs/eucDistHW_unroll'.
INFO: [IP_Flow 19-2313] Loaded Vivado IP repository 'C:/Xilinx/Vivado/2021.1/data/ip'.
WARNING: [IP_Flow 19-4995] The host OS only allows 260 characters in a normal path. The IP cache path is more than 80 characters. If you experience issues with IP caching, please consider changing the IP cache to a location with a shorter path. Alternately consider using the OS subst command to map part of the path to a drive letter. 
Current IP cache path is c:/Users/ricar/Desktop/super_digitales/Tarea 4/T4_PRO_OP_PIPE/T3_PRO_OP_PIPE.cache/ip 
Command: synth_design -top TOP -part xc7a100tcsg324-1 -directive AreaOptimized_high -control_set_opt_threshold 1
Starting synth_design
Attempting to get a license for feature 'Synthesis' and/or device 'xc7a100t'
INFO: [Common 17-349] Got license for feature 'Synthesis' and/or device 'xc7a100t'
INFO: [Device 21-403] Loading part xc7a100tcsg324-1
INFO: [Synth 8-7079] Multithreading enabled for synth_design using a maximum of 2 processes.
INFO: [Synth 8-7078] Launching helper process for spawning children vivado processes
INFO: [Synth 8-7075] Helper process launched with PID 11644
---------------------------------------------------------------------------------
Starting RTL Elaboration : Time (s): cpu = 00:00:08 ; elapsed = 00:00:10 . Memory (MB): peak = 1123.777 ; gain = 0.000
---------------------------------------------------------------------------------
INFO: [Synth 8-6157] synthesizing module 'TOP' [C:/Users/ricar/Desktop/super_digitales/Tarea 4/T4_PRO_OP_PIPE/T3_PRO_OP_PIPE.srcs/sources_1/new/TOP.sv:11]
INFO: [Synth 8-6157] synthesizing module 'UART_RX_Logic' [C:/Users/ricar/Desktop/super_digitales/Tarea 4/T4_PRO_OP_PIPE/T3_PRO_OP_PIPE.srcs/sources_1/new/UART_RX_Logic.sv:10]
	Parameter BR_SIZE bound to: 1024 - type: integer 
	Parameter BR_WIDTH bound to: 10 - type: integer 
	Parameter CLK_FREQUENCY bound to: 100000000 - type: integer 
	Parameter BAUD_RATE bound to: 115200 - type: integer 
INFO: [Synth 8-6157] synthesizing module 'uart_baud_tick_gen' [C:/Users/ricar/Desktop/super_digitales/Tarea 4/T4_PRO_OP_PIPE/T3_PRO_OP_PIPE.srcs/sources_1/new/uart_baud_tick_gen.v:11]
	Parameter CLK_FREQUENCY bound to: 100000000 - type: integer 
	Parameter BAUD_RATE bound to: 115200 - type: integer 
	Parameter OVERSAMPLING bound to: 8 - type: integer 
INFO: [Synth 8-6155] done synthesizing module 'uart_baud_tick_gen' (1#1) [C:/Users/ricar/Desktop/super_digitales/Tarea 4/T4_PRO_OP_PIPE/T3_PRO_OP_PIPE.srcs/sources_1/new/uart_baud_tick_gen.v:11]
INFO: [Synth 8-6157] synthesizing module 'uart_rx' [C:/Users/ricar/Desktop/super_digitales/Tarea 4/T4_PRO_OP_PIPE/T3_PRO_OP_PIPE.srcs/sources_1/new/uart_rx.v:10]
INFO: [Synth 8-6157] synthesizing module 'data_sync' [C:/Users/ricar/Desktop/super_digitales/Tarea 4/T4_PRO_OP_PIPE/T3_PRO_OP_PIPE.srcs/sources_1/new/data_sync.v:11]
INFO: [Synth 8-6155] done synthesizing module 'data_sync' (2#1) [C:/Users/ricar/Desktop/super_digitales/Tarea 4/T4_PRO_OP_PIPE/T3_PRO_OP_PIPE.srcs/sources_1/new/data_sync.v:11]
INFO: [Synth 8-155] case statement is not full and has no default [C:/Users/ricar/Desktop/super_digitales/Tarea 4/T4_PRO_OP_PIPE/T3_PRO_OP_PIPE.srcs/sources_1/new/uart_rx.v:78]
INFO: [Synth 8-6155] done synthesizing module 'uart_rx' (3#1) [C:/Users/ricar/Desktop/super_digitales/Tarea 4/T4_PRO_OP_PIPE/T3_PRO_OP_PIPE.srcs/sources_1/new/uart_rx.v:10]
INFO: [Synth 8-6157] synthesizing module 'fsm_rx' [C:/Users/ricar/Desktop/super_digitales/Tarea 4/T4_PRO_OP_PIPE/T3_PRO_OP_PIPE.srcs/sources_1/new/fsm_rx.sv:10]
	Parameter BR_SIZE bound to: 1024 - type: integer 
	Parameter BR_WIDTH bound to: 10 - type: integer 
INFO: [Synth 8-155] case statement is not full and has no default [C:/Users/ricar/Desktop/super_digitales/Tarea 4/T4_PRO_OP_PIPE/T3_PRO_OP_PIPE.srcs/sources_1/new/fsm_rx.sv:56]
INFO: [Synth 8-6155] done synthesizing module 'fsm_rx' (4#1) [C:/Users/ricar/Desktop/super_digitales/Tarea 4/T4_PRO_OP_PIPE/T3_PRO_OP_PIPE.srcs/sources_1/new/fsm_rx.sv:10]
INFO: [Synth 8-6157] synthesizing module 'fsm_rx_data_in' [C:/Users/ricar/Desktop/super_digitales/Tarea 4/T4_PRO_OP_PIPE/T3_PRO_OP_PIPE.srcs/sources_1/new/fsm_rx_data_in.sv:10]
INFO: [Synth 8-155] case statement is not full and has no default [C:/Users/ricar/Desktop/super_digitales/Tarea 4/T4_PRO_OP_PIPE/T3_PRO_OP_PIPE.srcs/sources_1/new/fsm_rx_data_in.sv:64]
INFO: [Synth 8-6155] done synthesizing module 'fsm_rx_data_in' (5#1) [C:/Users/ricar/Desktop/super_digitales/Tarea 4/T4_PRO_OP_PIPE/T3_PRO_OP_PIPE.srcs/sources_1/new/fsm_rx_data_in.sv:10]
INFO: [Synth 8-6155] done synthesizing module 'UART_RX_Logic' (6#1) [C:/Users/ricar/Desktop/super_digitales/Tarea 4/T4_PRO_OP_PIPE/T3_PRO_OP_PIPE.srcs/sources_1/new/UART_RX_Logic.sv:10]
INFO: [Synth 8-6157] synthesizing module 'BRAM' [C:/Users/ricar/Desktop/super_digitales/Tarea 4/T4_PRO_OP_PIPE/T3_PRO_OP_PIPE.srcs/sources_1/new/BRAM.sv:23]
	Parameter WIDTH bound to: 1024 - type: integer 
	Parameter SIZE bound to: 10 - type: integer 
	Parameter NBITS bound to: 8 - type: integer 
