00:07:32 INFO  : Launching XSCT server: xsct.bat -n  -interactive C:\Users\juan_\Desktop\zybo_128_vitis\temp_xsdb_launch_script.tcl
00:07:32 INFO  : Platform repository initialization has completed.
00:07:32 INFO  : Registering command handlers for Vitis TCF services
00:07:35 INFO  : XSCT server has started successfully.
00:07:35 INFO  : Successfully done setting XSCT server connection channel  
00:07:35 INFO  : plnx-install-location is set to ''
00:07:35 INFO  : Successfully done setting workspace for the tool. 
00:07:35 INFO  : Successfully done query RDI_DATADIR 
00:08:18 INFO  : Result from executing command 'getProjects': euc128
00:08:18 INFO  : Result from executing command 'getPlatforms': 
00:08:18 WARN  : An unexpected exception occurred in the module 'platform project logging'
00:08:19 INFO  : Platform 'euc128' is added to custom repositories.
00:08:28 INFO  : Platform 'euc128' is added to custom repositories.
01:02:26 INFO  : Result from executing command 'getProjects': euc128
01:02:26 INFO  : Result from executing command 'getPlatforms': euc128|C:/Users/juan_/Desktop/zybo_128_vitis/euc128/export/euc128/euc128.xpfm
01:09:59 INFO  : Checking for BSP changes to sync application flags for project 'euc128vitis'...
01:11:03 INFO  : Checking for BSP changes to sync application flags for project 'euc128vitis'...
01:11:06 INFO  : Checking for BSP changes to sync application flags for project 'euc128vitis'...
01:11:07 INFO  : Checking for BSP changes to sync application flags for project 'euc128vitis'...
01:11:54 INFO  : Checking for BSP changes to sync application flags for project 'euc128vitis'...
01:11:56 INFO  : Checking for BSP changes to sync application flags for project 'euc128vitis'...
01:12:51 INFO  : Checking for BSP changes to sync application flags for project 'euc128vitis'...
01:12:52 INFO  : Checking for BSP changes to sync application flags for project 'euc128vitis'...
01:13:06 INFO  : Checking for BSP changes to sync application flags for project 'euc128vitis'...
01:13:07 INFO  : Checking for BSP changes to sync application flags for project 'euc128vitis'...
01:14:37 INFO  : Checking for BSP changes to sync application flags for project 'euc128vitis'...
01:14:41 INFO  : Checking for BSP changes to sync application flags for project 'euc128vitis'...
01:14:52 INFO  : Checking for BSP changes to sync application flags for project 'euc128vitis'...
01:15:03 INFO  : Checking for BSP changes to sync application flags for project 'euc128vitis'...
01:15:23 INFO  : Connected to target on host '127.0.0.1' and port '3121'.
01:15:24 INFO  : 'targets -set -filter {jtag_cable_name =~ "Digilent Zybo 210279A427BAA" && level==0 && jtag_device_ctx=="jsn-Zybo-210279A427BAA-13722093-0"}' command is executed.
01:15:25 INFO  : Device configured successfully with "C:/Users/juan_/Desktop/zybo_128_vitis/euc128vitis/_ide/bitstream/euc128.bit"
01:15:36 INFO  : Connected to target on host '127.0.0.1' and port '3121'.
01:15:36 INFO  : Jtag cable 'Digilent Zybo 210279A427BAA' is selected.
01:15:36 INFO  : 'jtag frequency' command is executed.
01:15:36 INFO  : Context for 'APU' is selected.
01:15:36 INFO  : System reset is completed.
01:15:39 INFO  : 'after 3000' command is executed.
01:15:39 INFO  : 'targets -set -filter {jtag_cable_name =~ "Digilent Zybo 210279A427BAA" && level==0 && jtag_device_ctx=="jsn-Zybo-210279A427BAA-13722093-0"}' command is executed.
01:15:41 INFO  : Device configured successfully with "C:/Users/juan_/Desktop/zybo_128_vitis/euc128vitis/_ide/bitstream/euc128.bit"
01:15:41 INFO  : Context for 'APU' is selected.
01:15:41 INFO  : Hardware design and registers information is loaded from 'C:/Users/juan_/Desktop/zybo_128_vitis/euc128/export/euc128/hw/euc128.xsa'.
01:15:41 INFO  : 'configparams force-mem-access 1' command is executed.
01:15:41 INFO  : Context for 'APU' is selected.
01:15:41 INFO  : Sourcing of 'C:/Users/juan_/Desktop/zybo_128_vitis/euc128vitis/_ide/psinit/ps7_init.tcl' is done.
01:15:42 INFO  : 'ps7_init' command is executed.
01:15:42 INFO  : 'ps7_post_config' command is executed.
01:15:42 INFO  : Context for processor 'ps7_cortexa9_0' is selected.
01:15:42 INFO  : The application 'C:/Users/juan_/Desktop/zybo_128_vitis/euc128vitis/Debug/euc128vitis.elf' is downloaded to processor 'ps7_cortexa9_0'.
01:15:42 INFO  : 'configparams force-mem-access 0' command is executed.
01:15:42 INFO  : ----------------XSDB Script----------------
connect -url tcp:127.0.0.1:3121
targets -set -nocase -filter {name =~"APU*"}
rst -system
after 3000
targets -set -filter {jtag_cable_name =~ "Digilent Zybo 210279A427BAA" && level==0 && jtag_device_ctx=="jsn-Zybo-210279A427BAA-13722093-0"}
fpga -file C:/Users/juan_/Desktop/zybo_128_vitis/euc128vitis/_ide/bitstream/euc128.bit
targets -set -nocase -filter {name =~"APU*"}
loadhw -hw C:/Users/juan_/Desktop/zybo_128_vitis/euc128/export/euc128/hw/euc128.xsa -mem-ranges [list {0x40000000 0xbfffffff}] -regs
configparams force-mem-access 1
targets -set -nocase -filter {name =~"APU*"}
source C:/Users/juan_/Desktop/zybo_128_vitis/euc128vitis/_ide/psinit/ps7_init.tcl
ps7_init
ps7_post_config
targets -set -nocase -filter {name =~ "*A9*#0"}
dow C:/Users/juan_/Desktop/zybo_128_vitis/euc128vitis/Debug/euc128vitis.elf
configparams force-mem-access 0
----------------End of Script----------------

01:15:42 INFO  : Context for processor 'ps7_cortexa9_0' is selected.
01:15:42 INFO  : 'con' command is executed.
01:15:42 INFO  : ----------------XSDB Script (After Launch)----------------
targets -set -nocase -filter {name =~ "*A9*#0"}
con
----------------End of Script----------------

01:15:42 INFO  : Launch script is exported to file 'C:\Users\juan_\Desktop\zybo_128_vitis\euc128vitis_system\_ide\scripts\debugger_euc128vitis-default.tcl'
02:47:41 INFO  : Checking for BSP changes to sync application flags for project 'euc128vitis'...
02:47:46 INFO  : Checking for BSP changes to sync application flags for project 'euc128vitis'...
02:47:55 INFO  : Checking for BSP changes to sync application flags for project 'euc128vitis'...
02:47:57 INFO  : Checking for BSP changes to sync application flags for project 'euc128vitis'...
02:47:58 INFO  : Checking for BSP changes to sync application flags for project 'euc128vitis'...
02:48:33 INFO  : Checking for BSP changes to sync application flags for project 'euc128vitis'...
02:48:37 INFO  : Checking for BSP changes to sync application flags for project 'euc128vitis'...
02:48:44 INFO  : Connected to target on host '127.0.0.1' and port '3121'.
02:48:44 INFO  : 'targets -set -filter {jtag_cable_name =~ "Digilent Zybo 210279A427BAA" && level==0 && jtag_device_ctx=="jsn-Zybo-210279A427BAA-13722093-0"}' command is executed.
02:48:45 INFO  : Device configured successfully with "C:/Users/juan_/Desktop/zybo_128_vitis/euc128vitis/_ide/bitstream/euc128.bit"
02:49:03 INFO  : Disconnected from the channel tcfchan#2.
02:49:04 INFO  : Connected to target on host '127.0.0.1' and port '3121'.
02:49:13 INFO  : ----------------XSDB Script----------------
connect -url tcp:127.0.0.1:3121
----------------End of Script----------------

02:49:13 INFO  : Connected to target on host '127.0.0.1' and port '3121'.
02:49:13 ERROR : Could not find ARM device on the board for connection 'Local'.
Check if the target is in:
1. Split JTAG - No operations are possible with ARM DAP.
2. Non JTAG bootmode - Bootrom may need time to enable DAP.
Please try again.


Troubleshooting hints:
1. Check whether board is connected to system properly.
2. In case of zynq board, check whether Digilent/Xilinx cable switch settings are correct.
3. If you are using Xilinx Platform Cable USB, ensure that status LED is green.
02:49:14 INFO  : Jtag cable 'Digilent Zybo 210279A427BAA' is selected.
02:49:14 INFO  : 'jtag frequency' command is executed.
02:49:14 INFO  : Context for 'APU' is selected.
02:49:14 INFO  : System reset is completed.
02:49:17 INFO  : 'after 3000' command is executed.
02:49:17 INFO  : 'targets -set -filter {jtag_cable_name =~ "Digilent Zybo 210279A427BAA" && level==0 && jtag_device_ctx=="jsn-Zybo-210279A427BAA-13722093-0"}' command is executed.
02:49:18 INFO  : Device configured successfully with "C:/Users/juan_/Desktop/zybo_128_vitis/euc128vitis/_ide/bitstream/euc128.bit"
02:49:18 INFO  : Context for 'APU' is selected.
02:49:18 INFO  : Hardware design and registers information is loaded from 'C:/Users/juan_/Desktop/zybo_128_vitis/euc128/export/euc128/hw/euc128.xsa'.
02:49:18 INFO  : 'configparams force-mem-access 1' command is executed.
02:49:18 INFO  : Context for 'APU' is selected.
02:49:18 INFO  : Sourcing of 'C:/Users/juan_/Desktop/zybo_128_vitis/euc128vitis/_ide/psinit/ps7_init.tcl' is done.
02:49:18 INFO  : 'ps7_init' command is executed.
02:49:18 INFO  : 'ps7_post_config' command is executed.
02:49:18 INFO  : Context for processor 'ps7_cortexa9_0' is selected.
02:49:19 INFO  : The application 'C:/Users/juan_/Desktop/zybo_128_vitis/euc128vitis/Debug/euc128vitis.elf' is downloaded to processor 'ps7_cortexa9_0'.
02:49:19 INFO  : 'configparams force-mem-access 0' command is executed.
02:49:19 INFO  : ----------------XSDB Script----------------
connect -url tcp:127.0.0.1:3121
targets -set -nocase -filter {name =~"APU*"}
rst -system
after 3000
targets -set -filter {jtag_cable_name =~ "Digilent Zybo 210279A427BAA" && level==0 && jtag_device_ctx=="jsn-Zybo-210279A427BAA-13722093-0"}
fpga -file C:/Users/juan_/Desktop/zybo_128_vitis/euc128vitis/_ide/bitstream/euc128.bit
targets -set -nocase -filter {name =~"APU*"}
loadhw -hw C:/Users/juan_/Desktop/zybo_128_vitis/euc128/export/euc128/hw/euc128.xsa -mem-ranges [list {0x40000000 0xbfffffff}] -regs
configparams force-mem-access 1
targets -set -nocase -filter {name =~"APU*"}
source C:/Users/juan_/Desktop/zybo_128_vitis/euc128vitis/_ide/psinit/ps7_init.tcl
ps7_init
ps7_post_config
targets -set -nocase -filter {name =~ "*A9*#0"}
dow C:/Users/juan_/Desktop/zybo_128_vitis/euc128vitis/Debug/euc128vitis.elf
configparams force-mem-access 0
----------------End of Script----------------

02:49:19 INFO  : Context for processor 'ps7_cortexa9_0' is selected.
02:49:19 INFO  : 'con' command is executed.
02:49:19 INFO  : ----------------XSDB Script (After Launch)----------------
targets -set -nocase -filter {name =~ "*A9*#0"}
con
----------------End of Script----------------

02:49:19 INFO  : Launch script is exported to file 'C:\Users\juan_\Desktop\zybo_128_vitis\euc128vitis_system\_ide\scripts\debugger_euc128vitis-default.tcl'
02:49:25 INFO  : Disconnected from the channel tcfchan#3.
02:49:26 INFO  : Connected to target on host '127.0.0.1' and port '3121'.
02:49:26 INFO  : Jtag cable 'Digilent Zybo 210279A427BAA' is selected.
02:49:26 ERROR : port closed
02:49:26 INFO  : ----------------XSDB Script----------------
connect -url tcp:127.0.0.1:3121
----------------End of Script----------------

02:49:26 ERROR : port closed
02:50:17 INFO  : Checking for BSP changes to sync application flags for project 'euc128vitis'...
02:50:23 INFO  : Connected to target on host '127.0.0.1' and port '3121'.
02:50:23 INFO  : 'targets -set -filter {jtag_cable_name =~ "Digilent Zybo 210279A427BAA" && level==0 && jtag_device_ctx=="jsn-Zybo-210279A427BAA-13722093-0"}' command is executed.
02:50:24 INFO  : Device configured successfully with "C:/Users/juan_/Desktop/zybo_128_vitis/euc128vitis/_ide/bitstream/euc128.bit"
02:50:29 INFO  : Connected to target on host '127.0.0.1' and port '3121'.
02:50:29 INFO  : Jtag cable 'Digilent Zybo 210279A427BAA' is selected.
02:50:29 INFO  : 'jtag frequency' command is executed.
02:50:29 INFO  : Context for 'APU' is selected.
02:50:29 INFO  : System reset is completed.
02:50:32 INFO  : 'after 3000' command is executed.
02:50:32 INFO  : 'targets -set -filter {jtag_cable_name =~ "Digilent Zybo 210279A427BAA" && level==0 && jtag_device_ctx=="jsn-Zybo-210279A427BAA-13722093-0"}' command is executed.
02:50:33 INFO  : Device configured successfully with "C:/Users/juan_/Desktop/zybo_128_vitis/euc128vitis/_ide/bitstream/euc128.bit"
02:50:34 INFO  : Context for 'APU' is selected.
02:50:34 INFO  : Hardware design and registers information is loaded from 'C:/Users/juan_/Desktop/zybo_128_vitis/euc128/export/euc128/hw/euc128.xsa'.
02:50:34 INFO  : 'configparams force-mem-access 1' command is executed.
02:50:34 INFO  : Context for 'APU' is selected.
02:50:34 INFO  : Sourcing of 'C:/Users/juan_/Desktop/zybo_128_vitis/euc128vitis/_ide/psinit/ps7_init.tcl' is done.
02:50:34 INFO  : 'ps7_init' command is executed.
02:50:34 INFO  : 'ps7_post_config' command is executed.
02:50:34 INFO  : Context for processor 'ps7_cortexa9_0' is selected.
02:50:34 INFO  : The application 'C:/Users/juan_/Desktop/zybo_128_vitis/euc128vitis/Debug/euc128vitis.elf' is downloaded to processor 'ps7_cortexa9_0'.
02:50:34 INFO  : 'configparams force-mem-access 0' command is executed.
02:50:34 INFO  : ----------------XSDB Script----------------
connect -url tcp:127.0.0.1:3121
targets -set -nocase -filter {name =~"APU*"}
rst -system
after 3000
targets -set -filter {jtag_cable_name =~ "Digilent Zybo 210279A427BAA" && level==0 && jtag_device_ctx=="jsn-Zybo-210279A427BAA-13722093-0"}
fpga -file C:/Users/juan_/Desktop/zybo_128_vitis/euc128vitis/_ide/bitstream/euc128.bit
targets -set -nocase -filter {name =~"APU*"}
loadhw -hw C:/Users/juan_/Desktop/zybo_128_vitis/euc128/export/euc128/hw/euc128.xsa -mem-ranges [list {0x40000000 0xbfffffff}] -regs
configparams force-mem-access 1
targets -set -nocase -filter {name =~"APU*"}
source C:/Users/juan_/Desktop/zybo_128_vitis/euc128vitis/_ide/psinit/ps7_init.tcl
ps7_init
ps7_post_config
targets -set -nocase -filter {name =~ "*A9*#0"}
dow C:/Users/juan_/Desktop/zybo_128_vitis/euc128vitis/Debug/euc128vitis.elf
configparams force-mem-access 0
----------------End of Script----------------

02:50:34 INFO  : Context for processor 'ps7_cortexa9_0' is selected.
02:50:34 INFO  : 'con' command is executed.
02:50:34 INFO  : ----------------XSDB Script (After Launch)----------------
targets -set -nocase -filter {name =~ "*A9*#0"}
con
----------------End of Script----------------

02:50:34 INFO  : Launch script is exported to file 'C:\Users\juan_\Desktop\zybo_128_vitis\euc128vitis_system\_ide\scripts\debugger_euc128vitis-default.tcl'
02:55:57 INFO  : Disconnected from the channel tcfchan#4.
13:11:20 INFO  : Launching XSCT server: xsct.bat -n  -interactive C:\Users\juan_\Desktop\zybo_128_vitis\temp_xsdb_launch_script.tcl
13:11:24 INFO  : Platform repository initialization has completed.
13:11:24 INFO  : Registering command handlers for Vitis TCF services
13:11:24 INFO  : XSCT server has started successfully.
13:11:27 INFO  : Successfully done setting XSCT server connection channel  
13:11:27 INFO  : plnx-install-location is set to ''
13:11:27 INFO  : Successfully done query RDI_DATADIR 
13:11:27 INFO  : Successfully done setting workspace for the tool. 
13:13:24 INFO  : Connected to target on host '127.0.0.1' and port '3121'.
13:13:25 INFO  : 'targets -set -filter {jtag_cable_name =~ "Digilent Zybo 210279A427BAA" && level==0 && jtag_device_ctx=="jsn-Zybo-210279A427BAA-13722093-0"}' command is executed.
13:13:26 INFO  : Device configured successfully with "C:/Users/juan_/Desktop/zybo_128_vitis/euc128vitis/_ide/bitstream/euc128.bit"
13:13:33 INFO  : Connected to target on host '127.0.0.1' and port '3121'.
13:13:33 INFO  : Jtag cable 'Digilent Zybo 210279A427BAA' is selected.
13:13:33 INFO  : 'jtag frequency' command is executed.
13:13:33 INFO  : Context for 'APU' is selected.
13:13:33 INFO  : System reset is completed.
13:13:36 INFO  : 'after 3000' command is executed.
13:13:36 INFO  : 'targets -set -filter {jtag_cable_name =~ "Digilent Zybo 210279A427BAA" && level==0 && jtag_device_ctx=="jsn-Zybo-210279A427BAA-13722093-0"}' command is executed.
13:13:38 INFO  : Device configured successfully with "C:/Users/juan_/Desktop/zybo_128_vitis/euc128vitis/_ide/bitstream/euc128.bit"
13:13:38 INFO  : Context for 'APU' is selected.
13:13:38 INFO  : Hardware design and registers information is loaded from 'C:/Users/juan_/Desktop/zybo_128_vitis/euc128/export/euc128/hw/euc128.xsa'.
13:13:38 INFO  : 'configparams force-mem-access 1' command is executed.
13:13:38 INFO  : Context for 'APU' is selected.
13:13:38 INFO  : Sourcing of 'C:/Users/juan_/Desktop/zybo_128_vitis/euc128vitis/_ide/psinit/ps7_init.tcl' is done.
13:13:39 INFO  : 'ps7_init' command is executed.
13:13:39 INFO  : 'ps7_post_config' command is executed.
13:13:39 INFO  : Context for processor 'ps7_cortexa9_0' is selected.
13:13:39 INFO  : The application 'C:/Users/juan_/Desktop/zybo_128_vitis/euc128vitis/Debug/euc128vitis.elf' is downloaded to processor 'ps7_cortexa9_0'.
13:13:39 INFO  : 'configparams force-mem-access 0' command is executed.
13:13:39 INFO  : ----------------XSDB Script----------------
connect -url tcp:127.0.0.1:3121
targets -set -nocase -filter {name =~"APU*"}
rst -system
after 3000
targets -set -filter {jtag_cable_name =~ "Digilent Zybo 210279A427BAA" && level==0 && jtag_device_ctx=="jsn-Zybo-210279A427BAA-13722093-0"}
fpga -file C:/Users/juan_/Desktop/zybo_128_vitis/euc128vitis/_ide/bitstream/euc128.bit
targets -set -nocase -filter {name =~"APU*"}
loadhw -hw C:/Users/juan_/Desktop/zybo_128_vitis/euc128/export/euc128/hw/euc128.xsa -mem-ranges [list {0x40000000 0xbfffffff}] -regs
configparams force-mem-access 1
targets -set -nocase -filter {name =~"APU*"}
source C:/Users/juan_/Desktop/zybo_128_vitis/euc128vitis/_ide/psinit/ps7_init.tcl
ps7_init
ps7_post_config
targets -set -nocase -filter {name =~ "*A9*#0"}
dow C:/Users/juan_/Desktop/zybo_128_vitis/euc128vitis/Debug/euc128vitis.elf
configparams force-mem-access 0
----------------End of Script----------------

13:13:39 INFO  : Context for processor 'ps7_cortexa9_0' is selected.
13:13:39 INFO  : 'con' command is executed.
13:13:39 INFO  : ----------------XSDB Script (After Launch)----------------
targets -set -nocase -filter {name =~ "*A9*#0"}
con
----------------End of Script----------------

13:13:39 INFO  : Launch script is exported to file 'C:\Users\juan_\Desktop\zybo_128_vitis\euc128vitis_system\_ide\scripts\debugger_euc128vitis-default.tcl'
15:17:17 INFO  : Disconnected from the channel tcfchan#1.
15:17:32 INFO  : Launching XSCT server: xsct.bat -n  -interactive C:\Users\juan_\Desktop\zybo_128_vitis\temp_xsdb_launch_script.tcl
15:17:35 INFO  : Platform repository initialization has completed.
15:17:35 INFO  : XSCT server has started successfully.
15:17:35 INFO  : Registering command handlers for Vitis TCF services
15:17:35 INFO  : plnx-install-location is set to ''
15:17:35 INFO  : Successfully done setting XSCT server connection channel  
15:17:35 INFO  : Successfully done query RDI_DATADIR 
15:17:35 INFO  : Successfully done setting workspace for the tool. 
15:17:43 INFO  : Checking for BSP changes to sync application flags for project 'euc128vitis'...
15:17:59 INFO  : Connected to target on host '127.0.0.1' and port '3121'.
15:17:59 INFO  : 'targets -set -filter {jtag_cable_name =~ "Digilent Zybo 210279A427BAA" && level==0 && jtag_device_ctx=="jsn-Zybo-210279A427BAA-13722093-0"}' command is executed.
15:18:01 INFO  : Device configured successfully with "C:/Users/juan_/Desktop/zybo_128_vitis/euc128vitis/_ide/bitstream/euc128.bit"
15:18:10 INFO  : Connected to target on host '127.0.0.1' and port '3121'.
15:18:10 INFO  : Jtag cable 'Digilent Zybo 210279A427BAA' is selected.
15:18:10 INFO  : 'jtag frequency' command is executed.
15:18:10 INFO  : Context for 'APU' is selected.
15:18:10 INFO  : System reset is completed.
15:18:13 INFO  : 'after 3000' command is executed.
15:18:13 INFO  : 'targets -set -filter {jtag_cable_name =~ "Digilent Zybo 210279A427BAA" && level==0 && jtag_device_ctx=="jsn-Zybo-210279A427BAA-13722093-0"}' command is executed.
15:18:14 INFO  : Device configured successfully with "C:/Users/juan_/Desktop/zybo_128_vitis/euc128vitis/_ide/bitstream/euc128.bit"
15:18:14 INFO  : Context for 'APU' is selected.
15:18:15 INFO  : Hardware design and registers information is loaded from 'C:/Users/juan_/Desktop/zybo_128_vitis/euc128/export/euc128/hw/euc128.xsa'.
15:18:15 INFO  : 'configparams force-mem-access 1' command is executed.
15:18:15 INFO  : Context for 'APU' is selected.
15:18:15 INFO  : Sourcing of 'C:/Users/juan_/Desktop/zybo_128_vitis/euc128vitis/_ide/psinit/ps7_init.tcl' is done.
15:18:15 INFO  : 'ps7_init' command is executed.
15:18:15 INFO  : 'ps7_post_config' command is executed.
15:18:15 INFO  : Context for processor 'ps7_cortexa9_0' is selected.
15:18:16 INFO  : The application 'C:/Users/juan_/Desktop/zybo_128_vitis/euc128vitis/Debug/euc128vitis.elf' is downloaded to processor 'ps7_cortexa9_0'.
15:18:16 INFO  : 'configparams force-mem-access 0' command is executed.
15:18:16 INFO  : ----------------XSDB Script----------------
connect -url tcp:127.0.0.1:3121
targets -set -nocase -filter {name =~"APU*"}
rst -system
after 3000
targets -set -filter {jtag_cable_name =~ "Digilent Zybo 210279A427BAA" && level==0 && jtag_device_ctx=="jsn-Zybo-210279A427BAA-13722093-0"}
fpga -file C:/Users/juan_/Desktop/zybo_128_vitis/euc128vitis/_ide/bitstream/euc128.bit
targets -set -nocase -filter {name =~"APU*"}
loadhw -hw C:/Users/juan_/Desktop/zybo_128_vitis/euc128/export/euc128/hw/euc128.xsa -mem-ranges [list {0x40000000 0xbfffffff}] -regs
configparams force-mem-access 1
targets -set -nocase -filter {name =~"APU*"}
source C:/Users/juan_/Desktop/zybo_128_vitis/euc128vitis/_ide/psinit/ps7_init.tcl
ps7_init
ps7_post_config
targets -set -nocase -filter {name =~ "*A9*#0"}
dow C:/Users/juan_/Desktop/zybo_128_vitis/euc128vitis/Debug/euc128vitis.elf
configparams force-mem-access 0
----------------End of Script----------------

15:18:16 INFO  : Context for processor 'ps7_cortexa9_0' is selected.
15:18:16 INFO  : 'con' command is executed.
15:18:16 INFO  : ----------------XSDB Script (After Launch)----------------
targets -set -nocase -filter {name =~ "*A9*#0"}
con
----------------End of Script----------------

15:18:16 INFO  : Launch script is exported to file 'C:\Users\juan_\Desktop\zybo_128_vitis\euc128vitis_system\_ide\scripts\debugger_euc128vitis-default.tcl'
15:19:23 INFO  : Disconnected from the channel tcfchan#1.
17:32:13 INFO  : Launching XSCT server: xsct.bat -n  -interactive C:\Users\juan_\Desktop\zybo_128_vitis\temp_xsdb_launch_script.tcl
17:32:16 INFO  : XSCT server has started successfully.
17:32:16 INFO  : Successfully done setting XSCT server connection channel  
17:32:16 INFO  : plnx-install-location is set to ''
17:32:16 INFO  : Successfully done setting workspace for the tool. 
17:32:16 INFO  : Platform repository initialization has completed.
17:32:16 INFO  : Successfully done query RDI_DATADIR 
17:32:17 INFO  : Registering command handlers for Vitis TCF services
17:33:51 INFO  : Checking for BSP changes to sync application flags for project 'euc128vitis'...
17:33:56 ERROR : (XSDB Server)ERROR: [Hsi 55-1571] The design file C:/Users/juan_/Desktop/zybo_128_vitis/euc128/export/euc128/hw/euc128.xsa is already opened

17:34:13 INFO  : Connected to target on host '127.0.0.1' and port '3121'.
17:34:13 INFO  : 'targets -set -filter {jtag_cable_name =~ "Digilent Zybo 210279A427BAA" && level==0 && jtag_device_ctx=="jsn-Zybo-210279A427BAA-13722093-0"}' command is executed.
17:34:15 INFO  : Device configured successfully with "C:/Users/juan_/Desktop/zybo_128_vitis/euc128vitis/_ide/bitstream/euc128.bit"
17:34:27 INFO  : Connected to target on host '127.0.0.1' and port '3121'.
17:34:27 INFO  : Jtag cable 'Digilent Zybo 210279A427BAA' is selected.
17:34:27 INFO  : 'jtag frequency' command is executed.
17:34:27 INFO  : Context for 'APU' is selected.
17:34:27 INFO  : System reset is completed.
17:34:30 INFO  : 'after 3000' command is executed.
17:34:30 INFO  : 'targets -set -filter {jtag_cable_name =~ "Digilent Zybo 210279A427BAA" && level==0 && jtag_device_ctx=="jsn-Zybo-210279A427BAA-13722093-0"}' command is executed.
17:34:32 INFO  : Device configured successfully with "C:/Users/juan_/Desktop/zybo_128_vitis/euc128vitis/_ide/bitstream/euc128.bit"
17:34:32 INFO  : Context for 'APU' is selected.
17:34:32 INFO  : Hardware design and registers information is loaded from 'C:/Users/juan_/Desktop/zybo_128_vitis/euc128/export/euc128/hw/euc128.xsa'.
17:34:32 INFO  : 'configparams force-mem-access 1' command is executed.
17:34:32 INFO  : Context for 'APU' is selected.
17:34:32 INFO  : Sourcing of 'C:/Users/juan_/Desktop/zybo_128_vitis/euc128vitis/_ide/psinit/ps7_init.tcl' is done.
17:34:33 INFO  : 'ps7_init' command is executed.
17:34:33 INFO  : 'ps7_post_config' command is executed.
17:34:33 INFO  : Context for processor 'ps7_cortexa9_0' is selected.
17:34:33 INFO  : The application 'C:/Users/juan_/Desktop/zybo_128_vitis/euc128vitis/Debug/euc128vitis.elf' is downloaded to processor 'ps7_cortexa9_0'.
17:34:33 INFO  : 'configparams force-mem-access 0' command is executed.
17:34:33 INFO  : ----------------XSDB Script----------------
connect -url tcp:127.0.0.1:3121
targets -set -nocase -filter {name =~"APU*"}
rst -system
after 3000
targets -set -filter {jtag_cable_name =~ "Digilent Zybo 210279A427BAA" && level==0 && jtag_device_ctx=="jsn-Zybo-210279A427BAA-13722093-0"}
fpga -file C:/Users/juan_/Desktop/zybo_128_vitis/euc128vitis/_ide/bitstream/euc128.bit
targets -set -nocase -filter {name =~"APU*"}
loadhw -hw C:/Users/juan_/Desktop/zybo_128_vitis/euc128/export/euc128/hw/euc128.xsa -mem-ranges [list {0x40000000 0xbfffffff}] -regs
configparams force-mem-access 1
targets -set -nocase -filter {name =~"APU*"}
source C:/Users/juan_/Desktop/zybo_128_vitis/euc128vitis/_ide/psinit/ps7_init.tcl
ps7_init
ps7_post_config
targets -set -nocase -filter {name =~ "*A9*#0"}
dow C:/Users/juan_/Desktop/zybo_128_vitis/euc128vitis/Debug/euc128vitis.elf
configparams force-mem-access 0
----------------End of Script----------------

17:34:33 INFO  : Context for processor 'ps7_cortexa9_0' is selected.
17:34:33 INFO  : 'con' command is executed.
17:34:33 INFO  : ----------------XSDB Script (After Launch)----------------
targets -set -nocase -filter {name =~ "*A9*#0"}
con
----------------End of Script----------------

17:34:33 INFO  : Launch script is exported to file 'C:\Users\juan_\Desktop\zybo_128_vitis\euc128vitis_system\_ide\scripts\debugger_euc128vitis-default.tcl'
17:43:07 INFO  : Checking for BSP changes to sync application flags for project 'euc128vitis'...
17:43:10 ERROR : (XSDB Server)ERROR: [Hsi 55-1571] The design file C:/Users/juan_/Desktop/zybo_128_vitis/euc128/export/euc128/hw/euc128.xsa is already opened

17:43:19 INFO  : Connected to target on host '127.0.0.1' and port '3121'.
17:43:19 INFO  : 'targets -set -filter {jtag_cable_name =~ "Digilent Zybo 210279A427BAA" && level==0 && jtag_device_ctx=="jsn-Zybo-210279A427BAA-13722093-0"}' command is executed.
17:43:20 INFO  : Device configured successfully with "C:/Users/juan_/Desktop/zybo_128_vitis/euc128vitis/_ide/bitstream/euc128.bit"
17:43:33 INFO  : Disconnected from the channel tcfchan#2.
17:43:34 INFO  : Connected to target on host '127.0.0.1' and port '3121'.
17:43:43 INFO  : ----------------XSDB Script----------------
connect -url tcp:127.0.0.1:3121
----------------End of Script----------------

17:43:43 ERROR : Could not find Jtag device on the board for connection 'Local'.


Troubleshooting hints:
1. Check whether board is connected to system properly.
2. In case of zynq board, check whether Digilent/Xilinx cable switch settings are correct.
3. If you are using Xilinx Platform Cable USB, ensure that status LED is green.
17:43:56 INFO  : Connected to target on host '127.0.0.1' and port '3121'.
17:43:56 INFO  : 'targets -set -filter {jtag_cable_name =~ "Digilent Zybo 210279A427BAA" && level==0 && jtag_device_ctx=="jsn-Zybo-210279A427BAA-13722093-0"}' command is executed.
17:43:58 INFO  : Device configured successfully with "C:/Users/juan_/Desktop/zybo_128_vitis/euc128vitis/_ide/bitstream/euc128.bit"
17:44:49 INFO  : Checking for BSP changes to sync application flags for project 'euc128vitis'...
17:44:52 ERROR : (XSDB Server)ERROR: [Hsi 55-1571] The design file C:/Users/juan_/Desktop/zybo_128_vitis/euc128/export/euc128/hw/euc128.xsa is already opened

17:46:27 INFO  : Checking for BSP changes to sync application flags for project 'euc128vitis'...
17:46:29 ERROR : (XSDB Server)ERROR: [Hsi 55-1571] The design file C:/Users/juan_/Desktop/zybo_128_vitis/euc128/export/euc128/hw/euc128.xsa is already opened

17:47:04 INFO  : Checking for BSP changes to sync application flags for project 'euc128vitis'...
17:47:23 INFO  : Checking for BSP changes to sync application flags for project 'euc128vitis'...
17:47:27 INFO  : Checking for BSP changes to sync application flags for project 'euc128vitis'...
17:48:09 INFO  : Checking for BSP changes to sync application flags for project 'euc128vitis'...
17:48:56 INFO  : Checking for BSP changes to sync application flags for project 'euc128vitis'...
17:48:58 ERROR : (XSDB Server)ERROR: [Hsi 55-1571] The design file C:/Users/juan_/Desktop/zybo_128_vitis/euc128/export/euc128/hw/euc128.xsa is already opened

17:49:32 INFO  : Connected to target on host '127.0.0.1' and port '3121'.
17:49:32 INFO  : 'targets -set -filter {jtag_cable_name =~ "Digilent Zybo 210279A427BAA" && level==0 && jtag_device_ctx=="jsn-Zybo-210279A427BAA-13722093-0"}' command is executed.
17:49:33 INFO  : Device configured successfully with "C:/Users/juan_/Desktop/zybo_128_vitis/euc128vitis/_ide/bitstream/euc128.bit"
17:49:39 INFO  : Connected to target on host '127.0.0.1' and port '3121'.
17:49:40 INFO  : Jtag cable 'Digilent Zybo 210279A427BAA' is selected.
17:49:40 INFO  : 'jtag frequency' command is executed.
17:49:40 INFO  : Context for 'APU' is selected.
17:49:40 INFO  : System reset is completed.
17:49:43 INFO  : 'after 3000' command is executed.
17:49:43 INFO  : 'targets -set -filter {jtag_cable_name =~ "Digilent Zybo 210279A427BAA" && level==0 && jtag_device_ctx=="jsn-Zybo-210279A427BAA-13722093-0"}' command is executed.
17:49:44 INFO  : Device configured successfully with "C:/Users/juan_/Desktop/zybo_128_vitis/euc128vitis/_ide/bitstream/euc128.bit"
17:49:44 INFO  : Context for 'APU' is selected.
17:49:44 INFO  : Hardware design and registers information is loaded from 'C:/Users/juan_/Desktop/zybo_128_vitis/euc128/export/euc128/hw/euc128.xsa'.
17:49:44 INFO  : 'configparams force-mem-access 1' command is executed.
17:49:44 INFO  : Context for 'APU' is selected.
17:49:44 INFO  : Sourcing of 'C:/Users/juan_/Desktop/zybo_128_vitis/euc128vitis/_ide/psinit/ps7_init.tcl' is done.
17:49:45 INFO  : 'ps7_init' command is executed.
17:49:45 INFO  : 'ps7_post_config' command is executed.
17:49:45 INFO  : Context for processor 'ps7_cortexa9_0' is selected.
17:49:45 INFO  : The application 'C:/Users/juan_/Desktop/zybo_128_vitis/euc128vitis/Debug/euc128vitis.elf' is downloaded to processor 'ps7_cortexa9_0'.
17:49:45 INFO  : 'configparams force-mem-access 0' command is executed.
17:49:45 INFO  : ----------------XSDB Script----------------
connect -url tcp:127.0.0.1:3121
targets -set -nocase -filter {name =~"APU*"}
rst -system
after 3000
targets -set -filter {jtag_cable_name =~ "Digilent Zybo 210279A427BAA" && level==0 && jtag_device_ctx=="jsn-Zybo-210279A427BAA-13722093-0"}
fpga -file C:/Users/juan_/Desktop/zybo_128_vitis/euc128vitis/_ide/bitstream/euc128.bit
targets -set -nocase -filter {name =~"APU*"}
loadhw -hw C:/Users/juan_/Desktop/zybo_128_vitis/euc128/export/euc128/hw/euc128.xsa -mem-ranges [list {0x40000000 0xbfffffff}] -regs
configparams force-mem-access 1
targets -set -nocase -filter {name =~"APU*"}
source C:/Users/juan_/Desktop/zybo_128_vitis/euc128vitis/_ide/psinit/ps7_init.tcl
ps7_init
ps7_post_config
targets -set -nocase -filter {name =~ "*A9*#0"}
dow C:/Users/juan_/Desktop/zybo_128_vitis/euc128vitis/Debug/euc128vitis.elf
configparams force-mem-access 0
----------------End of Script----------------

17:49:45 INFO  : Context for processor 'ps7_cortexa9_0' is selected.
17:49:45 INFO  : 'con' command is executed.
17:49:45 INFO  : ----------------XSDB Script (After Launch)----------------
targets -set -nocase -filter {name =~ "*A9*#0"}
con
----------------End of Script----------------

17:49:45 INFO  : Launch script is exported to file 'C:\Users\juan_\Desktop\zybo_128_vitis\euc128vitis_system\_ide\scripts\debugger_euc128vitis-default.tcl'
19:10:39 INFO  : Checking for BSP changes to sync application flags for project 'euc128vitis'...
19:10:42 ERROR : (XSDB Server)ERROR: [Hsi 55-1571] The design file C:/Users/juan_/Desktop/zybo_128_vitis/euc128/export/euc128/hw/euc128.xsa is already opened

19:10:59 INFO  : Connected to target on host '127.0.0.1' and port '3121'.
19:10:59 INFO  : 'targets -set -filter {jtag_cable_name =~ "Digilent Zybo 210279A427BAA" && level==0 && jtag_device_ctx=="jsn-Zybo-210279A427BAA-13722093-0"}' command is executed.
19:11:00 INFO  : Device configured successfully with "C:/Users/juan_/Desktop/zybo_128_vitis/euc128vitis/_ide/bitstream/euc128.bit"
19:11:07 INFO  : Disconnected from the channel tcfchan#4.
19:11:08 INFO  : Connected to target on host '127.0.0.1' and port '3121'.
19:11:17 INFO  : ----------------XSDB Script----------------
connect -url tcp:127.0.0.1:3121
----------------End of Script----------------

19:11:17 ERROR : Could not find Jtag device on the board for connection 'Local'.


Troubleshooting hints:
1. Check whether board is connected to system properly.
2. In case of zynq board, check whether Digilent/Xilinx cable switch settings are correct.
3. If you are using Xilinx Platform Cable USB, ensure that status LED is green.
19:11:38 INFO  : Connected to target on host '127.0.0.1' and port '3121'.
19:11:38 INFO  : 'targets -set -filter {jtag_cable_name =~ "Digilent Zybo 210279A427BAA" && level==0 && jtag_device_ctx=="jsn-Zybo-210279A427BAA-13722093-0"}' command is executed.
19:11:39 INFO  : Device configured successfully with "C:/Users/juan_/Desktop/zybo_128_vitis/euc128vitis/_ide/bitstream/euc128.bit"
19:11:47 INFO  : Connected to target on host '127.0.0.1' and port '3121'.
19:11:47 INFO  : Jtag cable 'Digilent Zybo 210279A427BAA' is selected.
19:11:47 INFO  : 'jtag frequency' command is executed.
19:11:47 INFO  : Context for 'APU' is selected.
19:11:47 INFO  : System reset is completed.
19:11:50 INFO  : 'after 3000' command is executed.
19:11:50 INFO  : 'targets -set -filter {jtag_cable_name =~ "Digilent Zybo 210279A427BAA" && level==0 && jtag_device_ctx=="jsn-Zybo-210279A427BAA-13722093-0"}' command is executed.
19:11:51 INFO  : Device configured successfully with "C:/Users/juan_/Desktop/zybo_128_vitis/euc128vitis/_ide/bitstream/euc128.bit"
19:11:51 INFO  : Context for 'APU' is selected.
19:11:52 INFO  : Hardware design and registers information is loaded from 'C:/Users/juan_/Desktop/zybo_128_vitis/euc128/export/euc128/hw/euc128.xsa'.
19:11:52 INFO  : 'configparams force-mem-access 1' command is executed.
19:11:52 INFO  : Context for 'APU' is selected.
19:11:52 INFO  : Sourcing of 'C:/Users/juan_/Desktop/zybo_128_vitis/euc128vitis/_ide/psinit/ps7_init.tcl' is done.
19:11:52 INFO  : 'ps7_init' command is executed.
19:11:52 INFO  : 'ps7_post_config' command is executed.
19:11:52 INFO  : Context for processor 'ps7_cortexa9_0' is selected.
19:11:53 INFO  : The application 'C:/Users/juan_/Desktop/zybo_128_vitis/euc128vitis/Debug/euc128vitis.elf' is downloaded to processor 'ps7_cortexa9_0'.
19:11:53 INFO  : 'configparams force-mem-access 0' command is executed.
19:11:53 INFO  : ----------------XSDB Script----------------
connect -url tcp:127.0.0.1:3121
targets -set -nocase -filter {name =~"APU*"}
rst -system
after 3000
targets -set -filter {jtag_cable_name =~ "Digilent Zybo 210279A427BAA" && level==0 && jtag_device_ctx=="jsn-Zybo-210279A427BAA-13722093-0"}
fpga -file C:/Users/juan_/Desktop/zybo_128_vitis/euc128vitis/_ide/bitstream/euc128.bit
targets -set -nocase -filter {name =~"APU*"}
loadhw -hw C:/Users/juan_/Desktop/zybo_128_vitis/euc128/export/euc128/hw/euc128.xsa -mem-ranges [list {0x40000000 0xbfffffff}] -regs
configparams force-mem-access 1
targets -set -nocase -filter {name =~"APU*"}
source C:/Users/juan_/Desktop/zybo_128_vitis/euc128vitis/_ide/psinit/ps7_init.tcl
ps7_init
ps7_post_config
targets -set -nocase -filter {name =~ "*A9*#0"}
dow C:/Users/juan_/Desktop/zybo_128_vitis/euc128vitis/Debug/euc128vitis.elf
configparams force-mem-access 0
----------------End of Script----------------

19:11:53 INFO  : Context for processor 'ps7_cortexa9_0' is selected.
19:11:53 INFO  : 'con' command is executed.
19:11:53 INFO  : ----------------XSDB Script (After Launch)----------------
targets -set -nocase -filter {name =~ "*A9*#0"}
con
----------------End of Script----------------

19:11:53 INFO  : Launch script is exported to file 'C:\Users\juan_\Desktop\zybo_128_vitis\euc128vitis_system\_ide\scripts\debugger_euc128vitis-default.tcl'
19:43:46 INFO  : Checking for BSP changes to sync application flags for project 'euc128vitis'...
19:43:49 ERROR : (XSDB Server)ERROR: [Hsi 55-1571] The design file C:/Users/juan_/Desktop/zybo_128_vitis/euc128/export/euc128/hw/euc128.xsa is already opened

19:43:57 INFO  : Connected to target on host '127.0.0.1' and port '3121'.
19:43:57 INFO  : 'targets -set -filter {jtag_cable_name =~ "Digilent Zybo 210279A427BAA" && level==0 && jtag_device_ctx=="jsn-Zybo-210279A427BAA-13722093-0"}' command is executed.
19:43:59 INFO  : Device configured successfully with "C:/Users/juan_/Desktop/zybo_128_vitis/euc128vitis/_ide/bitstream/euc128.bit"
19:44:05 INFO  : Disconnected from the channel tcfchan#9.
19:44:06 INFO  : Connected to target on host '127.0.0.1' and port '3121'.
19:44:06 INFO  : Jtag cable 'Digilent Zybo 210279A427BAA' is selected.
19:44:06 INFO  : 'jtag frequency' command is executed.
19:44:06 INFO  : Context for 'APU' is selected.
19:44:07 INFO  : System reset is completed.
19:44:10 INFO  : 'after 3000' command is executed.
19:44:10 INFO  : 'targets -set -filter {jtag_cable_name =~ "Digilent Zybo 210279A427BAA" && level==0 && jtag_device_ctx=="jsn-Zybo-210279A427BAA-13722093-0"}' command is executed.
19:44:11 INFO  : Device configured successfully with "C:/Users/juan_/Desktop/zybo_128_vitis/euc128vitis/_ide/bitstream/euc128.bit"
19:44:11 INFO  : Context for 'APU' is selected.
19:44:14 INFO  : Hardware design and registers information is loaded from 'C:/Users/juan_/Desktop/zybo_128_vitis/euc128/export/euc128/hw/euc128.xsa'.
19:44:14 INFO  : 'configparams force-mem-access 1' command is executed.
19:44:14 INFO  : Context for 'APU' is selected.
19:44:14 INFO  : Sourcing of 'C:/Users/juan_/Desktop/zybo_128_vitis/euc128vitis/_ide/psinit/ps7_init.tcl' is done.
19:44:14 INFO  : 'ps7_init' command is executed.
19:44:14 INFO  : 'ps7_post_config' command is executed.
19:44:14 INFO  : Context for processor 'ps7_cortexa9_0' is selected.
19:44:14 INFO  : The application 'C:/Users/juan_/Desktop/zybo_128_vitis/euc128vitis/Debug/euc128vitis.elf' is downloaded to processor 'ps7_cortexa9_0'.
19:44:14 INFO  : 'configparams force-mem-access 0' command is executed.
19:44:14 INFO  : ----------------XSDB Script----------------
connect -url tcp:127.0.0.1:3121
targets -set -nocase -filter {name =~"APU*"}
rst -system
after 3000
targets -set -filter {jtag_cable_name =~ "Digilent Zybo 210279A427BAA" && level==0 && jtag_device_ctx=="jsn-Zybo-210279A427BAA-13722093-0"}
fpga -file C:/Users/juan_/Desktop/zybo_128_vitis/euc128vitis/_ide/bitstream/euc128.bit
targets -set -nocase -filter {name =~"APU*"}
loadhw -hw C:/Users/juan_/Desktop/zybo_128_vitis/euc128/export/euc128/hw/euc128.xsa -mem-ranges [list {0x40000000 0xbfffffff}] -regs
configparams force-mem-access 1
targets -set -nocase -filter {name =~"APU*"}
source C:/Users/juan_/Desktop/zybo_128_vitis/euc128vitis/_ide/psinit/ps7_init.tcl
ps7_init
ps7_post_config
targets -set -nocase -filter {name =~ "*A9*#0"}
dow C:/Users/juan_/Desktop/zybo_128_vitis/euc128vitis/Debug/euc128vitis.elf
configparams force-mem-access 0
----------------End of Script----------------

19:44:14 INFO  : Context for processor 'ps7_cortexa9_0' is selected.
19:44:15 INFO  : 'con' command is executed.
19:44:15 INFO  : ----------------XSDB Script (After Launch)----------------
targets -set -nocase -filter {name =~ "*A9*#0"}
con
----------------End of Script----------------

19:44:15 INFO  : Launch script is exported to file 'C:\Users\juan_\Desktop\zybo_128_vitis\euc128vitis_system\_ide\scripts\debugger_euc128vitis-default.tcl'
19:53:58 INFO  : Checking for BSP changes to sync application flags for project 'euc128vitis'...
19:54:00 INFO  : Checking for BSP changes to sync application flags for project 'euc128vitis'...
19:54:41 INFO  : Checking for BSP changes to sync application flags for project 'euc128vitis'...
19:54:44 ERROR : (XSDB Server)ERROR: [Hsi 55-1571] The design file C:/Users/juan_/Desktop/zybo_128_vitis/euc128/export/euc128/hw/euc128.xsa is already opened

19:54:55 INFO  : Connected to target on host '127.0.0.1' and port '3121'.
19:54:55 INFO  : 'targets -set -filter {jtag_cable_name =~ "Digilent Zybo 210279A427BAA" && level==0 && jtag_device_ctx=="jsn-Zybo-210279A427BAA-13722093-0"}' command is executed.
19:54:57 INFO  : Device configured successfully with "C:/Users/juan_/Desktop/zybo_128_vitis/euc128vitis/_ide/bitstream/euc128.bit"
19:55:05 INFO  : Disconnected from the channel tcfchan#11.
19:55:06 INFO  : Connected to target on host '127.0.0.1' and port '3121'.
19:55:06 INFO  : Jtag cable 'Digilent Zybo 210279A427BAA' is selected.
19:55:06 INFO  : 'jtag frequency' command is executed.
19:55:08 INFO  : Context for 'APU' is selected.
19:55:08 INFO  : System reset is completed.
19:55:11 INFO  : 'after 3000' command is executed.
19:55:11 INFO  : 'targets -set -filter {jtag_cable_name =~ "Digilent Zybo 210279A427BAA" && level==0 && jtag_device_ctx=="jsn-Zybo-210279A427BAA-13722093-0"}' command is executed.
19:55:13 INFO  : Device configured successfully with "C:/Users/juan_/Desktop/zybo_128_vitis/euc128vitis/_ide/bitstream/euc128.bit"
19:55:13 INFO  : Context for 'APU' is selected.
19:55:15 INFO  : Hardware design and registers information is loaded from 'C:/Users/juan_/Desktop/zybo_128_vitis/euc128/export/euc128/hw/euc128.xsa'.
19:55:15 INFO  : 'configparams force-mem-access 1' command is executed.
19:55:15 INFO  : Context for 'APU' is selected.
19:55:15 INFO  : Sourcing of 'C:/Users/juan_/Desktop/zybo_128_vitis/euc128vitis/_ide/psinit/ps7_init.tcl' is done.
19:55:16 INFO  : 'ps7_init' command is executed.
19:55:16 INFO  : 'ps7_post_config' command is executed.
19:55:16 INFO  : Context for processor 'ps7_cortexa9_0' is selected.
19:55:16 INFO  : The application 'C:/Users/juan_/Desktop/zybo_128_vitis/euc128vitis/Debug/euc128vitis.elf' is downloaded to processor 'ps7_cortexa9_0'.
19:55:16 INFO  : 'configparams force-mem-access 0' command is executed.
19:55:16 INFO  : ----------------XSDB Script----------------
connect -url tcp:127.0.0.1:3121
targets -set -nocase -filter {name =~"APU*"}
rst -system
after 3000
targets -set -filter {jtag_cable_name =~ "Digilent Zybo 210279A427BAA" && level==0 && jtag_device_ctx=="jsn-Zybo-210279A427BAA-13722093-0"}
fpga -file C:/Users/juan_/Desktop/zybo_128_vitis/euc128vitis/_ide/bitstream/euc128.bit
targets -set -nocase -filter {name =~"APU*"}
loadhw -hw C:/Users/juan_/Desktop/zybo_128_vitis/euc128/export/euc128/hw/euc128.xsa -mem-ranges [list {0x40000000 0xbfffffff}] -regs
configparams force-mem-access 1
targets -set -nocase -filter {name =~"APU*"}
source C:/Users/juan_/Desktop/zybo_128_vitis/euc128vitis/_ide/psinit/ps7_init.tcl
ps7_init
ps7_post_config
targets -set -nocase -filter {name =~ "*A9*#0"}
dow C:/Users/juan_/Desktop/zybo_128_vitis/euc128vitis/Debug/euc128vitis.elf
configparams force-mem-access 0
----------------End of Script----------------

19:55:16 INFO  : Context for processor 'ps7_cortexa9_0' is selected.
19:55:16 INFO  : 'con' command is executed.
19:55:16 INFO  : ----------------XSDB Script (After Launch)----------------
targets -set -nocase -filter {name =~ "*A9*#0"}
con
----------------End of Script----------------

19:55:16 INFO  : Launch script is exported to file 'C:\Users\juan_\Desktop\zybo_128_vitis\euc128vitis_system\_ide\scripts\debugger_euc128vitis-default.tcl'
19:57:27 INFO  : Checking for BSP changes to sync application flags for project 'euc128vitis'...
19:57:30 ERROR : (XSDB Server)ERROR: [Hsi 55-1571] The design file C:/Users/juan_/Desktop/zybo_128_vitis/euc128/export/euc128/hw/euc128.xsa is already opened

19:57:39 INFO  : Connected to target on host '127.0.0.1' and port '3121'.
19:57:39 INFO  : 'targets -set -filter {jtag_cable_name =~ "Digilent Zybo 210279A427BAA" && level==0 && jtag_device_ctx=="jsn-Zybo-210279A427BAA-13722093-0"}' command is executed.
19:57:40 INFO  : Device configured successfully with "C:/Users/juan_/Desktop/zybo_128_vitis/euc128vitis/_ide/bitstream/euc128.bit"
19:57:47 INFO  : Disconnected from the channel tcfchan#13.
19:57:48 INFO  : Connected to target on host '127.0.0.1' and port '3121'.
19:57:49 INFO  : ----------------XSDB Script----------------
connect -url tcp:127.0.0.1:3121
----------------End of Script----------------

19:57:49 ERROR : Could not find FPGA device on the board for connection 'Local'.


Troubleshooting hints:
1. Check whether board is connected to system properly.
2. In case of zynq board, check whether Digilent/Xilinx cable switch settings are correct.
3. If you are using Xilinx Platform Cable USB, ensure that status LED is green.
19:57:55 INFO  : Connected to target on host '127.0.0.1' and port '3121'.
19:57:55 INFO  : Jtag cable 'Digilent Zybo 210279A427BAA' is selected.
19:57:55 INFO  : 'jtag frequency' command is executed.
19:57:55 INFO  : Context for 'APU' is selected.
19:57:55 INFO  : System reset is completed.
19:57:58 INFO  : 'after 3000' command is executed.
19:57:58 INFO  : 'targets -set -filter {jtag_cable_name =~ "Digilent Zybo 210279A427BAA" && level==0 && jtag_device_ctx=="jsn-Zybo-210279A427BAA-13722093-0"}' command is executed.
19:58:00 INFO  : Device configured successfully with "C:/Users/juan_/Desktop/zybo_128_vitis/euc128vitis/_ide/bitstream/euc128.bit"
19:58:00 INFO  : Context for 'APU' is selected.
19:58:03 INFO  : Hardware design and registers information is loaded from 'C:/Users/juan_/Desktop/zybo_128_vitis/euc128/export/euc128/hw/euc128.xsa'.
19:58:03 INFO  : 'configparams force-mem-access 1' command is executed.
19:58:03 INFO  : Context for 'APU' is selected.
19:58:03 INFO  : Sourcing of 'C:/Users/juan_/Desktop/zybo_128_vitis/euc128vitis/_ide/psinit/ps7_init.tcl' is done.
19:58:03 INFO  : 'ps7_init' command is executed.
19:58:03 INFO  : 'ps7_post_config' command is executed.
19:58:03 INFO  : Context for processor 'ps7_cortexa9_0' is selected.
19:58:03 INFO  : The application 'C:/Users/juan_/Desktop/zybo_128_vitis/euc128vitis/Debug/euc128vitis.elf' is downloaded to processor 'ps7_cortexa9_0'.
19:58:03 INFO  : 'configparams force-mem-access 0' command is executed.
19:58:03 INFO  : ----------------XSDB Script----------------
connect -url tcp:127.0.0.1:3121
targets -set -nocase -filter {name =~"APU*"}
rst -system
after 3000
targets -set -filter {jtag_cable_name =~ "Digilent Zybo 210279A427BAA" && level==0 && jtag_device_ctx=="jsn-Zybo-210279A427BAA-13722093-0"}
fpga -file C:/Users/juan_/Desktop/zybo_128_vitis/euc128vitis/_ide/bitstream/euc128.bit
targets -set -nocase -filter {name =~"APU*"}
loadhw -hw C:/Users/juan_/Desktop/zybo_128_vitis/euc128/export/euc128/hw/euc128.xsa -mem-ranges [list {0x40000000 0xbfffffff}] -regs
configparams force-mem-access 1
targets -set -nocase -filter {name =~"APU*"}
source C:/Users/juan_/Desktop/zybo_128_vitis/euc128vitis/_ide/psinit/ps7_init.tcl
ps7_init
ps7_post_config
targets -set -nocase -filter {name =~ "*A9*#0"}
dow C:/Users/juan_/Desktop/zybo_128_vitis/euc128vitis/Debug/euc128vitis.elf
configparams force-mem-access 0
----------------End of Script----------------

19:58:04 INFO  : Context for processor 'ps7_cortexa9_0' is selected.
19:58:04 INFO  : 'con' command is executed.
19:58:04 INFO  : ----------------XSDB Script (After Launch)----------------
targets -set -nocase -filter {name =~ "*A9*#0"}
con
----------------End of Script----------------

19:58:04 INFO  : Launch script is exported to file 'C:\Users\juan_\Desktop\zybo_128_vitis\euc128vitis_system\_ide\scripts\debugger_euc128vitis-default.tcl'
