01:45:51 INFO  : Platform repository initialization has completed.
01:45:51 INFO  : Registering command handlers for Vitis TCF services
01:45:51 INFO  : Launching XSCT server: xsct.bat -n  -interactive C:\Users\juan_\Documents\FPGA\JA-RM-IPD432\zybi16_vitis_float_concat\temp_xsdb_launch_script.tcl
01:45:54 INFO  : XSCT server has started successfully.
01:45:56 INFO  : plnx-install-location is set to ''
01:45:56 INFO  : Successfully done setting XSCT server connection channel  
01:45:56 INFO  : Successfully done query RDI_DATADIR 
01:45:56 INFO  : Successfully done setting workspace for the tool. 
01:47:40 INFO  : Result from executing command 'getProjects': zybo16float_concat
01:47:40 INFO  : Result from executing command 'getPlatforms': 
01:47:40 WARN  : An unexpected exception occurred in the module 'platform project logging'
01:47:40 INFO  : Platform 'zybo16float_concat' is added to custom repositories.
01:47:52 INFO  : Platform 'zybo16float_concat' is added to custom repositories.
02:00:28 INFO  : Result from executing command 'getProjects': zybo16float_concat
02:00:28 INFO  : Result from executing command 'getPlatforms': zybo16float_concat|C:/Users/juan_/Documents/FPGA/JA-RM-IPD432/zybi16_vitis_float_concat/zybo16float_concat/export/zybo16float_concat/zybo16float_concat.xpfm
02:00:28 INFO  : Checking for BSP changes to sync application flags for project 'euc16float_concat'...
02:00:50 INFO  : Checking for BSP changes to sync application flags for project 'euc16float_concat'...
02:01:00 INFO  : Checking for BSP changes to sync application flags for project 'euc16float_concat'...
02:01:14 INFO  : Checking for BSP changes to sync application flags for project 'euc16float_concat'...
02:01:16 INFO  : Checking for BSP changes to sync application flags for project 'euc16float_concat'...
02:02:44 INFO  : Checking for BSP changes to sync application flags for project 'euc16float_concat'...
02:02:48 INFO  : Checking for BSP changes to sync application flags for project 'euc16float_concat'...
02:03:19 INFO  : Checking for BSP changes to sync application flags for project 'euc16float_concat'...
02:04:00 INFO  : Checking for BSP changes to sync application flags for project 'euc16float_concat'...
02:04:14 INFO  : Connected to target on host '127.0.0.1' and port '3121'.
02:04:14 INFO  : 'targets -set -filter {jtag_cable_name =~ "Digilent Zybo 210279A427BAA" && level==0 && jtag_device_ctx=="jsn-Zybo-210279A427BAA-13722093-0"}' command is executed.
02:04:15 INFO  : Device configured successfully with "C:/Users/juan_/Documents/FPGA/JA-RM-IPD432/zybi16_vitis_float_concat/euc16float_concat/_ide/bitstream/zybo16float_concat.bit"
02:04:27 INFO  : Connected to target on host '127.0.0.1' and port '3121'.
02:04:27 INFO  : Jtag cable 'Digilent Zybo 210279A427BAA' is selected.
02:04:27 INFO  : 'jtag frequency' command is executed.
02:04:27 INFO  : Context for 'APU' is selected.
02:04:27 INFO  : System reset is completed.
02:04:30 INFO  : 'after 3000' command is executed.
02:04:30 INFO  : 'targets -set -filter {jtag_cable_name =~ "Digilent Zybo 210279A427BAA" && level==0 && jtag_device_ctx=="jsn-Zybo-210279A427BAA-13722093-0"}' command is executed.
02:04:31 INFO  : Device configured successfully with "C:/Users/juan_/Documents/FPGA/JA-RM-IPD432/zybi16_vitis_float_concat/euc16float_concat/_ide/bitstream/zybo16float_concat.bit"
02:04:32 INFO  : Context for 'APU' is selected.
02:04:32 INFO  : Hardware design and registers information is loaded from 'C:/Users/juan_/Documents/FPGA/JA-RM-IPD432/zybi16_vitis_float_concat/zybo16float_concat/export/zybo16float_concat/hw/zybo16float_concat.xsa'.
02:04:32 INFO  : 'configparams force-mem-access 1' command is executed.
02:04:32 INFO  : Context for 'APU' is selected.
02:04:32 INFO  : Sourcing of 'C:/Users/juan_/Documents/FPGA/JA-RM-IPD432/zybi16_vitis_float_concat/euc16float_concat/_ide/psinit/ps7_init.tcl' is done.
02:04:32 INFO  : 'ps7_init' command is executed.
02:04:32 INFO  : 'ps7_post_config' command is executed.
02:04:32 INFO  : Context for processor 'ps7_cortexa9_0' is selected.
02:04:32 INFO  : The application 'C:/Users/juan_/Documents/FPGA/JA-RM-IPD432/zybi16_vitis_float_concat/euc16float_concat/Debug/euc16float_concat.elf' is downloaded to processor 'ps7_cortexa9_0'.
02:04:33 INFO  : 'configparams force-mem-access 0' command is executed.
02:04:33 INFO  : ----------------XSDB Script----------------
connect -url tcp:127.0.0.1:3121
targets -set -nocase -filter {name =~"APU*"}
rst -system
after 3000
targets -set -filter {jtag_cable_name =~ "Digilent Zybo 210279A427BAA" && level==0 && jtag_device_ctx=="jsn-Zybo-210279A427BAA-13722093-0"}
fpga -file C:/Users/juan_/Documents/FPGA/JA-RM-IPD432/zybi16_vitis_float_concat/euc16float_concat/_ide/bitstream/zybo16float_concat.bit
targets -set -nocase -filter {name =~"APU*"}
loadhw -hw C:/Users/juan_/Documents/FPGA/JA-RM-IPD432/zybi16_vitis_float_concat/zybo16float_concat/export/zybo16float_concat/hw/zybo16float_concat.xsa -mem-ranges [list {0x40000000 0xbfffffff}] -regs
configparams force-mem-access 1
targets -set -nocase -filter {name =~"APU*"}
source C:/Users/juan_/Documents/FPGA/JA-RM-IPD432/zybi16_vitis_float_concat/euc16float_concat/_ide/psinit/ps7_init.tcl
ps7_init
ps7_post_config
targets -set -nocase -filter {name =~ "*A9*#0"}
dow C:/Users/juan_/Documents/FPGA/JA-RM-IPD432/zybi16_vitis_float_concat/euc16float_concat/Debug/euc16float_concat.elf
configparams force-mem-access 0
----------------End of Script----------------

02:04:33 INFO  : Context for processor 'ps7_cortexa9_0' is selected.
02:04:33 INFO  : 'con' command is executed.
02:04:33 INFO  : ----------------XSDB Script (After Launch)----------------
targets -set -nocase -filter {name =~ "*A9*#0"}
con
----------------End of Script----------------

02:04:33 INFO  : Launch script is exported to file 'C:\Users\juan_\Documents\FPGA\JA-RM-IPD432\zybi16_vitis_float_concat\euc16float_concat_system\_ide\scripts\debugger_euc16float_concat-default.tcl'
02:07:51 INFO  : Checking for BSP changes to sync application flags for project 'euc16float_concat'...
02:08:02 INFO  : Disconnected from the channel tcfchan#2.
02:08:03 INFO  : Connected to target on host '127.0.0.1' and port '3121'.
02:08:12 INFO  : ----------------XSDB Script----------------
connect -url tcp:127.0.0.1:3121
----------------End of Script----------------

02:08:12 ERROR : Could not find ARM device on the board for connection 'Local'.
Check if the target is in:
1. Split JTAG - No operations are possible with ARM DAP.
2. Non JTAG bootmode - Bootrom may need time to enable DAP.
Please try again.


Troubleshooting hints:
1. Check whether board is connected to system properly.
2. In case of zynq board, check whether Digilent/Xilinx cable switch settings are correct.
3. If you are using Xilinx Platform Cable USB, ensure that status LED is green.
02:08:16 INFO  : Connected to target on host '127.0.0.1' and port '3121'.
02:08:17 INFO  : Jtag cable 'Digilent Zybo 210279A427BAA' is selected.
02:08:17 INFO  : 'jtag frequency' command is executed.
02:08:17 INFO  : Context for 'APU' is selected.
02:08:17 INFO  : System reset is completed.
02:08:20 INFO  : 'after 3000' command is executed.
02:08:20 INFO  : 'targets -set -filter {jtag_cable_name =~ "Digilent Zybo 210279A427BAA" && level==0 && jtag_device_ctx=="jsn-Zybo-210279A427BAA-13722093-0"}' command is executed.
02:08:21 INFO  : Device configured successfully with "C:/Users/juan_/Documents/FPGA/JA-RM-IPD432/zybi16_vitis_float_concat/euc16float_concat/_ide/bitstream/zybo16float_concat.bit"
02:08:21 INFO  : Context for 'APU' is selected.
02:08:21 INFO  : Hardware design and registers information is loaded from 'C:/Users/juan_/Documents/FPGA/JA-RM-IPD432/zybi16_vitis_float_concat/zybo16float_concat/export/zybo16float_concat/hw/zybo16float_concat.xsa'.
02:08:21 INFO  : 'configparams force-mem-access 1' command is executed.
02:08:21 INFO  : Context for 'APU' is selected.
02:08:21 INFO  : Sourcing of 'C:/Users/juan_/Documents/FPGA/JA-RM-IPD432/zybi16_vitis_float_concat/euc16float_concat/_ide/psinit/ps7_init.tcl' is done.
02:08:21 INFO  : 'ps7_init' command is executed.
02:08:21 INFO  : 'ps7_post_config' command is executed.
02:08:22 INFO  : Context for processor 'ps7_cortexa9_0' is selected.
02:08:22 INFO  : The application 'C:/Users/juan_/Documents/FPGA/JA-RM-IPD432/zybi16_vitis_float_concat/euc16float_concat/Debug/euc16float_concat.elf' is downloaded to processor 'ps7_cortexa9_0'.
02:08:22 INFO  : 'configparams force-mem-access 0' command is executed.
02:08:22 INFO  : ----------------XSDB Script----------------
connect -url tcp:127.0.0.1:3121
targets -set -nocase -filter {name =~"APU*"}
rst -system
after 3000
targets -set -filter {jtag_cable_name =~ "Digilent Zybo 210279A427BAA" && level==0 && jtag_device_ctx=="jsn-Zybo-210279A427BAA-13722093-0"}
fpga -file C:/Users/juan_/Documents/FPGA/JA-RM-IPD432/zybi16_vitis_float_concat/euc16float_concat/_ide/bitstream/zybo16float_concat.bit
targets -set -nocase -filter {name =~"APU*"}
loadhw -hw C:/Users/juan_/Documents/FPGA/JA-RM-IPD432/zybi16_vitis_float_concat/zybo16float_concat/export/zybo16float_concat/hw/zybo16float_concat.xsa -mem-ranges [list {0x40000000 0xbfffffff}] -regs
configparams force-mem-access 1
targets -set -nocase -filter {name =~"APU*"}
source C:/Users/juan_/Documents/FPGA/JA-RM-IPD432/zybi16_vitis_float_concat/euc16float_concat/_ide/psinit/ps7_init.tcl
ps7_init
ps7_post_config
targets -set -nocase -filter {name =~ "*A9*#0"}
dow C:/Users/juan_/Documents/FPGA/JA-RM-IPD432/zybi16_vitis_float_concat/euc16float_concat/Debug/euc16float_concat.elf
configparams force-mem-access 0
----------------End of Script----------------

02:08:22 INFO  : Context for processor 'ps7_cortexa9_0' is selected.
02:08:22 INFO  : 'con' command is executed.
02:08:22 INFO  : ----------------XSDB Script (After Launch)----------------
targets -set -nocase -filter {name =~ "*A9*#0"}
con
----------------End of Script----------------

02:08:22 INFO  : Launch script is exported to file 'C:\Users\juan_\Documents\FPGA\JA-RM-IPD432\zybi16_vitis_float_concat\euc16float_concat_system\_ide\scripts\debugger_euc16float_concat-default.tcl'
02:09:44 INFO  : Disconnected from the channel tcfchan#3.
02:09:45 INFO  : Connected to target on host '127.0.0.1' and port '3121'.
02:09:48 INFO  : ----------------XSDB Script----------------
connect -url tcp:127.0.0.1:3121
----------------End of Script----------------

02:09:48 ERROR : Could not find FPGA device on the board for connection 'Local'.


Troubleshooting hints:
1. Check whether board is connected to system properly.
2. In case of zynq board, check whether Digilent/Xilinx cable switch settings are correct.
3. If you are using Xilinx Platform Cable USB, ensure that status LED is green.
02:09:52 INFO  : Connected to target on host '127.0.0.1' and port '3121'.
02:09:52 INFO  : Jtag cable 'Digilent Zybo 210279A427BAA' is selected.
02:09:52 INFO  : 'jtag frequency' command is executed.
02:09:52 INFO  : Context for 'APU' is selected.
02:09:52 INFO  : System reset is completed.
02:09:55 INFO  : 'after 3000' command is executed.
02:09:55 INFO  : 'targets -set -filter {jtag_cable_name =~ "Digilent Zybo 210279A427BAA" && level==0 && jtag_device_ctx=="jsn-Zybo-210279A427BAA-13722093-0"}' command is executed.
02:09:56 INFO  : Device configured successfully with "C:/Users/juan_/Documents/FPGA/JA-RM-IPD432/zybi16_vitis_float_concat/euc16float_concat/_ide/bitstream/zybo16float_concat.bit"
02:09:56 INFO  : Context for 'APU' is selected.
02:09:56 INFO  : Hardware design and registers information is loaded from 'C:/Users/juan_/Documents/FPGA/JA-RM-IPD432/zybi16_vitis_float_concat/zybo16float_concat/export/zybo16float_concat/hw/zybo16float_concat.xsa'.
02:09:56 INFO  : 'configparams force-mem-access 1' command is executed.
02:09:56 INFO  : Context for 'APU' is selected.
02:09:56 INFO  : Sourcing of 'C:/Users/juan_/Documents/FPGA/JA-RM-IPD432/zybi16_vitis_float_concat/euc16float_concat/_ide/psinit/ps7_init.tcl' is done.
02:09:57 INFO  : 'ps7_init' command is executed.
02:09:57 INFO  : 'ps7_post_config' command is executed.
02:09:57 INFO  : Context for processor 'ps7_cortexa9_0' is selected.
02:09:57 INFO  : The application 'C:/Users/juan_/Documents/FPGA/JA-RM-IPD432/zybi16_vitis_float_concat/euc16float_concat/Debug/euc16float_concat.elf' is downloaded to processor 'ps7_cortexa9_0'.
02:09:57 INFO  : 'configparams force-mem-access 0' command is executed.
02:09:57 INFO  : ----------------XSDB Script----------------
connect -url tcp:127.0.0.1:3121
targets -set -nocase -filter {name =~"APU*"}
rst -system
after 3000
targets -set -filter {jtag_cable_name =~ "Digilent Zybo 210279A427BAA" && level==0 && jtag_device_ctx=="jsn-Zybo-210279A427BAA-13722093-0"}
fpga -file C:/Users/juan_/Documents/FPGA/JA-RM-IPD432/zybi16_vitis_float_concat/euc16float_concat/_ide/bitstream/zybo16float_concat.bit
targets -set -nocase -filter {name =~"APU*"}
loadhw -hw C:/Users/juan_/Documents/FPGA/JA-RM-IPD432/zybi16_vitis_float_concat/zybo16float_concat/export/zybo16float_concat/hw/zybo16float_concat.xsa -mem-ranges [list {0x40000000 0xbfffffff}] -regs
configparams force-mem-access 1
targets -set -nocase -filter {name =~"APU*"}
source C:/Users/juan_/Documents/FPGA/JA-RM-IPD432/zybi16_vitis_float_concat/euc16float_concat/_ide/psinit/ps7_init.tcl
ps7_init
ps7_post_config
targets -set -nocase -filter {name =~ "*A9*#0"}
dow C:/Users/juan_/Documents/FPGA/JA-RM-IPD432/zybi16_vitis_float_concat/euc16float_concat/Debug/euc16float_concat.elf
configparams force-mem-access 0
----------------End of Script----------------

02:09:57 INFO  : Context for processor 'ps7_cortexa9_0' is selected.
02:09:57 INFO  : 'con' command is executed.
02:09:57 INFO  : ----------------XSDB Script (After Launch)----------------
targets -set -nocase -filter {name =~ "*A9*#0"}
con
----------------End of Script----------------

02:09:57 INFO  : Launch script is exported to file 'C:\Users\juan_\Documents\FPGA\JA-RM-IPD432\zybi16_vitis_float_concat\euc16float_concat_system\_ide\scripts\debugger_euc16float_concat-default.tcl'
02:27:48 INFO  : Disconnected from the channel tcfchan#4.
